-- Found ament_cmake: 1.3.11 (/opt/ros/humble/share/ament_cmake/cmake)
-- Found Python3: /usr/bin/python3 (found version "3.10.12") found components: Interpreter 
-- Override CMake install command with custom implementation using symlinks instead of copying resources
-- Found rclcpp: 16.0.12 (/opt/ros/humble/share/rclcpp/cmake)
-- Found rosidl_generator_c: 3.1.6 (/opt/ros/humble/share/rosidl_generator_c/cmake)
-- Found rosidl_adapter: 3.1.6 (/opt/ros/humble/share/rosidl_adapter/cmake)
-- Found rosidl_generator_cpp: 3.1.6 (/opt/ros/humble/share/rosidl_generator_cpp/cmake)
-- Using all available rosidl_typesupport_c: rosidl_typesupport_fastrtps_c;rosidl_typesupport_introspection_c
-- Using all available rosidl_typesupport_cpp: rosidl_typesupport_fastrtps_cpp;rosidl_typesupport_introspection_cpp
-- Found rmw_implementation_cmake: 6.1.2 (/opt/ros/humble/share/rmw_implementation_cmake/cmake)
-- Found rmw_fastrtps_cpp: 6.2.7 (/opt/ros/humble/share/rmw_fastrtps_cpp/cmake)
-- Found OpenSSL: /usr/lib/x86_64-linux-gnu/libcrypto.so (found version "3.0.2")  
-- Found FastRTPS: /opt/ros/humble/include  
-- Using RMW implementation 'rmw_fastrtps_cpp' as default
-- Looking for pthread.h
-- Looking for pthread.h - found
-- Performing Test CMAKE_HAVE_LIBC_PTHREAD
-- Performing Test CMAKE_HAVE_LIBC_PTHREAD - Success
-- Found Threads: TRUE  
-- Found sensor_msgs: 4.8.0 (/opt/ros/humble/share/sensor_msgs/cmake)
-- Found PkgConfig: /usr/bin/pkg-config (found version "0.29.2") 
-- Checking for module 'libzmq'
--   Found libzmq, version 4.3.4
-- Configuring done
-- Generating done
-- Build files have been written to: /home/wrs/factr_ws/build/franka_zmq_controller
[ 50%] [32mBuilding CXX object CMakeFiles/franka_zmq_controller_node.dir/src/controller_node.cpp.o[0m
[100%] [32m[1mLinking CXX executable franka_zmq_controller_node[0m
[100%] Built target franka_zmq_controller_node
-- Install configuration: ""
-- Execute custom install script
-- Symlinking: /home/wrs/factr_ws/install/franka_zmq_controller/lib/franka_zmq_controller/franka_zmq_controller_node
-- Symlinking: /home/wrs/factr_ws/install/franka_zmq_controller/share/ament_index/resource_index/package_run_dependencies/franka_zmq_controller
-- Symlinking: /home/wrs/factr_ws/install/franka_zmq_controller/share/ament_index/resource_index/parent_prefix_path/franka_zmq_controller
-- Symlinking: /home/wrs/factr_ws/install/franka_zmq_controller/share/franka_zmq_controller/environment/ament_prefix_path.sh
-- Symlinking: /home/wrs/factr_ws/install/franka_zmq_controller/share/franka_zmq_controller/environment/ament_prefix_path.dsv
-- Symlinking: /home/wrs/factr_ws/install/franka_zmq_controller/share/franka_zmq_controller/environment/path.sh
-- Symlinking: /home/wrs/factr_ws/install/franka_zmq_controller/share/franka_zmq_controller/environment/path.dsv
-- Symlinking: /home/wrs/factr_ws/install/franka_zmq_controller/share/franka_zmq_controller/local_setup.bash
-- Symlinking: /home/wrs/factr_ws/install/franka_zmq_controller/share/franka_zmq_controller/local_setup.sh
-- Symlinking: /home/wrs/factr_ws/install/franka_zmq_controller/share/franka_zmq_controller/local_setup.zsh
-- Symlinking: /home/wrs/factr_ws/install/franka_zmq_controller/share/franka_zmq_controller/local_setup.dsv
-- Symlinking: /home/wrs/factr_ws/install/franka_zmq_controller/share/franka_zmq_controller/package.dsv
-- Symlinking: /home/wrs/factr_ws/install/franka_zmq_controller/share/ament_index/resource_index/packages/franka_zmq_controller
-- Symlinking: /home/wrs/factr_ws/install/franka_zmq_controller/share/franka_zmq_controller/cmake/franka_zmq_controllerConfig.cmake
-- Symlinking: /home/wrs/factr_ws/install/franka_zmq_controller/share/franka_zmq_controller/cmake/franka_zmq_controllerConfig-version.cmake
-- Symlinking: /home/wrs/factr_ws/install/franka_zmq_controller/share/franka_zmq_controller/package.xml
