[0.108s] DEBUG:colcon:Command line arguments: ['/usr/bin/colcon', 'build', '--symlink-install']
[0.108s] DEBUG:colcon:Parsed command line arguments: Namespace(log_base=None, log_level=None, verb_name='build', build_base='build', install_base='install', merge_install=False, symlink_install=True, test_result_base=None, continue_on_error=False, executor='parallel', parallel_workers=6, event_handlers=None, ignore_user_meta=False, metas=['./colcon.meta'], base_paths=['.'], packages_ignore=None, packages_ignore_regex=None, paths=None, packages_up_to=None, packages_up_to_regex=None, packages_above=None, packages_above_and_dependencies=None, packages_above_depth=None, packages_select_by_dep=None, packages_skip_by_dep=None, packages_skip_up_to=None, packages_select_build_failed=False, packages_skip_build_finished=False, packages_select_test_failures=False, packages_skip_test_passed=False, packages_select=None, packages_skip=None, packages_select_regex=None, packages_skip_regex=None, packages_start=None, packages_end=None, allow_overriding=[], cmake_args=None, cmake_target=None, cmake_target_skip_unavailable=False, cmake_clean_cache=False, cmake_clean_first=False, cmake_force_configure=False, ament_cmake_args=None, catkin_cmake_args=None, catkin_skip_building_tests=False, mixin_files=None, mixin=None, verb_parser=<colcon_mixin.mixin.mixin_argument.MixinArgumentDecorator object at 0x7fe8ed05d510>, verb_extension=<colcon_core.verb.build.BuildVerb object at 0x7fe8ed05d030>, main=<bound method BuildVerb.main of <colcon_core.verb.build.BuildVerb object at 0x7fe8ed05d030>>, mixin_verb=('build',))
[0.294s] Level 1:colcon.colcon_core.package_discovery:discover_packages(colcon_meta) check parameters
[0.294s] Level 1:colcon.colcon_core.package_discovery:discover_packages(recursive) check parameters
[0.294s] Level 1:colcon.colcon_core.package_discovery:discover_packages(ignore) check parameters
[0.294s] Level 1:colcon.colcon_core.package_discovery:discover_packages(path) check parameters
[0.294s] Level 1:colcon.colcon_core.package_discovery:discover_packages(colcon_meta) discover
[0.294s] Level 1:colcon.colcon_core.package_discovery:discover_packages(recursive) discover
[0.295s] INFO:colcon.colcon_core.package_discovery:Crawling recursively for packages in '/home/wrs/factr_ws'
[0.295s] Level 1:colcon.colcon_core.package_identification:_identify(.) by extensions ['ignore', 'ignore_ament_install']
[0.295s] Level 1:colcon.colcon_core.package_identification:_identify(.) by extension 'ignore'
[0.295s] Level 1:colcon.colcon_core.package_identification:_identify(.) by extension 'ignore_ament_install'
[0.295s] Level 1:colcon.colcon_core.package_identification:_identify(.) by extensions ['colcon_pkg']
[0.295s] Level 1:colcon.colcon_core.package_identification:_identify(.) by extension 'colcon_pkg'
[0.295s] Level 1:colcon.colcon_core.package_identification:_identify(.) by extensions ['colcon_meta']
[0.295s] Level 1:colcon.colcon_core.package_identification:_identify(.) by extension 'colcon_meta'
[0.295s] Level 1:colcon.colcon_core.package_identification:_identify(.) by extensions ['ros']
[0.295s] Level 1:colcon.colcon_core.package_identification:_identify(.) by extension 'ros'
[0.306s] Level 1:colcon.colcon_core.package_identification:_identify(.) by extensions ['cmake', 'python']
[0.307s] Level 1:colcon.colcon_core.package_identification:_identify(.) by extension 'cmake'
[0.307s] Level 1:colcon.colcon_core.package_identification:_identify(.) by extension 'python'
[0.307s] Level 1:colcon.colcon_core.package_identification:_identify(.) by extensions ['python_setup_py']
[0.307s] Level 1:colcon.colcon_core.package_identification:_identify(.) by extension 'python_setup_py'
[0.307s] Level 1:colcon.colcon_core.package_identification:_identify(build) by extensions ['ignore', 'ignore_ament_install']
[0.307s] Level 1:colcon.colcon_core.package_identification:_identify(build) by extension 'ignore'
[0.307s] Level 1:colcon.colcon_core.package_identification:_identify(build) ignored
[0.307s] Level 1:colcon.colcon_core.package_identification:_identify(install) by extensions ['ignore', 'ignore_ament_install']
[0.307s] Level 1:colcon.colcon_core.package_identification:_identify(install) by extension 'ignore'
[0.307s] Level 1:colcon.colcon_core.package_identification:_identify(install) ignored
[0.307s] Level 1:colcon.colcon_core.package_identification:_identify(log) by extensions ['ignore', 'ignore_ament_install']
[0.307s] Level 1:colcon.colcon_core.package_identification:_identify(log) by extension 'ignore'
[0.307s] Level 1:colcon.colcon_core.package_identification:_identify(log) ignored
[0.308s] Level 1:colcon.colcon_core.package_identification:_identify(src) by extensions ['ignore', 'ignore_ament_install']
[0.308s] Level 1:colcon.colcon_core.package_identification:_identify(src) by extension 'ignore'
[0.308s] Level 1:colcon.colcon_core.package_identification:_identify(src) by extension 'ignore_ament_install'
[0.308s] Level 1:colcon.colcon_core.package_identification:_identify(src) by extensions ['colcon_pkg']
[0.308s] Level 1:colcon.colcon_core.package_identification:_identify(src) by extension 'colcon_pkg'
[0.308s] Level 1:colcon.colcon_core.package_identification:_identify(src) by extensions ['colcon_meta']
[0.308s] Level 1:colcon.colcon_core.package_identification:_identify(src) by extension 'colcon_meta'
[0.308s] Level 1:colcon.colcon_core.package_identification:_identify(src) by extensions ['ros']
[0.308s] Level 1:colcon.colcon_core.package_identification:_identify(src) by extension 'ros'
[0.308s] Level 1:colcon.colcon_core.package_identification:_identify(src) by extensions ['cmake', 'python']
[0.308s] Level 1:colcon.colcon_core.package_identification:_identify(src) by extension 'cmake'
[0.308s] Level 1:colcon.colcon_core.package_identification:_identify(src) by extension 'python'
[0.308s] Level 1:colcon.colcon_core.package_identification:_identify(src) by extensions ['python_setup_py']
[0.308s] Level 1:colcon.colcon_core.package_identification:_identify(src) by extension 'python_setup_py'
[0.308s] Level 1:colcon.colcon_core.package_identification:_identify(src/bc) by extensions ['ignore', 'ignore_ament_install']
[0.308s] Level 1:colcon.colcon_core.package_identification:_identify(src/bc) by extension 'ignore'
[0.308s] Level 1:colcon.colcon_core.package_identification:_identify(src/bc) by extension 'ignore_ament_install'
[0.308s] Level 1:colcon.colcon_core.package_identification:_identify(src/bc) by extensions ['colcon_pkg']
[0.308s] Level 1:colcon.colcon_core.package_identification:_identify(src/bc) by extension 'colcon_pkg'
[0.309s] Level 1:colcon.colcon_core.package_identification:_identify(src/bc) by extensions ['colcon_meta']
[0.309s] Level 1:colcon.colcon_core.package_identification:_identify(src/bc) by extension 'colcon_meta'
[0.309s] Level 1:colcon.colcon_core.package_identification:_identify(src/bc) by extensions ['ros']
[0.309s] Level 1:colcon.colcon_core.package_identification:_identify(src/bc) by extension 'ros'
[0.311s] DEBUG:colcon.colcon_core.package_identification:Package 'src/bc' with type 'ros.ament_python' and name 'bc'
[0.311s] Level 1:colcon.colcon_core.package_identification:_identify(src/cameras) by extensions ['ignore', 'ignore_ament_install']
[0.311s] Level 1:colcon.colcon_core.package_identification:_identify(src/cameras) by extension 'ignore'
[0.311s] Level 1:colcon.colcon_core.package_identification:_identify(src/cameras) by extension 'ignore_ament_install'
[0.311s] Level 1:colcon.colcon_core.package_identification:_identify(src/cameras) by extensions ['colcon_pkg']
[0.311s] Level 1:colcon.colcon_core.package_identification:_identify(src/cameras) by extension 'colcon_pkg'
[0.311s] Level 1:colcon.colcon_core.package_identification:_identify(src/cameras) by extensions ['colcon_meta']
[0.311s] Level 1:colcon.colcon_core.package_identification:_identify(src/cameras) by extension 'colcon_meta'
[0.311s] Level 1:colcon.colcon_core.package_identification:_identify(src/cameras) by extensions ['ros']
[0.311s] Level 1:colcon.colcon_core.package_identification:_identify(src/cameras) by extension 'ros'
[0.319s] DEBUG:colcon.colcon_core.package_identification:Package 'src/cameras' with type 'ros.ament_python' and name 'cameras'
[0.320s] Level 1:colcon.colcon_core.package_identification:_identify(src/factr_teleop) by extensions ['ignore', 'ignore_ament_install']
[0.320s] Level 1:colcon.colcon_core.package_identification:_identify(src/factr_teleop) by extension 'ignore'
[0.320s] Level 1:colcon.colcon_core.package_identification:_identify(src/factr_teleop) by extension 'ignore_ament_install'
[0.320s] Level 1:colcon.colcon_core.package_identification:_identify(src/factr_teleop) by extensions ['colcon_pkg']
[0.320s] Level 1:colcon.colcon_core.package_identification:_identify(src/factr_teleop) by extension 'colcon_pkg'
[0.320s] Level 1:colcon.colcon_core.package_identification:_identify(src/factr_teleop) by extensions ['colcon_meta']
[0.320s] Level 1:colcon.colcon_core.package_identification:_identify(src/factr_teleop) by extension 'colcon_meta'
[0.320s] Level 1:colcon.colcon_core.package_identification:_identify(src/factr_teleop) by extensions ['ros']
[0.320s] Level 1:colcon.colcon_core.package_identification:_identify(src/factr_teleop) by extension 'ros'
[0.320s] DEBUG:colcon.colcon_core.package_identification:Package 'src/factr_teleop' with type 'ros.ament_python' and name 'factr_teleop'
[0.321s] Level 1:colcon.colcon_core.package_identification:_identify(src/franka_zmq_controller) by extensions ['ignore', 'ignore_ament_install']
[0.321s] Level 1:colcon.colcon_core.package_identification:_identify(src/franka_zmq_controller) by extension 'ignore'
[0.321s] Level 1:colcon.colcon_core.package_identification:_identify(src/franka_zmq_controller) by extension 'ignore_ament_install'
[0.321s] Level 1:colcon.colcon_core.package_identification:_identify(src/franka_zmq_controller) by extensions ['colcon_pkg']
[0.321s] Level 1:colcon.colcon_core.package_identification:_identify(src/franka_zmq_controller) by extension 'colcon_pkg'
[0.321s] Level 1:colcon.colcon_core.package_identification:_identify(src/franka_zmq_controller) by extensions ['colcon_meta']
[0.321s] Level 1:colcon.colcon_core.package_identification:_identify(src/franka_zmq_controller) by extension 'colcon_meta'
[0.321s] Level 1:colcon.colcon_core.package_identification:_identify(src/franka_zmq_controller) by extensions ['ros']
[0.321s] Level 1:colcon.colcon_core.package_identification:_identify(src/franka_zmq_controller) by extension 'ros'
[0.322s] DEBUG:colcon.colcon_core.package_identification:Package 'src/franka_zmq_controller' with type 'ros.ament_cmake' and name 'franka_zmq_controller'
[0.322s] Level 1:colcon.colcon_core.package_identification:_identify(src/python_utils) by extensions ['ignore', 'ignore_ament_install']
[0.322s] Level 1:colcon.colcon_core.package_identification:_identify(src/python_utils) by extension 'ignore'
[0.322s] Level 1:colcon.colcon_core.package_identification:_identify(src/python_utils) by extension 'ignore_ament_install'
[0.322s] Level 1:colcon.colcon_core.package_identification:_identify(src/python_utils) by extensions ['colcon_pkg']
[0.322s] Level 1:colcon.colcon_core.package_identification:_identify(src/python_utils) by extension 'colcon_pkg'
[0.322s] Level 1:colcon.colcon_core.package_identification:_identify(src/python_utils) by extensions ['colcon_meta']
[0.322s] Level 1:colcon.colcon_core.package_identification:_identify(src/python_utils) by extension 'colcon_meta'
[0.322s] Level 1:colcon.colcon_core.package_identification:_identify(src/python_utils) by extensions ['ros']
[0.322s] Level 1:colcon.colcon_core.package_identification:_identify(src/python_utils) by extension 'ros'
[0.323s] DEBUG:colcon.colcon_core.package_identification:Package 'src/python_utils' with type 'ros.ament_python' and name 'python_utils'
[0.323s] Level 1:colcon.colcon_core.package_discovery:discover_packages(recursive) using defaults
[0.323s] Level 1:colcon.colcon_core.package_discovery:discover_packages(ignore) discover
[0.323s] Level 1:colcon.colcon_core.package_discovery:discover_packages(ignore) using defaults
[0.323s] Level 1:colcon.colcon_core.package_discovery:discover_packages(path) discover
[0.323s] Level 1:colcon.colcon_core.package_discovery:discover_packages(path) using defaults
[0.343s] Level 1:colcon.colcon_core.package_discovery:discover_packages(prefix_path) check parameters
[0.343s] Level 1:colcon.colcon_core.package_discovery:discover_packages(prefix_path) discover
[0.345s] DEBUG:colcon.colcon_installed_package_information.package_discovery:Found 5 installed packages in /home/wrs/factr_ws/install
[0.347s] DEBUG:colcon.colcon_installed_package_information.package_discovery:Found 352 installed packages in /opt/ros/humble
[0.348s] Level 1:colcon.colcon_core.package_discovery:discover_packages(prefix_path) using defaults
[0.393s] Level 5:colcon.colcon_core.verb:set package 'bc' build argument 'cmake_args' from command line to 'None'
[0.393s] Level 5:colcon.colcon_core.verb:set package 'bc' build argument 'cmake_target' from command line to 'None'
[0.393s] Level 5:colcon.colcon_core.verb:set package 'bc' build argument 'cmake_target_skip_unavailable' from command line to 'False'
[0.393s] Level 5:colcon.colcon_core.verb:set package 'bc' build argument 'cmake_clean_cache' from command line to 'False'
[0.393s] Level 5:colcon.colcon_core.verb:set package 'bc' build argument 'cmake_clean_first' from command line to 'False'
[0.393s] Level 5:colcon.colcon_core.verb:set package 'bc' build argument 'cmake_force_configure' from command line to 'False'
[0.393s] Level 5:colcon.colcon_core.verb:set package 'bc' build argument 'ament_cmake_args' from command line to 'None'
[0.394s] Level 5:colcon.colcon_core.verb:set package 'bc' build argument 'catkin_cmake_args' from command line to 'None'
[0.394s] Level 5:colcon.colcon_core.verb:set package 'bc' build argument 'catkin_skip_building_tests' from command line to 'False'
[0.394s] DEBUG:colcon.colcon_core.verb:Building package 'bc' with the following arguments: {'ament_cmake_args': None, 'build_base': '/home/wrs/factr_ws/build/bc', 'catkin_cmake_args': None, 'catkin_skip_building_tests': False, 'cmake_args': None, 'cmake_clean_cache': False, 'cmake_clean_first': False, 'cmake_force_configure': False, 'cmake_target': None, 'cmake_target_skip_unavailable': False, 'install_base': '/home/wrs/factr_ws/install/bc', 'merge_install': False, 'path': '/home/wrs/factr_ws/src/bc', 'symlink_install': True, 'test_result_base': None}
[0.394s] Level 5:colcon.colcon_core.verb:set package 'cameras' build argument 'cmake_args' from command line to 'None'
[0.394s] Level 5:colcon.colcon_core.verb:set package 'cameras' build argument 'cmake_target' from command line to 'None'
[0.394s] Level 5:colcon.colcon_core.verb:set package 'cameras' build argument 'cmake_target_skip_unavailable' from command line to 'False'
[0.394s] Level 5:colcon.colcon_core.verb:set package 'cameras' build argument 'cmake_clean_cache' from command line to 'False'
[0.394s] Level 5:colcon.colcon_core.verb:set package 'cameras' build argument 'cmake_clean_first' from command line to 'False'
[0.394s] Level 5:colcon.colcon_core.verb:set package 'cameras' build argument 'cmake_force_configure' from command line to 'False'
[0.394s] Level 5:colcon.colcon_core.verb:set package 'cameras' build argument 'ament_cmake_args' from command line to 'None'
[0.394s] Level 5:colcon.colcon_core.verb:set package 'cameras' build argument 'catkin_cmake_args' from command line to 'None'
[0.394s] Level 5:colcon.colcon_core.verb:set package 'cameras' build argument 'catkin_skip_building_tests' from command line to 'False'
[0.394s] DEBUG:colcon.colcon_core.verb:Building package 'cameras' with the following arguments: {'ament_cmake_args': None, 'build_base': '/home/wrs/factr_ws/build/cameras', 'catkin_cmake_args': None, 'catkin_skip_building_tests': False, 'cmake_args': None, 'cmake_clean_cache': False, 'cmake_clean_first': False, 'cmake_force_configure': False, 'cmake_target': None, 'cmake_target_skip_unavailable': False, 'install_base': '/home/wrs/factr_ws/install/cameras', 'merge_install': False, 'path': '/home/wrs/factr_ws/src/cameras', 'symlink_install': True, 'test_result_base': None}
[0.395s] Level 5:colcon.colcon_core.verb:set package 'factr_teleop' build argument 'cmake_args' from command line to 'None'
[0.395s] Level 5:colcon.colcon_core.verb:set package 'factr_teleop' build argument 'cmake_target' from command line to 'None'
[0.395s] Level 5:colcon.colcon_core.verb:set package 'factr_teleop' build argument 'cmake_target_skip_unavailable' from command line to 'False'
[0.395s] Level 5:colcon.colcon_core.verb:set package 'factr_teleop' build argument 'cmake_clean_cache' from command line to 'False'
[0.395s] Level 5:colcon.colcon_core.verb:set package 'factr_teleop' build argument 'cmake_clean_first' from command line to 'False'
[0.395s] Level 5:colcon.colcon_core.verb:set package 'factr_teleop' build argument 'cmake_force_configure' from command line to 'False'
[0.395s] Level 5:colcon.colcon_core.verb:set package 'factr_teleop' build argument 'ament_cmake_args' from command line to 'None'
[0.395s] Level 5:colcon.colcon_core.verb:set package 'factr_teleop' build argument 'catkin_cmake_args' from command line to 'None'
[0.395s] Level 5:colcon.colcon_core.verb:set package 'factr_teleop' build argument 'catkin_skip_building_tests' from command line to 'False'
[0.395s] DEBUG:colcon.colcon_core.verb:Building package 'factr_teleop' with the following arguments: {'ament_cmake_args': None, 'build_base': '/home/wrs/factr_ws/build/factr_teleop', 'catkin_cmake_args': None, 'catkin_skip_building_tests': False, 'cmake_args': None, 'cmake_clean_cache': False, 'cmake_clean_first': False, 'cmake_force_configure': False, 'cmake_target': None, 'cmake_target_skip_unavailable': False, 'install_base': '/home/wrs/factr_ws/install/factr_teleop', 'merge_install': False, 'path': '/home/wrs/factr_ws/src/factr_teleop', 'symlink_install': True, 'test_result_base': None}
[0.395s] Level 5:colcon.colcon_core.verb:set package 'franka_zmq_controller' build argument 'cmake_args' from command line to 'None'
[0.395s] Level 5:colcon.colcon_core.verb:set package 'franka_zmq_controller' build argument 'cmake_target' from command line to 'None'
[0.396s] Level 5:colcon.colcon_core.verb:set package 'franka_zmq_controller' build argument 'cmake_target_skip_unavailable' from command line to 'False'
[0.396s] Level 5:colcon.colcon_core.verb:set package 'franka_zmq_controller' build argument 'cmake_clean_cache' from command line to 'False'
[0.396s] Level 5:colcon.colcon_core.verb:set package 'franka_zmq_controller' build argument 'cmake_clean_first' from command line to 'False'
[0.396s] Level 5:colcon.colcon_core.verb:set package 'franka_zmq_controller' build argument 'cmake_force_configure' from command line to 'False'
[0.396s] Level 5:colcon.colcon_core.verb:set package 'franka_zmq_controller' build argument 'ament_cmake_args' from command line to 'None'
[0.396s] Level 5:colcon.colcon_core.verb:set package 'franka_zmq_controller' build argument 'catkin_cmake_args' from command line to 'None'
[0.396s] Level 5:colcon.colcon_core.verb:set package 'franka_zmq_controller' build argument 'catkin_skip_building_tests' from command line to 'False'
[0.396s] DEBUG:colcon.colcon_core.verb:Building package 'franka_zmq_controller' with the following arguments: {'ament_cmake_args': None, 'build_base': '/home/wrs/factr_ws/build/franka_zmq_controller', 'catkin_cmake_args': None, 'catkin_skip_building_tests': False, 'cmake_args': None, 'cmake_clean_cache': False, 'cmake_clean_first': False, 'cmake_force_configure': False, 'cmake_target': None, 'cmake_target_skip_unavailable': False, 'install_base': '/home/wrs/factr_ws/install/franka_zmq_controller', 'merge_install': False, 'path': '/home/wrs/factr_ws/src/franka_zmq_controller', 'symlink_install': True, 'test_result_base': None}
[0.396s] Level 5:colcon.colcon_core.verb:set package 'python_utils' build argument 'cmake_args' from command line to 'None'
[0.396s] Level 5:colcon.colcon_core.verb:set package 'python_utils' build argument 'cmake_target' from command line to 'None'
[0.396s] Level 5:colcon.colcon_core.verb:set package 'python_utils' build argument 'cmake_target_skip_unavailable' from command line to 'False'
[0.396s] Level 5:colcon.colcon_core.verb:set package 'python_utils' build argument 'cmake_clean_cache' from command line to 'False'
[0.396s] Level 5:colcon.colcon_core.verb:set package 'python_utils' build argument 'cmake_clean_first' from command line to 'False'
[0.396s] Level 5:colcon.colcon_core.verb:set package 'python_utils' build argument 'cmake_force_configure' from command line to 'False'
[0.396s] Level 5:colcon.colcon_core.verb:set package 'python_utils' build argument 'ament_cmake_args' from command line to 'None'
[0.396s] Level 5:colcon.colcon_core.verb:set package 'python_utils' build argument 'catkin_cmake_args' from command line to 'None'
[0.396s] Level 5:colcon.colcon_core.verb:set package 'python_utils' build argument 'catkin_skip_building_tests' from command line to 'False'
[0.396s] DEBUG:colcon.colcon_core.verb:Building package 'python_utils' with the following arguments: {'ament_cmake_args': None, 'build_base': '/home/wrs/factr_ws/build/python_utils', 'catkin_cmake_args': None, 'catkin_skip_building_tests': False, 'cmake_args': None, 'cmake_clean_cache': False, 'cmake_clean_first': False, 'cmake_force_configure': False, 'cmake_target': None, 'cmake_target_skip_unavailable': False, 'install_base': '/home/wrs/factr_ws/install/python_utils', 'merge_install': False, 'path': '/home/wrs/factr_ws/src/python_utils', 'symlink_install': True, 'test_result_base': None}
[0.397s] INFO:colcon.colcon_core.executor:Executing jobs using 'parallel' executor
[0.398s] DEBUG:colcon.colcon_parallel_executor.executor.parallel:run_until_complete
[0.398s] INFO:colcon.colcon_ros.task.ament_python.build:Building ROS package in '/home/wrs/factr_ws/src/bc' with build type 'ament_python'
[0.398s] Level 1:colcon.colcon_core.shell:create_environment_hook('bc', 'ament_prefix_path')
[0.400s] INFO:colcon.colcon_core.plugin_system:Skipping extension 'colcon_core.shell.bat': Not used on non-Windows systems
[0.400s] INFO:colcon.colcon_core.shell:Creating environment hook '/home/wrs/factr_ws/install/bc/share/bc/hook/ament_prefix_path.ps1'
[0.401s] INFO:colcon.colcon_core.shell:Creating environment descriptor '/home/wrs/factr_ws/install/bc/share/bc/hook/ament_prefix_path.dsv'
[0.402s] INFO:colcon.colcon_core.shell:Creating environment hook '/home/wrs/factr_ws/install/bc/share/bc/hook/ament_prefix_path.sh'
[0.402s] INFO:colcon.colcon_core.shell:Skip shell extension 'powershell' for command environment: Not usable outside of PowerShell
[0.402s] DEBUG:colcon.colcon_core.shell:Skip shell extension 'dsv' for command environment
[0.406s] INFO:colcon.colcon_ros.task.ament_python.build:Building ROS package in '/home/wrs/factr_ws/src/cameras' with build type 'ament_python'
[0.406s] Level 1:colcon.colcon_core.shell:create_environment_hook('cameras', 'ament_prefix_path')
[0.406s] INFO:colcon.colcon_core.shell:Creating environment hook '/home/wrs/factr_ws/install/cameras/share/cameras/hook/ament_prefix_path.ps1'
[0.407s] INFO:colcon.colcon_core.shell:Creating environment descriptor '/home/wrs/factr_ws/install/cameras/share/cameras/hook/ament_prefix_path.dsv'
[0.407s] INFO:colcon.colcon_core.shell:Creating environment hook '/home/wrs/factr_ws/install/cameras/share/cameras/hook/ament_prefix_path.sh'
[0.407s] INFO:colcon.colcon_core.shell:Skip shell extension 'powershell' for command environment: Not usable outside of PowerShell
[0.408s] DEBUG:colcon.colcon_core.shell:Skip shell extension 'dsv' for command environment
[0.410s] INFO:colcon.colcon_ros.task.ament_python.build:Building ROS package in '/home/wrs/factr_ws/src/factr_teleop' with build type 'ament_python'
[0.410s] Level 1:colcon.colcon_core.shell:create_environment_hook('factr_teleop', 'ament_prefix_path')
[0.411s] INFO:colcon.colcon_core.shell:Creating environment hook '/home/wrs/factr_ws/install/factr_teleop/share/factr_teleop/hook/ament_prefix_path.ps1'
[0.412s] INFO:colcon.colcon_core.shell:Creating environment descriptor '/home/wrs/factr_ws/install/factr_teleop/share/factr_teleop/hook/ament_prefix_path.dsv'
[0.412s] INFO:colcon.colcon_core.shell:Creating environment hook '/home/wrs/factr_ws/install/factr_teleop/share/factr_teleop/hook/ament_prefix_path.sh'
[0.412s] INFO:colcon.colcon_core.shell:Skip shell extension 'powershell' for command environment: Not usable outside of PowerShell
[0.412s] DEBUG:colcon.colcon_core.shell:Skip shell extension 'dsv' for command environment
[0.416s] INFO:colcon.colcon_ros.task.ament_cmake.build:Building ROS package in '/home/wrs/factr_ws/src/franka_zmq_controller' with build type 'ament_cmake'
[0.416s] INFO:colcon.colcon_cmake.task.cmake.build:Building CMake package in '/home/wrs/factr_ws/src/franka_zmq_controller'
[0.416s] INFO:colcon.colcon_core.shell:Skip shell extension 'powershell' for command environment: Not usable outside of PowerShell
[0.416s] DEBUG:colcon.colcon_core.shell:Skip shell extension 'dsv' for command environment
[0.419s] INFO:colcon.colcon_ros.task.ament_python.build:Building ROS package in '/home/wrs/factr_ws/src/python_utils' with build type 'ament_python'
[0.419s] Level 1:colcon.colcon_core.shell:create_environment_hook('python_utils', 'ament_prefix_path')
[0.420s] INFO:colcon.colcon_core.shell:Creating environment hook '/home/wrs/factr_ws/install/python_utils/share/python_utils/hook/ament_prefix_path.ps1'
[0.420s] INFO:colcon.colcon_core.shell:Creating environment descriptor '/home/wrs/factr_ws/install/python_utils/share/python_utils/hook/ament_prefix_path.dsv'
[0.421s] INFO:colcon.colcon_core.shell:Creating environment hook '/home/wrs/factr_ws/install/python_utils/share/python_utils/hook/ament_prefix_path.sh'
[0.421s] INFO:colcon.colcon_core.shell:Skip shell extension 'powershell' for command environment: Not usable outside of PowerShell
[0.421s] DEBUG:colcon.colcon_core.shell:Skip shell extension 'dsv' for command environment
[0.706s] INFO:colcon.colcon_core.task.python.build:Building Python package in '/home/wrs/factr_ws/src/bc'
[0.707s] INFO:colcon.colcon_core.shell:Skip shell extension 'powershell' for command environment: Not usable outside of PowerShell
[0.707s] DEBUG:colcon.colcon_core.shell:Skip shell extension 'dsv' for command environment
[0.988s] INFO:colcon.colcon_core.task.python.build:Building Python package in '/home/wrs/factr_ws/src/cameras'
[0.988s] INFO:colcon.colcon_core.shell:Skip shell extension 'powershell' for command environment: Not usable outside of PowerShell
[0.988s] DEBUG:colcon.colcon_core.shell:Skip shell extension 'dsv' for command environment
[1.268s] INFO:colcon.colcon_core.task.python.build:Building Python package in '/home/wrs/factr_ws/src/factr_teleop'
[1.268s] INFO:colcon.colcon_core.shell:Skip shell extension 'powershell' for command environment: Not usable outside of PowerShell
[1.268s] DEBUG:colcon.colcon_core.shell:Skip shell extension 'dsv' for command environment
[1.275s] DEBUG:colcon.colcon_core.event_handler.log_command:Invoking command in '/home/wrs/factr_ws/build/franka_zmq_controller': CMAKE_PREFIX_PATH=${CMAKE_PREFIX_PATH}:/home/wrs/factr_ws/install/python_utils:/home/wrs/factr_ws/install/factr_teleop:/home/wrs/factr_ws/install/cameras:/home/wrs/factr_ws/install/bc:/opt/ros/humble /usr/bin/cmake --build /home/wrs/factr_ws/build/franka_zmq_controller -- -j6 -l6
[1.560s] INFO:colcon.colcon_core.task.python.build:Building Python package in '/home/wrs/factr_ws/src/python_utils'
[1.560s] INFO:colcon.colcon_core.shell:Skip shell extension 'powershell' for command environment: Not usable outside of PowerShell
[1.561s] DEBUG:colcon.colcon_core.shell:Skip shell extension 'dsv' for command environment
[2.185s] DEBUG:colcon.colcon_core.event_handler.log_command:Invoking command in '/home/wrs/factr_ws/build/factr_teleop': PYTHONPATH=/home/wrs/factr_ws/build/factr_teleop/prefix_override:/usr/lib/python3/dist-packages/colcon_core/task/python/colcon_distutils_commands:/home/wrs/factr_ws/install/factr_teleop/lib/python3.10/site-packages:${PYTHONPATH} /usr/bin/python3 -W ignore:setup.py install is deprecated -W ignore:easy_install command is deprecated setup.py develop --editable --build-directory /home/wrs/factr_ws/build/factr_teleop/build --no-deps symlink_data
[2.191s] DEBUG:colcon.colcon_core.event_handler.log_command:Invoking command in '/home/wrs/factr_ws/build/python_utils': PYTHONPATH=/home/wrs/factr_ws/build/python_utils/prefix_override:/usr/lib/python3/dist-packages/colcon_core/task/python/colcon_distutils_commands:/home/wrs/factr_ws/install/python_utils/lib/python3.10/site-packages:${PYTHONPATH} /usr/bin/python3 -W ignore:setup.py install is deprecated -W ignore:easy_install command is deprecated setup.py develop --editable --build-directory /home/wrs/factr_ws/build/python_utils/build --no-deps symlink_data
[2.212s] DEBUG:colcon.colcon_core.event_handler.log_command:Invoking command in '/home/wrs/factr_ws/build/bc': PYTHONPATH=/home/wrs/factr_ws/build/bc/prefix_override:/usr/lib/python3/dist-packages/colcon_core/task/python/colcon_distutils_commands:/home/wrs/factr_ws/install/bc/lib/python3.10/site-packages:${PYTHONPATH} /usr/bin/python3 -W ignore:setup.py install is deprecated -W ignore:easy_install command is deprecated setup.py develop --editable --build-directory /home/wrs/factr_ws/build/bc/build --no-deps symlink_data
[2.251s] DEBUG:colcon.colcon_core.event_handler.log_command:Invoking command in '/home/wrs/factr_ws/build/cameras': PYTHONPATH=/home/wrs/factr_ws/build/cameras/prefix_override:/usr/lib/python3/dist-packages/colcon_core/task/python/colcon_distutils_commands:/home/wrs/factr_ws/install/cameras/lib/python3.10/site-packages:${PYTHONPATH} /usr/bin/python3 -W ignore:setup.py install is deprecated -W ignore:easy_install command is deprecated setup.py develop --editable --build-directory /home/wrs/factr_ws/build/cameras/build --no-deps symlink_data
[2.332s] DEBUG:colcon.colcon_core.event_handler.log_command:Invoked command in '/home/wrs/factr_ws/build/franka_zmq_controller' returned '0': CMAKE_PREFIX_PATH=${CMAKE_PREFIX_PATH}:/home/wrs/factr_ws/install/python_utils:/home/wrs/factr_ws/install/factr_teleop:/home/wrs/factr_ws/install/cameras:/home/wrs/factr_ws/install/bc:/opt/ros/humble /usr/bin/cmake --build /home/wrs/factr_ws/build/franka_zmq_controller -- -j6 -l6
[2.351s] DEBUG:colcon.colcon_core.event_handler.log_command:Invoking command in '/home/wrs/factr_ws/build/franka_zmq_controller': CMAKE_PREFIX_PATH=${CMAKE_PREFIX_PATH}:/home/wrs/factr_ws/install/python_utils:/home/wrs/factr_ws/install/factr_teleop:/home/wrs/factr_ws/install/cameras:/home/wrs/factr_ws/install/bc:/opt/ros/humble /usr/bin/cmake --install /home/wrs/factr_ws/build/franka_zmq_controller
[2.377s] Level 1:colcon.colcon_core.environment:create_environment_scripts_only(franka_zmq_controller)
[2.380s] Level 1:colcon.colcon_core.environment:checking '/home/wrs/factr_ws/install/franka_zmq_controller' for CMake module files
[2.380s] Level 1:colcon.colcon_core.environment:checking '/home/wrs/factr_ws/install/franka_zmq_controller' for CMake config files
[2.380s] Level 1:colcon.colcon_core.shell:create_environment_hook('franka_zmq_controller', 'cmake_prefix_path')
[2.381s] INFO:colcon.colcon_core.shell:Creating environment hook '/home/wrs/factr_ws/install/franka_zmq_controller/share/franka_zmq_controller/hook/cmake_prefix_path.ps1'
[2.381s] INFO:colcon.colcon_core.shell:Creating environment descriptor '/home/wrs/factr_ws/install/franka_zmq_controller/share/franka_zmq_controller/hook/cmake_prefix_path.dsv'
[2.382s] DEBUG:colcon.colcon_core.event_handler.log_command:Invoked command in '/home/wrs/factr_ws/build/franka_zmq_controller' returned '0': CMAKE_PREFIX_PATH=${CMAKE_PREFIX_PATH}:/home/wrs/factr_ws/install/python_utils:/home/wrs/factr_ws/install/factr_teleop:/home/wrs/factr_ws/install/cameras:/home/wrs/factr_ws/install/bc:/opt/ros/humble /usr/bin/cmake --install /home/wrs/factr_ws/build/franka_zmq_controller
[2.383s] INFO:colcon.colcon_core.shell:Creating environment hook '/home/wrs/factr_ws/install/franka_zmq_controller/share/franka_zmq_controller/hook/cmake_prefix_path.sh'
[2.384s] Level 1:colcon.colcon_core.environment:checking '/home/wrs/factr_ws/install/franka_zmq_controller/lib'
[2.384s] Level 1:colcon.colcon_core.environment:checking '/home/wrs/factr_ws/install/franka_zmq_controller/bin'
[2.384s] Level 1:colcon.colcon_core.environment:checking '/home/wrs/factr_ws/install/franka_zmq_controller/lib/pkgconfig/franka_zmq_controller.pc'
[2.384s] Level 1:colcon.colcon_core.environment:checking '/home/wrs/factr_ws/install/franka_zmq_controller/lib/python3.10/site-packages'
[2.385s] Level 1:colcon.colcon_core.environment:checking '/home/wrs/factr_ws/install/franka_zmq_controller/bin'
[2.385s] INFO:colcon.colcon_core.shell:Creating package script '/home/wrs/factr_ws/install/franka_zmq_controller/share/franka_zmq_controller/package.ps1'
[2.387s] INFO:colcon.colcon_core.shell:Creating package descriptor '/home/wrs/factr_ws/install/franka_zmq_controller/share/franka_zmq_controller/package.dsv'
[2.388s] INFO:colcon.colcon_core.shell:Creating package script '/home/wrs/factr_ws/install/franka_zmq_controller/share/franka_zmq_controller/package.sh'
[2.389s] INFO:colcon.colcon_core.shell:Creating package script '/home/wrs/factr_ws/install/franka_zmq_controller/share/franka_zmq_controller/package.bash'
[2.389s] INFO:colcon.colcon_core.shell:Creating package script '/home/wrs/factr_ws/install/franka_zmq_controller/share/franka_zmq_controller/package.zsh'
[2.395s] Level 1:colcon.colcon_core.environment:create_file_with_runtime_dependencies(/home/wrs/factr_ws/install/franka_zmq_controller/share/colcon-core/packages/franka_zmq_controller)
[2.398s] Level 1:colcon.colcon_core.environment:create_environment_scripts_only(franka_zmq_controller)
[2.398s] Level 1:colcon.colcon_core.environment:checking '/home/wrs/factr_ws/install/franka_zmq_controller' for CMake module files
[2.402s] Level 1:colcon.colcon_core.environment:checking '/home/wrs/factr_ws/install/franka_zmq_controller' for CMake config files
[2.402s] Level 1:colcon.colcon_core.shell:create_environment_hook('franka_zmq_controller', 'cmake_prefix_path')
[2.403s] INFO:colcon.colcon_core.shell:Creating environment hook '/home/wrs/factr_ws/install/franka_zmq_controller/share/franka_zmq_controller/hook/cmake_prefix_path.ps1'
[2.403s] INFO:colcon.colcon_core.shell:Creating environment descriptor '/home/wrs/factr_ws/install/franka_zmq_controller/share/franka_zmq_controller/hook/cmake_prefix_path.dsv'
[2.404s] INFO:colcon.colcon_core.shell:Creating environment hook '/home/wrs/factr_ws/install/franka_zmq_controller/share/franka_zmq_controller/hook/cmake_prefix_path.sh'
[2.404s] Level 1:colcon.colcon_core.environment:checking '/home/wrs/factr_ws/install/franka_zmq_controller/lib'
[2.404s] Level 1:colcon.colcon_core.environment:checking '/home/wrs/factr_ws/install/franka_zmq_controller/bin'
[2.404s] Level 1:colcon.colcon_core.environment:checking '/home/wrs/factr_ws/install/franka_zmq_controller/lib/pkgconfig/franka_zmq_controller.pc'
[2.405s] Level 1:colcon.colcon_core.environment:checking '/home/wrs/factr_ws/install/franka_zmq_controller/lib/python3.10/site-packages'
[2.405s] Level 1:colcon.colcon_core.environment:checking '/home/wrs/factr_ws/install/franka_zmq_controller/bin'
[2.405s] INFO:colcon.colcon_core.shell:Creating package script '/home/wrs/factr_ws/install/franka_zmq_controller/share/franka_zmq_controller/package.ps1'
[2.406s] INFO:colcon.colcon_core.shell:Creating package descriptor '/home/wrs/factr_ws/install/franka_zmq_controller/share/franka_zmq_controller/package.dsv'
[2.407s] INFO:colcon.colcon_core.shell:Creating package script '/home/wrs/factr_ws/install/franka_zmq_controller/share/franka_zmq_controller/package.sh'
[2.408s] INFO:colcon.colcon_core.shell:Creating package script '/home/wrs/factr_ws/install/franka_zmq_controller/share/franka_zmq_controller/package.bash'
[2.408s] INFO:colcon.colcon_core.shell:Creating package script '/home/wrs/factr_ws/install/franka_zmq_controller/share/franka_zmq_controller/package.zsh'
[2.409s] Level 1:colcon.colcon_core.environment:create_file_with_runtime_dependencies(/home/wrs/factr_ws/install/franka_zmq_controller/share/colcon-core/packages/franka_zmq_controller)
[2.751s] Level 1:colcon.colcon_core.shell:create_environment_hook('python_utils', 'pythonpath_develop')
[2.751s] INFO:colcon.colcon_core.shell:Creating environment hook '/home/wrs/factr_ws/build/python_utils/share/python_utils/hook/pythonpath_develop.ps1'
[2.752s] INFO:colcon.colcon_core.shell:Creating environment descriptor '/home/wrs/factr_ws/build/python_utils/share/python_utils/hook/pythonpath_develop.dsv'
[2.752s] INFO:colcon.colcon_core.shell:Creating environment hook '/home/wrs/factr_ws/build/python_utils/share/python_utils/hook/pythonpath_develop.sh'
[2.752s] Level 1:colcon.colcon_core.environment:checking '/home/wrs/factr_ws/install/python_utils' for CMake module files
[2.753s] Level 1:colcon.colcon_core.environment:checking '/home/wrs/factr_ws/install/python_utils' for CMake config files
[2.753s] Level 1:colcon.colcon_core.environment:checking '/home/wrs/factr_ws/install/python_utils/lib'
[2.753s] Level 1:colcon.colcon_core.environment:checking '/home/wrs/factr_ws/install/python_utils/bin'
[2.753s] Level 1:colcon.colcon_core.environment:checking '/home/wrs/factr_ws/install/python_utils/lib/pkgconfig/python_utils.pc'
[2.754s] Level 1:colcon.colcon_core.environment:checking '/home/wrs/factr_ws/install/python_utils/lib/python3.10/site-packages'
[2.754s] Level 1:colcon.colcon_core.shell:create_environment_hook('python_utils', 'pythonpath')
[2.754s] INFO:colcon.colcon_core.shell:Creating environment hook '/home/wrs/factr_ws/install/python_utils/share/python_utils/hook/pythonpath.ps1'
[2.754s] INFO:colcon.colcon_core.shell:Creating environment descriptor '/home/wrs/factr_ws/install/python_utils/share/python_utils/hook/pythonpath.dsv'
[2.756s] DEBUG:colcon.colcon_core.event_handler.log_command:Invoked command in '/home/wrs/factr_ws/build/python_utils' returned '0': PYTHONPATH=/home/wrs/factr_ws/build/python_utils/prefix_override:/usr/lib/python3/dist-packages/colcon_core/task/python/colcon_distutils_commands:/home/wrs/factr_ws/install/python_utils/lib/python3.10/site-packages:${PYTHONPATH} /usr/bin/python3 -W ignore:setup.py install is deprecated -W ignore:easy_install command is deprecated setup.py develop --editable --build-directory /home/wrs/factr_ws/build/python_utils/build --no-deps symlink_data
[2.761s] INFO:colcon.colcon_core.shell:Creating environment hook '/home/wrs/factr_ws/install/python_utils/share/python_utils/hook/pythonpath.sh'
[2.762s] Level 1:colcon.colcon_core.environment:checking '/home/wrs/factr_ws/install/python_utils/bin'
[2.762s] Level 1:colcon.colcon_core.environment:create_environment_scripts_only(python_utils)
[2.762s] INFO:colcon.colcon_core.shell:Creating package script '/home/wrs/factr_ws/install/python_utils/share/python_utils/package.ps1'
[2.763s] INFO:colcon.colcon_core.shell:Creating package descriptor '/home/wrs/factr_ws/install/python_utils/share/python_utils/package.dsv'
[2.764s] INFO:colcon.colcon_core.shell:Creating package script '/home/wrs/factr_ws/install/python_utils/share/python_utils/package.sh'
[2.764s] INFO:colcon.colcon_core.shell:Creating package script '/home/wrs/factr_ws/install/python_utils/share/python_utils/package.bash'
[2.765s] INFO:colcon.colcon_core.shell:Creating package script '/home/wrs/factr_ws/install/python_utils/share/python_utils/package.zsh'
[2.765s] Level 1:colcon.colcon_core.environment:create_file_with_runtime_dependencies(/home/wrs/factr_ws/install/python_utils/share/colcon-core/packages/python_utils)
[2.781s] Level 1:colcon.colcon_core.shell:create_environment_hook('factr_teleop', 'pythonpath_develop')
[2.781s] INFO:colcon.colcon_core.shell:Creating environment hook '/home/wrs/factr_ws/build/factr_teleop/share/factr_teleop/hook/pythonpath_develop.ps1'
[2.782s] DEBUG:colcon.colcon_core.event_handler.log_command:Invoked command in '/home/wrs/factr_ws/build/factr_teleop' returned '0': PYTHONPATH=/home/wrs/factr_ws/build/factr_teleop/prefix_override:/usr/lib/python3/dist-packages/colcon_core/task/python/colcon_distutils_commands:/home/wrs/factr_ws/install/factr_teleop/lib/python3.10/site-packages:${PYTHONPATH} /usr/bin/python3 -W ignore:setup.py install is deprecated -W ignore:easy_install command is deprecated setup.py develop --editable --build-directory /home/wrs/factr_ws/build/factr_teleop/build --no-deps symlink_data
[2.784s] INFO:colcon.colcon_core.shell:Creating environment descriptor '/home/wrs/factr_ws/build/factr_teleop/share/factr_teleop/hook/pythonpath_develop.dsv'
[2.784s] INFO:colcon.colcon_core.shell:Creating environment hook '/home/wrs/factr_ws/build/factr_teleop/share/factr_teleop/hook/pythonpath_develop.sh'
[2.785s] Level 1:colcon.colcon_core.environment:checking '/home/wrs/factr_ws/install/factr_teleop' for CMake module files
[2.785s] Level 1:colcon.colcon_core.environment:checking '/home/wrs/factr_ws/install/factr_teleop' for CMake config files
[2.786s] Level 1:colcon.colcon_core.environment:checking '/home/wrs/factr_ws/install/factr_teleop/lib'
[2.786s] Level 1:colcon.colcon_core.environment:checking '/home/wrs/factr_ws/install/factr_teleop/bin'
[2.786s] Level 1:colcon.colcon_core.environment:checking '/home/wrs/factr_ws/install/factr_teleop/lib/pkgconfig/factr_teleop.pc'
[2.786s] Level 1:colcon.colcon_core.environment:checking '/home/wrs/factr_ws/install/factr_teleop/lib/python3.10/site-packages'
[2.786s] Level 1:colcon.colcon_core.shell:create_environment_hook('factr_teleop', 'pythonpath')
[2.787s] INFO:colcon.colcon_core.shell:Creating environment hook '/home/wrs/factr_ws/install/factr_teleop/share/factr_teleop/hook/pythonpath.ps1'
[2.787s] INFO:colcon.colcon_core.shell:Creating environment descriptor '/home/wrs/factr_ws/install/factr_teleop/share/factr_teleop/hook/pythonpath.dsv'
[2.788s] INFO:colcon.colcon_core.shell:Creating environment hook '/home/wrs/factr_ws/install/factr_teleop/share/factr_teleop/hook/pythonpath.sh'
[2.788s] Level 1:colcon.colcon_core.environment:checking '/home/wrs/factr_ws/install/factr_teleop/bin'
[2.788s] Level 1:colcon.colcon_core.environment:create_environment_scripts_only(factr_teleop)
[2.789s] INFO:colcon.colcon_core.shell:Creating package script '/home/wrs/factr_ws/install/factr_teleop/share/factr_teleop/package.ps1'
[2.789s] INFO:colcon.colcon_core.shell:Creating package descriptor '/home/wrs/factr_ws/install/factr_teleop/share/factr_teleop/package.dsv'
[2.790s] INFO:colcon.colcon_core.shell:Creating package script '/home/wrs/factr_ws/install/factr_teleop/share/factr_teleop/package.sh'
[2.790s] INFO:colcon.colcon_core.shell:Creating package script '/home/wrs/factr_ws/install/factr_teleop/share/factr_teleop/package.bash'
[2.791s] INFO:colcon.colcon_core.shell:Creating package script '/home/wrs/factr_ws/install/factr_teleop/share/factr_teleop/package.zsh'
[2.791s] Level 1:colcon.colcon_core.environment:create_file_with_runtime_dependencies(/home/wrs/factr_ws/install/factr_teleop/share/colcon-core/packages/factr_teleop)
[2.802s] Level 1:colcon.colcon_core.shell:create_environment_hook('bc', 'pythonpath_develop')
[2.803s] INFO:colcon.colcon_core.shell:Creating environment hook '/home/wrs/factr_ws/build/bc/share/bc/hook/pythonpath_develop.ps1'
[2.803s] DEBUG:colcon.colcon_core.event_handler.log_command:Invoked command in '/home/wrs/factr_ws/build/bc' returned '0': PYTHONPATH=/home/wrs/factr_ws/build/bc/prefix_override:/usr/lib/python3/dist-packages/colcon_core/task/python/colcon_distutils_commands:/home/wrs/factr_ws/install/bc/lib/python3.10/site-packages:${PYTHONPATH} /usr/bin/python3 -W ignore:setup.py install is deprecated -W ignore:easy_install command is deprecated setup.py develop --editable --build-directory /home/wrs/factr_ws/build/bc/build --no-deps symlink_data
[2.804s] INFO:colcon.colcon_core.shell:Creating environment descriptor '/home/wrs/factr_ws/build/bc/share/bc/hook/pythonpath_develop.dsv'
[2.804s] INFO:colcon.colcon_core.shell:Creating environment hook '/home/wrs/factr_ws/build/bc/share/bc/hook/pythonpath_develop.sh'
[2.805s] Level 1:colcon.colcon_core.environment:checking '/home/wrs/factr_ws/install/bc' for CMake module files
[2.805s] Level 1:colcon.colcon_core.environment:checking '/home/wrs/factr_ws/install/bc' for CMake config files
[2.805s] Level 1:colcon.colcon_core.environment:checking '/home/wrs/factr_ws/install/bc/lib'
[2.806s] Level 1:colcon.colcon_core.environment:checking '/home/wrs/factr_ws/install/bc/bin'
[2.806s] Level 1:colcon.colcon_core.environment:checking '/home/wrs/factr_ws/install/bc/lib/pkgconfig/bc.pc'
[2.806s] Level 1:colcon.colcon_core.environment:checking '/home/wrs/factr_ws/install/bc/lib/python3.10/site-packages'
[2.806s] Level 1:colcon.colcon_core.shell:create_environment_hook('bc', 'pythonpath')
[2.806s] INFO:colcon.colcon_core.shell:Creating environment hook '/home/wrs/factr_ws/install/bc/share/bc/hook/pythonpath.ps1'
[2.807s] INFO:colcon.colcon_core.shell:Creating environment descriptor '/home/wrs/factr_ws/install/bc/share/bc/hook/pythonpath.dsv'
[2.807s] INFO:colcon.colcon_core.shell:Creating environment hook '/home/wrs/factr_ws/install/bc/share/bc/hook/pythonpath.sh'
[2.808s] Level 1:colcon.colcon_core.environment:checking '/home/wrs/factr_ws/install/bc/bin'
[2.808s] Level 1:colcon.colcon_core.environment:create_environment_scripts_only(bc)
[2.808s] INFO:colcon.colcon_core.shell:Creating package script '/home/wrs/factr_ws/install/bc/share/bc/package.ps1'
[2.809s] INFO:colcon.colcon_core.shell:Creating package descriptor '/home/wrs/factr_ws/install/bc/share/bc/package.dsv'
[2.809s] INFO:colcon.colcon_core.shell:Creating package script '/home/wrs/factr_ws/install/bc/share/bc/package.sh'
[2.810s] INFO:colcon.colcon_core.shell:Creating package script '/home/wrs/factr_ws/install/bc/share/bc/package.bash'
[2.810s] INFO:colcon.colcon_core.shell:Creating package script '/home/wrs/factr_ws/install/bc/share/bc/package.zsh'
[2.811s] Level 1:colcon.colcon_core.environment:create_file_with_runtime_dependencies(/home/wrs/factr_ws/install/bc/share/colcon-core/packages/bc)
[2.820s] Level 1:colcon.colcon_core.shell:create_environment_hook('cameras', 'pythonpath_develop')
[2.820s] INFO:colcon.colcon_core.shell:Creating environment hook '/home/wrs/factr_ws/build/cameras/share/cameras/hook/pythonpath_develop.ps1'
[2.820s] DEBUG:colcon.colcon_core.event_handler.log_command:Invoked command in '/home/wrs/factr_ws/build/cameras' returned '0': PYTHONPATH=/home/wrs/factr_ws/build/cameras/prefix_override:/usr/lib/python3/dist-packages/colcon_core/task/python/colcon_distutils_commands:/home/wrs/factr_ws/install/cameras/lib/python3.10/site-packages:${PYTHONPATH} /usr/bin/python3 -W ignore:setup.py install is deprecated -W ignore:easy_install command is deprecated setup.py develop --editable --build-directory /home/wrs/factr_ws/build/cameras/build --no-deps symlink_data
[2.821s] INFO:colcon.colcon_core.shell:Creating environment descriptor '/home/wrs/factr_ws/build/cameras/share/cameras/hook/pythonpath_develop.dsv'
[2.821s] INFO:colcon.colcon_core.shell:Creating environment hook '/home/wrs/factr_ws/build/cameras/share/cameras/hook/pythonpath_develop.sh'
[2.821s] Level 1:colcon.colcon_core.environment:checking '/home/wrs/factr_ws/install/cameras' for CMake module files
[2.822s] Level 1:colcon.colcon_core.environment:checking '/home/wrs/factr_ws/install/cameras' for CMake config files
[2.822s] Level 1:colcon.colcon_core.environment:checking '/home/wrs/factr_ws/install/cameras/lib'
[2.822s] Level 1:colcon.colcon_core.environment:checking '/home/wrs/factr_ws/install/cameras/bin'
[2.822s] Level 1:colcon.colcon_core.environment:checking '/home/wrs/factr_ws/install/cameras/lib/pkgconfig/cameras.pc'
[2.822s] Level 1:colcon.colcon_core.environment:checking '/home/wrs/factr_ws/install/cameras/lib/python3.10/site-packages'
[2.823s] Level 1:colcon.colcon_core.shell:create_environment_hook('cameras', 'pythonpath')
[2.823s] INFO:colcon.colcon_core.shell:Creating environment hook '/home/wrs/factr_ws/install/cameras/share/cameras/hook/pythonpath.ps1'
[2.823s] INFO:colcon.colcon_core.shell:Creating environment descriptor '/home/wrs/factr_ws/install/cameras/share/cameras/hook/pythonpath.dsv'
[2.823s] INFO:colcon.colcon_core.shell:Creating environment hook '/home/wrs/factr_ws/install/cameras/share/cameras/hook/pythonpath.sh'
[2.824s] Level 1:colcon.colcon_core.environment:checking '/home/wrs/factr_ws/install/cameras/bin'
[2.824s] Level 1:colcon.colcon_core.environment:create_environment_scripts_only(cameras)
[2.824s] INFO:colcon.colcon_core.shell:Creating package script '/home/wrs/factr_ws/install/cameras/share/cameras/package.ps1'
[2.825s] INFO:colcon.colcon_core.shell:Creating package descriptor '/home/wrs/factr_ws/install/cameras/share/cameras/package.dsv'
[2.826s] INFO:colcon.colcon_core.shell:Creating package script '/home/wrs/factr_ws/install/cameras/share/cameras/package.sh'
[2.826s] INFO:colcon.colcon_core.shell:Creating package script '/home/wrs/factr_ws/install/cameras/share/cameras/package.bash'
[2.827s] INFO:colcon.colcon_core.shell:Creating package script '/home/wrs/factr_ws/install/cameras/share/cameras/package.zsh'
[2.827s] Level 1:colcon.colcon_core.environment:create_file_with_runtime_dependencies(/home/wrs/factr_ws/install/cameras/share/colcon-core/packages/cameras)
[2.827s] DEBUG:colcon.colcon_parallel_executor.executor.parallel:closing loop
[2.828s] DEBUG:colcon.colcon_parallel_executor.executor.parallel:loop closed
[2.828s] DEBUG:colcon.colcon_parallel_executor.executor.parallel:run_until_complete finished with '0'
[2.828s] DEBUG:colcon.colcon_core.event_reactor:joining thread
[2.834s] INFO:colcon.colcon_core.plugin_system:Skipping extension 'colcon_notification.desktop_notification.terminal_notifier': Not used on non-Darwin systems
[2.834s] INFO:colcon.colcon_core.plugin_system:Skipping extension 'colcon_notification.desktop_notification.win32': Not used on non-Windows systems
[2.834s] INFO:colcon.colcon_notification.desktop_notification:Sending desktop notification using 'notify2'
[2.845s] DEBUG:colcon.colcon_core.event_reactor:joined thread
[2.845s] INFO:colcon.colcon_core.shell:Creating prefix script '/home/wrs/factr_ws/install/local_setup.ps1'
[2.846s] INFO:colcon.colcon_core.shell:Creating prefix util module '/home/wrs/factr_ws/install/_local_setup_util_ps1.py'
[2.848s] INFO:colcon.colcon_core.shell:Creating prefix chain script '/home/wrs/factr_ws/install/setup.ps1'
[2.849s] INFO:colcon.colcon_core.shell:Creating prefix script '/home/wrs/factr_ws/install/local_setup.sh'
[2.849s] INFO:colcon.colcon_core.shell:Creating prefix util module '/home/wrs/factr_ws/install/_local_setup_util_sh.py'
[2.850s] INFO:colcon.colcon_core.shell:Creating prefix chain script '/home/wrs/factr_ws/install/setup.sh'
[2.851s] INFO:colcon.colcon_core.shell:Creating prefix script '/home/wrs/factr_ws/install/local_setup.bash'
[2.851s] INFO:colcon.colcon_core.shell:Creating prefix chain script '/home/wrs/factr_ws/install/setup.bash'
[2.852s] INFO:colcon.colcon_core.shell:Creating prefix script '/home/wrs/factr_ws/install/local_setup.zsh'
[2.852s] INFO:colcon.colcon_core.shell:Creating prefix chain script '/home/wrs/factr_ws/install/setup.zsh'
