[1.799s] Invoking command in '/home/wrs/factr_ws/build/python_utils': PYTHONPATH=/home/wrs/factr_ws/build/python_utils/prefix_override:/usr/lib/python3/dist-packages/colcon_core/task/python/colcon_distutils_commands:/home/wrs/factr_ws/install/python_utils/lib/python3.10/site-packages:${PYTHONPATH} /usr/bin/python3 -W ignore:setup.py install is deprecated -W ignore:easy_install command is deprecated setup.py develop --editable --build-directory /home/wrs/factr_ws/build/python_utils/build --no-deps symlink_data
[2.130s] running develop
[2.205s] /usr/lib/python3/dist-packages/pkg_resources/__init__.py:116: PkgResourcesDeprecationWarning: 2.22.1ubuntu1 is an invalid version and will not be supported in a future release
[2.205s]   warnings.warn(
[2.342s] running egg_info
[2.342s] writing python_utils.egg-info/PKG-INFO
[2.342s] writing dependency_links to python_utils.egg-info/dependency_links.txt
[2.343s] writing entry points to python_utils.egg-info/entry_points.txt
[2.343s] writing requirements to python_utils.egg-info/requires.txt
[2.343s] writing top-level names to python_utils.egg-info/top_level.txt
[2.345s] reading manifest file 'python_utils.egg-info/SOURCES.txt'
[2.346s] writing manifest file 'python_utils.egg-info/SOURCES.txt'
[2.348s] running build_ext
[2.348s] Creating /home/wrs/factr_ws/install/python_utils/lib/python3.10/site-packages/python-utils.egg-link (link to .)
[2.349s] Installing factr_teleop_franka script to /home/wrs/factr_ws/install/python_utils/lib/python_utils
[2.349s] Installing factr_teleop_grav_comp_demo script to /home/wrs/factr_ws/install/python_utils/lib/python_utils
[2.349s] 
[2.349s] Installed /home/wrs/factr_ws/build/python_utils
[2.350s] running symlink_data
[2.390s] Invoked command in '/home/wrs/factr_ws/build/python_utils' returned '0': PYTHONPATH=/home/wrs/factr_ws/build/python_utils/prefix_override:/usr/lib/python3/dist-packages/colcon_core/task/python/colcon_distutils_commands:/home/wrs/factr_ws/install/python_utils/lib/python3.10/site-packages:${PYTHONPATH} /usr/bin/python3 -W ignore:setup.py install is deprecated -W ignore:easy_install command is deprecated setup.py develop --editable --build-directory /home/wrs/factr_ws/build/python_utils/build --no-deps symlink_data
