[0.012s] Invoking command in '/home/wrs/factr_ws/build/franka_zmq_controller': CMAKE_PREFIX_PATH=${CMAKE_PREFIX_PATH}:/home/wrs/factr_ws/install/python_utils:/home/wrs/factr_ws/install/factr_teleop:/home/wrs/factr_ws/install/cameras:/home/wrs/factr_ws/install/bc:/opt/ros/humble /usr/bin/cmake --build /home/wrs/factr_ws/build/franka_zmq_controller -- -j6 -l6
[0.033s] -- Found ament_cmake: 1.3.11 (/opt/ros/humble/share/ament_cmake/cmake)
[0.151s] -- Found rclcpp: 16.0.12 (/opt/ros/humble/share/rclcpp/cmake)
[0.178s] -- Found rosidl_generator_c: 3.1.6 (/opt/ros/humble/share/rosidl_generator_c/cmake)
[0.181s] -- Found rosidl_adapter: 3.1.6 (/opt/ros/humble/share/rosidl_adapter/cmake)
[0.186s] -- Found rosidl_generator_cpp: 3.1.6 (/opt/ros/humble/share/rosidl_generator_cpp/cmake)
[0.195s] -- Using all available rosidl_typesupport_c: rosidl_typesupport_fastrtps_c;rosidl_typesupport_introspection_c
[0.207s] -- Using all available rosidl_typesupport_cpp: rosidl_typesupport_fastrtps_cpp;rosidl_typesupport_introspection_cpp
[0.238s] -- Found rmw_implementation_cmake: 6.1.2 (/opt/ros/humble/share/rmw_implementation_cmake/cmake)
[0.240s] -- Found rmw_fastrtps_cpp: 6.2.7 (/opt/ros/humble/share/rmw_fastrtps_cpp/cmake)
[0.345s] -- Using RMW implementation 'rmw_fastrtps_cpp' as default
[0.462s] -- Configuring done
[0.466s] [31mCMake Error at CMakeLists.txt:16 (add_executable):
[0.466s]   Target "franka_zmq_controller_node" links to target "franka::franka" but
[0.466s]   the target was not found.  Perhaps a find_package() call is missing for an
[0.466s]   IMPORTED target, or an ALIAS target is missing?
[0.466s] 
[0.466s] [0m
[0.468s] [31mCMake Error at CMakeLists.txt:21 (target_include_directories):
[0.468s]   Error evaluating generator expression:
[0.468s] 
[0.468s]     $<TARGET_PROPERTY:franka,INTERFACE_INCLUDE_DIRECTORIES>
[0.468s] 
[0.468s]   Target "franka" not found.
[0.468s] 
[0.468s] [0m
[0.471s] -- Generating done
[0.472s] [0mCMake Generate step failed.  Build files cannot be regenerated correctly.[0m
[0.479s] gmake: *** [Makefile:267: cmake_check_build_system] Error 1
[0.482s] Invoked command in '/home/wrs/factr_ws/build/franka_zmq_controller' returned '2': CMAKE_PREFIX_PATH=${CMAKE_PREFIX_PATH}:/home/wrs/factr_ws/install/python_utils:/home/wrs/factr_ws/install/factr_teleop:/home/wrs/factr_ws/install/cameras:/home/wrs/factr_ws/install/bc:/opt/ros/humble /usr/bin/cmake --build /home/wrs/factr_ws/build/franka_zmq_controller -- -j6 -l6
