[0.844s] Invoking command in '/home/wrs/factr_ws/build/franka_zmq_controller': CMAKE_PREFIX_PATH=${CMAKE_PREFIX_PATH}:/home/wrs/factr_ws/install/python_utils:/home/wrs/factr_ws/install/factr_teleop:/home/wrs/factr_ws/install/cameras:/home/wrs/factr_ws/install/bc:/opt/ros/humble /usr/bin/cmake --build /home/wrs/factr_ws/build/franka_zmq_controller -- -j6 -l6
[0.877s] [35m[1mConsolidate compiler generated dependencies of target franka_zmq_controller_node[0m
[0.892s] [ 50%] [32mBuilding CXX object CMakeFiles/franka_zmq_controller_node.dir/src/controller_node.cpp.o[0m
[1.762s] [100%] [32m[1mLinking CXX executable franka_zmq_controller_node[0m
[1.918s] [100%] Built target franka_zmq_controller_node
[1.939s] Invoked command in '/home/wrs/factr_ws/build/franka_zmq_controller' returned '0': CMAKE_PREFIX_PATH=${CMAKE_PREFIX_PATH}:/home/wrs/factr_ws/install/python_utils:/home/wrs/factr_ws/install/factr_teleop:/home/wrs/factr_ws/install/cameras:/home/wrs/factr_ws/install/bc:/opt/ros/humble /usr/bin/cmake --build /home/wrs/factr_ws/build/franka_zmq_controller -- -j6 -l6
[1.946s] Invoking command in '/home/wrs/factr_ws/build/franka_zmq_controller': CMAKE_PREFIX_PATH=${CMAKE_PREFIX_PATH}:/home/wrs/factr_ws/install/python_utils:/home/wrs/factr_ws/install/factr_teleop:/home/wrs/factr_ws/install/cameras:/home/wrs/factr_ws/install/bc:/opt/ros/humble /usr/bin/cmake --install /home/wrs/factr_ws/build/franka_zmq_controller
[1.957s] -- Install configuration: ""
[1.958s] -- Execute custom install script
[1.960s] -- Up-to-date symlink: /home/wrs/factr_ws/install/franka_zmq_controller/lib/franka_zmq_controller/franka_zmq_controller_node
[1.960s] -- Up-to-date symlink: /home/wrs/factr_ws/install/franka_zmq_controller/share/ament_index/resource_index/package_run_dependencies/franka_zmq_controller
[1.961s] -- Up-to-date symlink: /home/wrs/factr_ws/install/franka_zmq_controller/share/ament_index/resource_index/parent_prefix_path/franka_zmq_controller
[1.961s] -- Up-to-date symlink: /home/wrs/factr_ws/install/franka_zmq_controller/share/franka_zmq_controller/environment/ament_prefix_path.sh
[1.962s] -- Up-to-date symlink: /home/wrs/factr_ws/install/franka_zmq_controller/share/franka_zmq_controller/environment/ament_prefix_path.dsv
[1.962s] -- Up-to-date symlink: /home/wrs/factr_ws/install/franka_zmq_controller/share/franka_zmq_controller/environment/path.sh
[1.962s] -- Up-to-date symlink: /home/wrs/factr_ws/install/franka_zmq_controller/share/franka_zmq_controller/environment/path.dsv
[1.963s] -- Up-to-date symlink: /home/wrs/factr_ws/install/franka_zmq_controller/share/franka_zmq_controller/local_setup.bash
[1.963s] -- Up-to-date symlink: /home/wrs/factr_ws/install/franka_zmq_controller/share/franka_zmq_controller/local_setup.sh
[1.964s] -- Up-to-date symlink: /home/wrs/factr_ws/install/franka_zmq_controller/share/franka_zmq_controller/local_setup.zsh
[1.965s] -- Up-to-date symlink: /home/wrs/factr_ws/install/franka_zmq_controller/share/franka_zmq_controller/local_setup.dsv
[1.965s] -- Symlinking: /home/wrs/factr_ws/install/franka_zmq_controller/share/franka_zmq_controller/package.dsv
[1.965s] -- Up-to-date symlink: /home/wrs/factr_ws/install/franka_zmq_controller/share/ament_index/resource_index/packages/franka_zmq_controller
[1.966s] -- Up-to-date symlink: /home/wrs/factr_ws/install/franka_zmq_controller/share/franka_zmq_controller/cmake/franka_zmq_controllerConfig.cmake
[1.969s] -- Up-to-date symlink: /home/wrs/factr_ws/install/franka_zmq_controller/share/franka_zmq_controller/cmake/franka_zmq_controllerConfig-version.cmake
[1.970s] -- Up-to-date symlink: /home/wrs/factr_ws/install/franka_zmq_controller/share/franka_zmq_controller/package.xml
[1.971s] Invoked command in '/home/wrs/factr_ws/build/franka_zmq_controller' returned '0': CMAKE_PREFIX_PATH=${CMAKE_PREFIX_PATH}:/home/wrs/factr_ws/install/python_utils:/home/wrs/factr_ws/install/factr_teleop:/home/wrs/factr_ws/install/cameras:/home/wrs/factr_ws/install/bc:/opt/ros/humble /usr/bin/cmake --install /home/wrs/factr_ws/build/franka_zmq_controller
