[1.737s] Invoking command in '/home/wrs/factr_ws/build/factr_teleop': PYTHONPATH=/home/wrs/factr_ws/build/factr_teleop/prefix_override:/usr/lib/python3/dist-packages/colcon_core/task/python/colcon_distutils_commands:/home/wrs/factr_ws/install/factr_teleop/lib/python3.10/site-packages:${PYTHONPATH} /usr/bin/python3 -W ignore:setup.py install is deprecated -W ignore:easy_install command is deprecated setup.py develop --editable --build-directory /home/wrs/factr_ws/build/factr_teleop/build --no-deps symlink_data
[2.035s] running develop
[2.104s] /usr/lib/python3/dist-packages/pkg_resources/__init__.py:116: PkgResourcesDeprecationWarning: 2.22.1ubuntu1 is an invalid version and will not be supported in a future release
[2.104s]   warnings.warn(
[2.253s] running egg_info
[2.253s] creating factr_teleop.egg-info
[2.253s] writing factr_teleop.egg-info/PKG-INFO
[2.253s] writing dependency_links to factr_teleop.egg-info/dependency_links.txt
[2.254s] writing entry points to factr_teleop.egg-info/entry_points.txt
[2.254s] writing requirements to factr_teleop.egg-info/requires.txt
[2.254s] writing top-level names to factr_teleop.egg-info/top_level.txt
[2.254s] writing manifest file 'factr_teleop.egg-info/SOURCES.txt'
[2.257s] reading manifest file 'factr_teleop.egg-info/SOURCES.txt'
[2.257s] writing manifest file 'factr_teleop.egg-info/SOURCES.txt'
[2.261s] running build_ext
[2.261s] Creating /home/wrs/factr_ws/install/factr_teleop/lib/python3.10/site-packages/factr-teleop.egg-link (link to .)
[2.261s] Installing factr_teleop_franka script to /home/wrs/factr_ws/install/factr_teleop/lib/factr_teleop
[2.262s] Installing factr_teleop_grav_comp_demo script to /home/wrs/factr_ws/install/factr_teleop/lib/factr_teleop
[2.262s] 
[2.262s] Installed /home/wrs/factr_ws/build/factr_teleop
[2.262s] running symlink_data
[2.262s] creating /home/wrs/factr_ws/install/factr_teleop/share/ament_index
[2.262s] creating /home/wrs/factr_ws/install/factr_teleop/share/ament_index/resource_index
[2.262s] creating /home/wrs/factr_ws/install/factr_teleop/share/ament_index/resource_index/packages
[2.262s] symbolically linking /home/wrs/factr_ws/build/factr_teleop/resource/factr_teleop -> /home/wrs/factr_ws/install/factr_teleop/share/ament_index/resource_index/packages
[2.262s] symbolically linking /home/wrs/factr_ws/build/factr_teleop/package.xml -> /home/wrs/factr_ws/install/factr_teleop/share/factr_teleop
[2.329s] Invoked command in '/home/wrs/factr_ws/build/factr_teleop' returned '0': PYTHONPATH=/home/wrs/factr_ws/build/factr_teleop/prefix_override:/usr/lib/python3/dist-packages/colcon_core/task/python/colcon_distutils_commands:/home/wrs/factr_ws/install/factr_teleop/lib/python3.10/site-packages:${PYTHONPATH} /usr/bin/python3 -W ignore:setup.py install is deprecated -W ignore:easy_install command is deprecated setup.py develop --editable --build-directory /home/wrs/factr_ws/build/factr_teleop/build --no-deps symlink_data
