running develop
/usr/lib/python3/dist-packages/pkg_resources/__init__.py:116: PkgResourcesDeprecationWarning: 2.22.1ubuntu1 is an invalid version and will not be supported in a future release
  warnings.warn(
running egg_info
creating cameras.egg-info
writing cameras.egg-info/PKG-INFO
writing dependency_links to cameras.egg-info/dependency_links.txt
writing entry points to cameras.egg-info/entry_points.txt
writing requirements to cameras.egg-info/requires.txt
writing top-level names to cameras.egg-info/top_level.txt
writing manifest file 'cameras.egg-info/SOURCES.txt'
reading manifest file 'cameras.egg-info/SOURCES.txt'
writing manifest file 'cameras.egg-info/SOURCES.txt'
running build_ext
Creating /home/wrs/factr_ws/install/cameras/lib/python3.10/site-packages/cameras.egg-link (link to .)
Installing realsense script to /home/wrs/factr_ws/install/cameras/lib/cameras
Installing zed script to /home/wrs/factr_ws/install/cameras/lib/cameras

Installed /home/wrs/factr_ws/build/cameras
running symlink_data
creating /home/wrs/factr_ws/install/cameras/share/ament_index
creating /home/wrs/factr_ws/install/cameras/share/ament_index/resource_index
creating /home/wrs/factr_ws/install/cameras/share/ament_index/resource_index/packages
symbolically linking /home/wrs/factr_ws/build/cameras/resource/cameras -> /home/wrs/factr_ws/install/cameras/share/ament_index/resource_index/packages
symbolically linking /home/wrs/factr_ws/build/cameras/package.xml -> /home/wrs/factr_ws/install/cameras/share/cameras
