[0.863s] Invoking command in '/home/wrs/factr_ws/build/franka_zmq_controller': CMAKE_PREFIX_PATH=${CMAKE_PREFIX_PATH}:/home/wrs/factr_ws/install/python_utils:/home/wrs/factr_ws/install/factr_teleop:/home/wrs/factr_ws/install/cameras:/home/wrs/factr_ws/install/bc:/opt/ros/humble /usr/bin/cmake --build /home/wrs/factr_ws/build/franka_zmq_controller -- -j6 -l6
[0.899s] [35m[1mConsolidate compiler generated dependencies of target franka_zmq_controller_node[0m
[0.912s] [ 50%] [32mBuilding CXX object CMakeFiles/franka_zmq_controller_node.dir/src/controller_node.cpp.o[0m
[1.831s] [100%] [32m[1mLinking CXX executable franka_zmq_controller_node[0m
[2.000s] [100%] Built target franka_zmq_controller_node
[2.010s] Invoked command in '/home/wrs/factr_ws/build/franka_zmq_controller' returned '0': CMAKE_PREFIX_PATH=${CMAKE_PREFIX_PATH}:/home/wrs/factr_ws/install/python_utils:/home/wrs/factr_ws/install/factr_teleop:/home/wrs/factr_ws/install/cameras:/home/wrs/factr_ws/install/bc:/opt/ros/humble /usr/bin/cmake --build /home/wrs/factr_ws/build/franka_zmq_controller -- -j6 -l6
[2.024s] Invoking command in '/home/wrs/factr_ws/build/franka_zmq_controller': CMAKE_PREFIX_PATH=${CMAKE_PREFIX_PATH}:/home/wrs/factr_ws/install/python_utils:/home/wrs/factr_ws/install/factr_teleop:/home/wrs/factr_ws/install/cameras:/home/wrs/factr_ws/install/bc:/opt/ros/humble /usr/bin/cmake --install /home/wrs/factr_ws/build/franka_zmq_controller
[2.027s] -- Install configuration: ""
[2.028s] -- Execute custom install script
[2.029s] -- Up-to-date symlink: /home/wrs/factr_ws/install/franka_zmq_controller/lib/franka_zmq_controller/franka_zmq_controller_node
[2.029s] -- Up-to-date symlink: /home/wrs/factr_ws/install/franka_zmq_controller/share/ament_index/resource_index/package_run_dependencies/franka_zmq_controller
[2.030s] -- Up-to-date symlink: /home/wrs/factr_ws/install/franka_zmq_controller/share/ament_index/resource_index/parent_prefix_path/franka_zmq_controller
[2.031s] -- Up-to-date symlink: /home/wrs/factr_ws/install/franka_zmq_controller/share/franka_zmq_controller/environment/ament_prefix_path.sh
[2.032s] -- Up-to-date symlink: /home/wrs/factr_ws/install/franka_zmq_controller/share/franka_zmq_controller/environment/ament_prefix_path.dsv
[2.033s] -- Up-to-date symlink: /home/wrs/factr_ws/install/franka_zmq_controller/share/franka_zmq_controller/environment/path.sh
[2.033s] -- Up-to-date symlink: /home/wrs/factr_ws/install/franka_zmq_controller/share/franka_zmq_controller/environment/path.dsv
[2.034s] -- Up-to-date symlink: /home/wrs/factr_ws/install/franka_zmq_controller/share/franka_zmq_controller/local_setup.bash
[2.035s] -- Up-to-date symlink: /home/wrs/factr_ws/install/franka_zmq_controller/share/franka_zmq_controller/local_setup.sh
[2.036s] -- Up-to-date symlink: /home/wrs/factr_ws/install/franka_zmq_controller/share/franka_zmq_controller/local_setup.zsh
[2.036s] -- Up-to-date symlink: /home/wrs/factr_ws/install/franka_zmq_controller/share/franka_zmq_controller/local_setup.dsv
[2.037s] -- Symlinking: /home/wrs/factr_ws/install/franka_zmq_controller/share/franka_zmq_controller/package.dsv
[2.045s] -- Up-to-date symlink: /home/wrs/factr_ws/install/franka_zmq_controller/share/ament_index/resource_index/packages/franka_zmq_controller
[2.048s] -- Up-to-date symlink: /home/wrs/factr_ws/install/franka_zmq_controller/share/franka_zmq_controller/cmake/franka_zmq_controllerConfig.cmake
[2.048s] -- Up-to-date symlink: /home/wrs/factr_ws/install/franka_zmq_controller/share/franka_zmq_controller/cmake/franka_zmq_controllerConfig-version.cmake
[2.048s] -- Up-to-date symlink: /home/wrs/factr_ws/install/franka_zmq_controller/share/franka_zmq_controller/package.xml
[2.074s] Invoked command in '/home/wrs/factr_ws/build/franka_zmq_controller' returned '0': CMAKE_PREFIX_PATH=${CMAKE_PREFIX_PATH}:/home/wrs/factr_ws/install/python_utils:/home/wrs/factr_ws/install/factr_teleop:/home/wrs/factr_ws/install/cameras:/home/wrs/factr_ws/install/bc:/opt/ros/humble /usr/bin/cmake --install /home/wrs/factr_ws/build/franka_zmq_controller
