[0.012s] Invoking command in '/home/wrs/factr_ws/build/franka_zmq_controller': CMAKE_PREFIX_PATH=${CMAKE_PREFIX_PATH}:/home/wrs/factr_ws/install/python_utils:/home/wrs/factr_ws/install/factr_teleop:/home/wrs/factr_ws/install/cameras:/home/wrs/factr_ws/install/bc:/opt/ros/humble /usr/bin/cmake --build /home/wrs/factr_ws/build/franka_zmq_controller -- -j6 -l6
[0.032s] -- Found ament_cmake: 1.3.11 (/opt/ros/humble/share/ament_cmake/cmake)
[0.147s] -- Found rclcpp: 16.0.12 (/opt/ros/humble/share/rclcpp/cmake)
[0.175s] -- Found rosidl_generator_c: 3.1.6 (/opt/ros/humble/share/rosidl_generator_c/cmake)
[0.178s] -- Found rosidl_adapter: 3.1.6 (/opt/ros/humble/share/rosidl_adapter/cmake)
[0.183s] -- Found rosidl_generator_cpp: 3.1.6 (/opt/ros/humble/share/rosidl_generator_cpp/cmake)
[0.192s] -- Using all available rosidl_typesupport_c: rosidl_typesupport_fastrtps_c;rosidl_typesupport_introspection_c
[0.203s] -- Using all available rosidl_typesupport_cpp: rosidl_typesupport_fastrtps_cpp;rosidl_typesupport_introspection_cpp
[0.234s] -- Found rmw_implementation_cmake: 6.1.2 (/opt/ros/humble/share/rmw_implementation_cmake/cmake)
[0.235s] -- Found rmw_fastrtps_cpp: 6.2.7 (/opt/ros/humble/share/rmw_fastrtps_cpp/cmake)
[0.341s] -- Using RMW implementation 'rmw_fastrtps_cpp' as default
[0.465s] -- Configuring done
[0.473s] -- Generating done
[0.477s] -- Build files have been written to: /home/wrs/factr_ws/build/franka_zmq_controller
[0.504s] [35m[1mConsolidate compiler generated dependencies of target franka_zmq_controller_node[0m
[0.517s] [ 50%] [32mBuilding CXX object CMakeFiles/franka_zmq_controller_node.dir/src/controller_node.cpp.o[0m
[1.228s] [100%] [32m[1mLinking CXX executable franka_zmq_controller_node[0m
[1.386s] [100%] Built target franka_zmq_controller_node
[1.397s] Invoked command in '/home/wrs/factr_ws/build/franka_zmq_controller' returned '0': CMAKE_PREFIX_PATH=${CMAKE_PREFIX_PATH}:/home/wrs/factr_ws/install/python_utils:/home/wrs/factr_ws/install/factr_teleop:/home/wrs/factr_ws/install/cameras:/home/wrs/factr_ws/install/bc:/opt/ros/humble /usr/bin/cmake --build /home/wrs/factr_ws/build/franka_zmq_controller -- -j6 -l6
[1.406s] Invoking command in '/home/wrs/factr_ws/build/franka_zmq_controller': CMAKE_PREFIX_PATH=${CMAKE_PREFIX_PATH}:/home/wrs/factr_ws/install/python_utils:/home/wrs/factr_ws/install/factr_teleop:/home/wrs/factr_ws/install/cameras:/home/wrs/factr_ws/install/bc:/opt/ros/humble /usr/bin/cmake --install /home/wrs/factr_ws/build/franka_zmq_controller
[1.412s] -- Install configuration: ""
[1.412s] -- Installing: /home/wrs/factr_ws/install/franka_zmq_controller/lib/franka_zmq_controller/franka_zmq_controller_node
[1.412s] -- Set runtime path of "/home/wrs/factr_ws/install/franka_zmq_controller/lib/franka_zmq_controller/franka_zmq_controller_node" to ""
[1.412s] -- Installing: /home/wrs/factr_ws/install/franka_zmq_controller/share/ament_index/resource_index/package_run_dependencies/franka_zmq_controller
[1.413s] -- Installing: /home/wrs/factr_ws/install/franka_zmq_controller/share/ament_index/resource_index/parent_prefix_path/franka_zmq_controller
[1.413s] -- Installing: /home/wrs/factr_ws/install/franka_zmq_controller/share/franka_zmq_controller/environment/ament_prefix_path.sh
[1.413s] -- Installing: /home/wrs/factr_ws/install/franka_zmq_controller/share/franka_zmq_controller/environment/ament_prefix_path.dsv
[1.413s] -- Installing: /home/wrs/factr_ws/install/franka_zmq_controller/share/franka_zmq_controller/environment/path.sh
[1.413s] -- Installing: /home/wrs/factr_ws/install/franka_zmq_controller/share/franka_zmq_controller/environment/path.dsv
[1.413s] -- Installing: /home/wrs/factr_ws/install/franka_zmq_controller/share/franka_zmq_controller/local_setup.bash
[1.413s] -- Installing: /home/wrs/factr_ws/install/franka_zmq_controller/share/franka_zmq_controller/local_setup.sh
[1.413s] -- Installing: /home/wrs/factr_ws/install/franka_zmq_controller/share/franka_zmq_controller/local_setup.zsh
[1.414s] -- Installing: /home/wrs/factr_ws/install/franka_zmq_controller/share/franka_zmq_controller/local_setup.dsv
[1.414s] -- Installing: /home/wrs/factr_ws/install/franka_zmq_controller/share/franka_zmq_controller/package.dsv
[1.414s] -- Installing: /home/wrs/factr_ws/install/franka_zmq_controller/share/ament_index/resource_index/packages/franka_zmq_controller
[1.414s] -- Installing: /home/wrs/factr_ws/install/franka_zmq_controller/share/franka_zmq_controller/cmake/franka_zmq_controllerConfig.cmake
[1.414s] -- Installing: /home/wrs/factr_ws/install/franka_zmq_controller/share/franka_zmq_controller/cmake/franka_zmq_controllerConfig-version.cmake
[1.414s] -- Installing: /home/wrs/factr_ws/install/franka_zmq_controller/share/franka_zmq_controller/package.xml
[1.416s] Invoked command in '/home/wrs/factr_ws/build/franka_zmq_controller' returned '0': CMAKE_PREFIX_PATH=${CMAKE_PREFIX_PATH}:/home/wrs/factr_ws/install/python_utils:/home/wrs/factr_ws/install/factr_teleop:/home/wrs/factr_ws/install/cameras:/home/wrs/factr_ws/install/bc:/opt/ros/humble /usr/bin/cmake --install /home/wrs/factr_ws/build/franka_zmq_controller
