running develop
/usr/lib/python3/dist-packages/pkg_resources/__init__.py:116: PkgResourcesDeprecationWarning: 2.22.1ubuntu1 is an invalid version and will not be supported in a future release
  warnings.warn(
running egg_info
creating bc.egg-info
writing bc.egg-info/PKG-INFO
writing dependency_links to bc.egg-info/dependency_links.txt
writing entry points to bc.egg-info/entry_points.txt
writing requirements to bc.egg-info/requires.txt
writing top-level names to bc.egg-info/top_level.txt
writing manifest file 'bc.egg-info/SOURCES.txt'
reading manifest file 'bc.egg-info/SOURCES.txt'
writing manifest file 'bc.egg-info/SOURCES.txt'
running build_ext
Creating /home/wrs/factr_ws/install/bc/lib/python3.10/site-packages/bc.egg-link (link to .)
Installing data_record script to /home/wrs/factr_ws/install/bc/lib/bc
Installing data_sync script to /home/wrs/factr_ws/install/bc/lib/bc
Installing franka_bridge script to /home/wrs/factr_ws/install/bc/lib/bc
Installing policy_rollout script to /home/wrs/factr_ws/install/bc/lib/bc
Installing replay_traj script to /home/wrs/factr_ws/install/bc/lib/bc

Installed /home/wrs/factr_ws/build/bc
running symlink_data
creating /home/wrs/factr_ws/install/bc/share/ament_index
creating /home/wrs/factr_ws/install/bc/share/ament_index/resource_index
creating /home/wrs/factr_ws/install/bc/share/ament_index/resource_index/packages
symbolically linking /home/wrs/factr_ws/build/bc/resource/bc -> /home/wrs/factr_ws/install/bc/share/ament_index/resource_index/packages
symbolically linking /home/wrs/factr_ws/build/bc/package.xml -> /home/wrs/factr_ws/install/bc/share/bc
