[1.973s] Invoking command in '/home/wrs/factr_ws/build/bc': PYTHONPATH=/home/wrs/factr_ws/build/bc/prefix_override:/usr/lib/python3/dist-packages/colcon_core/task/python/colcon_distutils_commands:/home/wrs/factr_ws/install/bc/lib/python3.10/site-packages:${PYTHONPATH} /usr/bin/python3 -W ignore:setup.py install is deprecated -W ignore:easy_install command is deprecated setup.py develop --editable --build-directory /home/wrs/factr_ws/build/bc/build --no-deps symlink_data
[2.250s] running develop
[2.316s] /usr/lib/python3/dist-packages/pkg_resources/__init__.py:116: PkgResourcesDeprecationWarning: 2.22.1ubuntu1 is an invalid version and will not be supported in a future release
[2.316s]   warnings.warn(
[2.447s] running egg_info
[2.447s] creating bc.egg-info
[2.447s] writing bc.egg-info/PKG-INFO
[2.448s] writing dependency_links to bc.egg-info/dependency_links.txt
[2.448s] writing entry points to bc.egg-info/entry_points.txt
[2.448s] writing requirements to bc.egg-info/requires.txt
[2.449s] writing top-level names to bc.egg-info/top_level.txt
[2.449s] writing manifest file 'bc.egg-info/SOURCES.txt'
[2.450s] reading manifest file 'bc.egg-info/SOURCES.txt'
[2.450s] writing manifest file 'bc.egg-info/SOURCES.txt'
[2.452s] running build_ext
[2.452s] Creating /home/wrs/factr_ws/install/bc/lib/python3.10/site-packages/bc.egg-link (link to .)
[2.453s] Installing data_record script to /home/wrs/factr_ws/install/bc/lib/bc
[2.454s] Installing data_sync script to /home/wrs/factr_ws/install/bc/lib/bc
[2.454s] Installing franka_bridge script to /home/wrs/factr_ws/install/bc/lib/bc
[2.454s] Installing policy_rollout script to /home/wrs/factr_ws/install/bc/lib/bc
[2.454s] Installing replay_traj script to /home/wrs/factr_ws/install/bc/lib/bc
[2.454s] 
[2.454s] Installed /home/wrs/factr_ws/build/bc
[2.454s] running symlink_data
[2.454s] creating /home/wrs/factr_ws/install/bc/share/ament_index
[2.454s] creating /home/wrs/factr_ws/install/bc/share/ament_index/resource_index
[2.455s] creating /home/wrs/factr_ws/install/bc/share/ament_index/resource_index/packages
[2.455s] symbolically linking /home/wrs/factr_ws/build/bc/resource/bc -> /home/wrs/factr_ws/install/bc/share/ament_index/resource_index/packages
[2.455s] symbolically linking /home/wrs/factr_ws/build/bc/package.xml -> /home/wrs/factr_ws/install/bc/share/bc
[2.518s] Invoked command in '/home/wrs/factr_ws/build/bc' returned '0': PYTHONPATH=/home/wrs/factr_ws/build/bc/prefix_override:/usr/lib/python3/dist-packages/colcon_core/task/python/colcon_distutils_commands:/home/wrs/factr_ws/install/bc/lib/python3.10/site-packages:${PYTHONPATH} /usr/bin/python3 -W ignore:setup.py install is deprecated -W ignore:easy_install command is deprecated setup.py develop --editable --build-directory /home/wrs/factr_ws/build/bc/build --no-deps symlink_data
