[1.823s] Invoking command in '/home/wrs/factr_ws/build/bc': PYTHONPATH=/home/wrs/factr_ws/build/bc/prefix_override:/usr/lib/python3/dist-packages/colcon_core/task/python/colcon_distutils_commands:/home/wrs/factr_ws/install/bc/lib/python3.10/site-packages:${PYTHONPATH} /usr/bin/python3 -W ignore:setup.py install is deprecated -W ignore:easy_install command is deprecated setup.py develop --editable --build-directory /home/wrs/factr_ws/build/bc/build --no-deps symlink_data
[2.155s] running develop
[2.226s] /usr/lib/python3/dist-packages/pkg_resources/__init__.py:116: PkgResourcesDeprecationWarning: 2.22.1ubuntu1 is an invalid version and will not be supported in a future release
[2.226s]   warnings.warn(
[2.362s] running egg_info
[2.362s] writing bc.egg-info/PKG-INFO
[2.362s] writing dependency_links to bc.egg-info/dependency_links.txt
[2.363s] writing entry points to bc.egg-info/entry_points.txt
[2.363s] writing requirements to bc.egg-info/requires.txt
[2.363s] writing top-level names to bc.egg-info/top_level.txt
[2.365s] reading manifest file 'bc.egg-info/SOURCES.txt'
[2.365s] writing manifest file 'bc.egg-info/SOURCES.txt'
[2.367s] running build_ext
[2.367s] Creating /home/wrs/factr_ws/install/bc/lib/python3.10/site-packages/bc.egg-link (link to .)
[2.368s] Installing data_record script to /home/wrs/factr_ws/install/bc/lib/bc
[2.368s] Installing data_sync script to /home/wrs/factr_ws/install/bc/lib/bc
[2.368s] Installing franka_bridge script to /home/wrs/factr_ws/install/bc/lib/bc
[2.368s] Installing policy_rollout script to /home/wrs/factr_ws/install/bc/lib/bc
[2.368s] Installing replay_traj script to /home/wrs/factr_ws/install/bc/lib/bc
[2.369s] 
[2.369s] Installed /home/wrs/factr_ws/build/bc
[2.369s] running symlink_data
[2.423s] Invoked command in '/home/wrs/factr_ws/build/bc' returned '0': PYTHONPATH=/home/wrs/factr_ws/build/bc/prefix_override:/usr/lib/python3/dist-packages/colcon_core/task/python/colcon_distutils_commands:/home/wrs/factr_ws/install/bc/lib/python3.10/site-packages:${PYTHONPATH} /usr/bin/python3 -W ignore:setup.py install is deprecated -W ignore:easy_install command is deprecated setup.py develop --editable --build-directory /home/wrs/factr_ws/build/bc/build --no-deps symlink_data
