[1.811s] Invoking command in '/home/wrs/factr_ws/build/bc': PYTHONPATH=/home/wrs/factr_ws/build/bc/prefix_override:/usr/lib/python3/dist-packages/colcon_core/task/python/colcon_distutils_commands:/home/wrs/factr_ws/install/bc/lib/python3.10/site-packages:${PYTHONPATH} /usr/bin/python3 -W ignore:setup.py install is deprecated -W ignore:easy_install command is deprecated setup.py develop --editable --build-directory /home/wrs/factr_ws/build/bc/build --no-deps symlink_data
[2.118s] running develop
[2.190s] /usr/lib/python3/dist-packages/pkg_resources/__init__.py:116: PkgResourcesDeprecationWarning: 2.22.1ubuntu1 is an invalid version and will not be supported in a future release
[2.190s]   warnings.warn(
[2.326s] running egg_info
[2.326s] writing bc.egg-info/PKG-INFO
[2.326s] writing dependency_links to bc.egg-info/dependency_links.txt
[2.326s] writing entry points to bc.egg-info/entry_points.txt
[2.326s] writing requirements to bc.egg-info/requires.txt
[2.326s] writing top-level names to bc.egg-info/top_level.txt
[2.328s] reading manifest file 'bc.egg-info/SOURCES.txt'
[2.329s] writing manifest file 'bc.egg-info/SOURCES.txt'
[2.330s] running build_ext
[2.331s] Creating /home/wrs/factr_ws/install/bc/lib/python3.10/site-packages/bc.egg-link (link to .)
[2.331s] Installing data_record script to /home/wrs/factr_ws/install/bc/lib/bc
[2.331s] Installing data_sync script to /home/wrs/factr_ws/install/bc/lib/bc
[2.332s] Installing franka_bridge script to /home/wrs/factr_ws/install/bc/lib/bc
[2.332s] Installing policy_rollout script to /home/wrs/factr_ws/install/bc/lib/bc
[2.332s] Installing replay_traj script to /home/wrs/factr_ws/install/bc/lib/bc
[2.332s] 
[2.332s] Installed /home/wrs/factr_ws/build/bc
[2.332s] running symlink_data
[2.366s] Invoked command in '/home/wrs/factr_ws/build/bc' returned '0': PYTHONPATH=/home/wrs/factr_ws/build/bc/prefix_override:/usr/lib/python3/dist-packages/colcon_core/task/python/colcon_distutils_commands:/home/wrs/factr_ws/install/bc/lib/python3.10/site-packages:${PYTHONPATH} /usr/bin/python3 -W ignore:setup.py install is deprecated -W ignore:easy_install command is deprecated setup.py develop --editable --build-directory /home/wrs/factr_ws/build/bc/build --no-deps symlink_data
