running develop
/usr/lib/python3/dist-packages/pkg_resources/__init__.py:116: PkgResourcesDeprecationWarning: 2.22.1ubuntu1 is an invalid version and will not be supported in a future release
  warnings.warn(
running egg_info
creating factr_teleop.egg-info
writing factr_teleop.egg-info/PKG-INFO
writing dependency_links to factr_teleop.egg-info/dependency_links.txt
writing entry points to factr_teleop.egg-info/entry_points.txt
writing requirements to factr_teleop.egg-info/requires.txt
writing top-level names to factr_teleop.egg-info/top_level.txt
writing manifest file 'factr_teleop.egg-info/SOURCES.txt'
reading manifest file 'factr_teleop.egg-info/SOURCES.txt'
writing manifest file 'factr_teleop.egg-info/SOURCES.txt'
running build_ext
Creating /home/wrs/factr_ws/install/factr_teleop/lib/python3.10/site-packages/factr-teleop.egg-link (link to .)
Installing factr_teleop_franka script to /home/wrs/factr_ws/install/factr_teleop/lib/factr_teleop
Installing factr_teleop_grav_comp_demo script to /home/wrs/factr_ws/install/factr_teleop/lib/factr_teleop

Installed /home/wrs/factr_ws/build/factr_teleop
running symlink_data
creating /home/wrs/factr_ws/install/factr_teleop/share/ament_index
creating /home/wrs/factr_ws/install/factr_teleop/share/ament_index/resource_index
creating /home/wrs/factr_ws/install/factr_teleop/share/ament_index/resource_index/packages
symbolically linking /home/wrs/factr_ws/build/factr_teleop/resource/factr_teleop -> /home/wrs/factr_ws/install/factr_teleop/share/ament_index/resource_index/packages
symbolically linking /home/wrs/factr_ws/build/factr_teleop/package.xml -> /home/wrs/factr_ws/install/factr_teleop/share/factr_teleop
