[1.949s] Invoking command in '/home/wrs/factr_ws/build/factr_teleop': PYTHONPATH=/home/wrs/factr_ws/build/factr_teleop/prefix_override:/usr/lib/python3/dist-packages/colcon_core/task/python/colcon_distutils_commands:/home/wrs/factr_ws/install/factr_teleop/lib/python3.10/site-packages:${PYTHONPATH} /usr/bin/python3 -W ignore:setup.py install is deprecated -W ignore:easy_install command is deprecated setup.py develop --editable --build-directory /home/wrs/factr_ws/build/factr_teleop/build --no-deps symlink_data
[2.226s] running develop
[2.294s] /usr/lib/python3/dist-packages/pkg_resources/__init__.py:116: PkgResourcesDeprecationWarning: 2.22.1ubuntu1 is an invalid version and will not be supported in a future release
[2.294s]   warnings.warn(
[2.428s] running egg_info
[2.429s] creating factr_teleop.egg-info
[2.429s] writing factr_teleop.egg-info/PKG-INFO
[2.429s] writing dependency_links to factr_teleop.egg-info/dependency_links.txt
[2.429s] writing entry points to factr_teleop.egg-info/entry_points.txt
[2.429s] writing requirements to factr_teleop.egg-info/requires.txt
[2.429s] writing top-level names to factr_teleop.egg-info/top_level.txt
[2.429s] writing manifest file 'factr_teleop.egg-info/SOURCES.txt'
[2.431s] reading manifest file 'factr_teleop.egg-info/SOURCES.txt'
[2.432s] writing manifest file 'factr_teleop.egg-info/SOURCES.txt'
[2.433s] running build_ext
[2.433s] Creating /home/wrs/factr_ws/install/factr_teleop/lib/python3.10/site-packages/factr-teleop.egg-link (link to .)
[2.434s] Installing factr_teleop_franka script to /home/wrs/factr_ws/install/factr_teleop/lib/factr_teleop
[2.434s] Installing factr_teleop_grav_comp_demo script to /home/wrs/factr_ws/install/factr_teleop/lib/factr_teleop
[2.435s] 
[2.435s] Installed /home/wrs/factr_ws/build/factr_teleop
[2.435s] running symlink_data
[2.435s] creating /home/wrs/factr_ws/install/factr_teleop/share/ament_index
[2.436s] creating /home/wrs/factr_ws/install/factr_teleop/share/ament_index/resource_index
[2.436s] creating /home/wrs/factr_ws/install/factr_teleop/share/ament_index/resource_index/packages
[2.436s] symbolically linking /home/wrs/factr_ws/build/factr_teleop/resource/factr_teleop -> /home/wrs/factr_ws/install/factr_teleop/share/ament_index/resource_index/packages
[2.436s] symbolically linking /home/wrs/factr_ws/build/factr_teleop/package.xml -> /home/wrs/factr_ws/install/factr_teleop/share/factr_teleop
[2.480s] Invoked command in '/home/wrs/factr_ws/build/factr_teleop' returned '0': PYTHONPATH=/home/wrs/factr_ws/build/factr_teleop/prefix_override:/usr/lib/python3/dist-packages/colcon_core/task/python/colcon_distutils_commands:/home/wrs/factr_ws/install/factr_teleop/lib/python3.10/site-packages:${PYTHONPATH} /usr/bin/python3 -W ignore:setup.py install is deprecated -W ignore:easy_install command is deprecated setup.py develop --editable --build-directory /home/wrs/factr_ws/build/factr_teleop/build --no-deps symlink_data
