[1.742s] Invoking command in '/home/wrs/factr_ws/build/cameras': PYTHONPATH=/home/wrs/factr_ws/build/cameras/prefix_override:/usr/lib/python3/dist-packages/colcon_core/task/python/colcon_distutils_commands:/home/wrs/factr_ws/install/cameras/lib/python3.10/site-packages:${PYTHONPATH} /usr/bin/python3 -W ignore:setup.py install is deprecated -W ignore:easy_install command is deprecated setup.py develop --editable --build-directory /home/wrs/factr_ws/build/cameras/build --no-deps symlink_data
[2.031s] running develop
[2.102s] /usr/lib/python3/dist-packages/pkg_resources/__init__.py:116: PkgResourcesDeprecationWarning: 2.22.1ubuntu1 is an invalid version and will not be supported in a future release
[2.102s]   warnings.warn(
[2.245s] running egg_info
[2.245s] writing cameras.egg-info/PKG-INFO
[2.246s] writing dependency_links to cameras.egg-info/dependency_links.txt
[2.246s] writing entry points to cameras.egg-info/entry_points.txt
[2.247s] writing requirements to cameras.egg-info/requires.txt
[2.247s] writing top-level names to cameras.egg-info/top_level.txt
[2.250s] reading manifest file 'cameras.egg-info/SOURCES.txt'
[2.251s] writing manifest file 'cameras.egg-info/SOURCES.txt'
[2.254s] running build_ext
[2.255s] Creating /home/wrs/factr_ws/install/cameras/lib/python3.10/site-packages/cameras.egg-link (link to .)
[2.256s] Installing realsense script to /home/wrs/factr_ws/install/cameras/lib/cameras
[2.257s] Installing zed script to /home/wrs/factr_ws/install/cameras/lib/cameras
[2.257s] 
[2.258s] Installed /home/wrs/factr_ws/build/cameras
[2.258s] running symlink_data
[2.298s] Invoked command in '/home/wrs/factr_ws/build/cameras' returned '0': PYTHONPATH=/home/wrs/factr_ws/build/cameras/prefix_override:/usr/lib/python3/dist-packages/colcon_core/task/python/colcon_distutils_commands:/home/wrs/factr_ws/install/cameras/lib/python3.10/site-packages:${PYTHONPATH} /usr/bin/python3 -W ignore:setup.py install is deprecated -W ignore:easy_install command is deprecated setup.py develop --editable --build-directory /home/wrs/factr_ws/build/cameras/build --no-deps symlink_data
