[0.107s] DEBUG:colcon:Command line arguments: ['/usr/bin/colcon', 'build', '--symlink-install']
[0.107s] DEBUG:colcon:Parsed command line arguments: Namespace(log_base=None, log_level=None, verb_name='build', build_base='build', install_base='install', merge_install=False, symlink_install=True, test_result_base=None, continue_on_error=False, executor='parallel', parallel_workers=6, event_handlers=None, ignore_user_meta=False, metas=['./colcon.meta'], base_paths=['.'], packages_ignore=None, packages_ignore_regex=None, paths=None, packages_up_to=None, packages_up_to_regex=None, packages_above=None, packages_above_and_dependencies=None, packages_above_depth=None, packages_select_by_dep=None, packages_skip_by_dep=None, packages_skip_up_to=None, packages_select_build_failed=False, packages_skip_build_finished=False, packages_select_test_failures=False, packages_skip_test_passed=False, packages_select=None, packages_skip=None, packages_select_regex=None, packages_skip_regex=None, packages_start=None, packages_end=None, allow_overriding=[], cmake_args=None, cmake_target=None, cmake_target_skip_unavailable=False, cmake_clean_cache=False, cmake_clean_first=False, cmake_force_configure=False, ament_cmake_args=None, catkin_cmake_args=None, catkin_skip_building_tests=False, mixin_files=None, mixin=None, verb_parser=<colcon_mixin.mixin.mixin_argument.MixinArgumentDecorator object at 0x7f303d921510>, verb_extension=<colcon_core.verb.build.BuildVerb object at 0x7f303d921030>, main=<bound method BuildVerb.main of <colcon_core.verb.build.BuildVerb object at 0x7f303d921030>>, mixin_verb=('build',))
[0.286s] Level 1:colcon.colcon_core.package_discovery:discover_packages(colcon_meta) check parameters
[0.286s] Level 1:colcon.colcon_core.package_discovery:discover_packages(recursive) check parameters
[0.286s] Level 1:colcon.colcon_core.package_discovery:discover_packages(ignore) check parameters
[0.286s] Level 1:colcon.colcon_core.package_discovery:discover_packages(path) check parameters
[0.286s] Level 1:colcon.colcon_core.package_discovery:discover_packages(colcon_meta) discover
[0.286s] Level 1:colcon.colcon_core.package_discovery:discover_packages(recursive) discover
[0.286s] INFO:colcon.colcon_core.package_discovery:Crawling recursively for packages in '/home/wrs/factr_ws'
[0.286s] Level 1:colcon.colcon_core.package_identification:_identify(.) by extensions ['ignore', 'ignore_ament_install']
[0.286s] Level 1:colcon.colcon_core.package_identification:_identify(.) by extension 'ignore'
[0.286s] Level 1:colcon.colcon_core.package_identification:_identify(.) by extension 'ignore_ament_install'
[0.286s] Level 1:colcon.colcon_core.package_identification:_identify(.) by extensions ['colcon_pkg']
[0.286s] Level 1:colcon.colcon_core.package_identification:_identify(.) by extension 'colcon_pkg'
[0.286s] Level 1:colcon.colcon_core.package_identification:_identify(.) by extensions ['colcon_meta']
[0.286s] Level 1:colcon.colcon_core.package_identification:_identify(.) by extension 'colcon_meta'
[0.286s] Level 1:colcon.colcon_core.package_identification:_identify(.) by extensions ['ros']
[0.286s] Level 1:colcon.colcon_core.package_identification:_identify(.) by extension 'ros'
[0.298s] Level 1:colcon.colcon_core.package_identification:_identify(.) by extensions ['cmake', 'python']
[0.298s] Level 1:colcon.colcon_core.package_identification:_identify(.) by extension 'cmake'
[0.298s] Level 1:colcon.colcon_core.package_identification:_identify(.) by extension 'python'
[0.298s] Level 1:colcon.colcon_core.package_identification:_identify(.) by extensions ['python_setup_py']
[0.298s] Level 1:colcon.colcon_core.package_identification:_identify(.) by extension 'python_setup_py'
[0.299s] Level 1:colcon.colcon_core.package_identification:_identify(build) by extensions ['ignore', 'ignore_ament_install']
[0.299s] Level 1:colcon.colcon_core.package_identification:_identify(build) by extension 'ignore'
[0.299s] Level 1:colcon.colcon_core.package_identification:_identify(build) ignored
[0.299s] Level 1:colcon.colcon_core.package_identification:_identify(install) by extensions ['ignore', 'ignore_ament_install']
[0.299s] Level 1:colcon.colcon_core.package_identification:_identify(install) by extension 'ignore'
[0.299s] Level 1:colcon.colcon_core.package_identification:_identify(install) ignored
[0.299s] Level 1:colcon.colcon_core.package_identification:_identify(log) by extensions ['ignore', 'ignore_ament_install']
[0.299s] Level 1:colcon.colcon_core.package_identification:_identify(log) by extension 'ignore'
[0.299s] Level 1:colcon.colcon_core.package_identification:_identify(log) ignored
[0.299s] Level 1:colcon.colcon_core.package_identification:_identify(src) by extensions ['ignore', 'ignore_ament_install']
[0.299s] Level 1:colcon.colcon_core.package_identification:_identify(src) by extension 'ignore'
[0.299s] Level 1:colcon.colcon_core.package_identification:_identify(src) by extension 'ignore_ament_install'
[0.300s] Level 1:colcon.colcon_core.package_identification:_identify(src) by extensions ['colcon_pkg']
[0.300s] Level 1:colcon.colcon_core.package_identification:_identify(src) by extension 'colcon_pkg'
[0.300s] Level 1:colcon.colcon_core.package_identification:_identify(src) by extensions ['colcon_meta']
[0.300s] Level 1:colcon.colcon_core.package_identification:_identify(src) by extension 'colcon_meta'
[0.300s] Level 1:colcon.colcon_core.package_identification:_identify(src) by extensions ['ros']
[0.300s] Level 1:colcon.colcon_core.package_identification:_identify(src) by extension 'ros'
[0.300s] Level 1:colcon.colcon_core.package_identification:_identify(src) by extensions ['cmake', 'python']
[0.300s] Level 1:colcon.colcon_core.package_identification:_identify(src) by extension 'cmake'
[0.300s] Level 1:colcon.colcon_core.package_identification:_identify(src) by extension 'python'
[0.300s] Level 1:colcon.colcon_core.package_identification:_identify(src) by extensions ['python_setup_py']
[0.300s] Level 1:colcon.colcon_core.package_identification:_identify(src) by extension 'python_setup_py'
[0.300s] Level 1:colcon.colcon_core.package_identification:_identify(src/bc) by extensions ['ignore', 'ignore_ament_install']
[0.300s] Level 1:colcon.colcon_core.package_identification:_identify(src/bc) by extension 'ignore'
[0.300s] Level 1:colcon.colcon_core.package_identification:_identify(src/bc) by extension 'ignore_ament_install'
[0.300s] Level 1:colcon.colcon_core.package_identification:_identify(src/bc) by extensions ['colcon_pkg']
[0.300s] Level 1:colcon.colcon_core.package_identification:_identify(src/bc) by extension 'colcon_pkg'
[0.300s] Level 1:colcon.colcon_core.package_identification:_identify(src/bc) by extensions ['colcon_meta']
[0.300s] Level 1:colcon.colcon_core.package_identification:_identify(src/bc) by extension 'colcon_meta'
[0.300s] Level 1:colcon.colcon_core.package_identification:_identify(src/bc) by extensions ['ros']
[0.300s] Level 1:colcon.colcon_core.package_identification:_identify(src/bc) by extension 'ros'
[0.303s] DEBUG:colcon.colcon_core.package_identification:Package 'src/bc' with type 'ros.ament_python' and name 'bc'
[0.303s] Level 1:colcon.colcon_core.package_identification:_identify(src/cameras) by extensions ['ignore', 'ignore_ament_install']
[0.303s] Level 1:colcon.colcon_core.package_identification:_identify(src/cameras) by extension 'ignore'
[0.303s] Level 1:colcon.colcon_core.package_identification:_identify(src/cameras) by extension 'ignore_ament_install'
[0.303s] Level 1:colcon.colcon_core.package_identification:_identify(src/cameras) by extensions ['colcon_pkg']
[0.303s] Level 1:colcon.colcon_core.package_identification:_identify(src/cameras) by extension 'colcon_pkg'
[0.303s] Level 1:colcon.colcon_core.package_identification:_identify(src/cameras) by extensions ['colcon_meta']
[0.303s] Level 1:colcon.colcon_core.package_identification:_identify(src/cameras) by extension 'colcon_meta'
[0.303s] Level 1:colcon.colcon_core.package_identification:_identify(src/cameras) by extensions ['ros']
[0.303s] Level 1:colcon.colcon_core.package_identification:_identify(src/cameras) by extension 'ros'
[0.312s] DEBUG:colcon.colcon_core.package_identification:Package 'src/cameras' with type 'ros.ament_python' and name 'cameras'
[0.312s] Level 1:colcon.colcon_core.package_identification:_identify(src/factr_teleop) by extensions ['ignore', 'ignore_ament_install']
[0.312s] Level 1:colcon.colcon_core.package_identification:_identify(src/factr_teleop) by extension 'ignore'
[0.312s] Level 1:colcon.colcon_core.package_identification:_identify(src/factr_teleop) by extension 'ignore_ament_install'
[0.312s] Level 1:colcon.colcon_core.package_identification:_identify(src/factr_teleop) by extensions ['colcon_pkg']
[0.312s] Level 1:colcon.colcon_core.package_identification:_identify(src/factr_teleop) by extension 'colcon_pkg'
[0.312s] Level 1:colcon.colcon_core.package_identification:_identify(src/factr_teleop) by extensions ['colcon_meta']
[0.312s] Level 1:colcon.colcon_core.package_identification:_identify(src/factr_teleop) by extension 'colcon_meta'
[0.312s] Level 1:colcon.colcon_core.package_identification:_identify(src/factr_teleop) by extensions ['ros']
[0.312s] Level 1:colcon.colcon_core.package_identification:_identify(src/factr_teleop) by extension 'ros'
[0.313s] DEBUG:colcon.colcon_core.package_identification:Package 'src/factr_teleop' with type 'ros.ament_python' and name 'factr_teleop'
[0.313s] Level 1:colcon.colcon_core.package_identification:_identify(src/franka_zmq_controller) by extensions ['ignore', 'ignore_ament_install']
[0.313s] Level 1:colcon.colcon_core.package_identification:_identify(src/franka_zmq_controller) by extension 'ignore'
[0.313s] Level 1:colcon.colcon_core.package_identification:_identify(src/franka_zmq_controller) by extension 'ignore_ament_install'
[0.313s] Level 1:colcon.colcon_core.package_identification:_identify(src/franka_zmq_controller) by extensions ['colcon_pkg']
[0.313s] Level 1:colcon.colcon_core.package_identification:_identify(src/franka_zmq_controller) by extension 'colcon_pkg'
[0.313s] Level 1:colcon.colcon_core.package_identification:_identify(src/franka_zmq_controller) by extensions ['colcon_meta']
[0.313s] Level 1:colcon.colcon_core.package_identification:_identify(src/franka_zmq_controller) by extension 'colcon_meta'
[0.313s] Level 1:colcon.colcon_core.package_identification:_identify(src/franka_zmq_controller) by extensions ['ros']
[0.313s] Level 1:colcon.colcon_core.package_identification:_identify(src/franka_zmq_controller) by extension 'ros'
[0.314s] DEBUG:colcon.colcon_core.package_identification:Package 'src/franka_zmq_controller' with type 'ros.ament_cmake' and name 'franka_zmq_controller'
[0.314s] Level 1:colcon.colcon_core.package_identification:_identify(src/python_utils) by extensions ['ignore', 'ignore_ament_install']
[0.314s] Level 1:colcon.colcon_core.package_identification:_identify(src/python_utils) by extension 'ignore'
[0.314s] Level 1:colcon.colcon_core.package_identification:_identify(src/python_utils) by extension 'ignore_ament_install'
[0.314s] Level 1:colcon.colcon_core.package_identification:_identify(src/python_utils) by extensions ['colcon_pkg']
[0.314s] Level 1:colcon.colcon_core.package_identification:_identify(src/python_utils) by extension 'colcon_pkg'
[0.314s] Level 1:colcon.colcon_core.package_identification:_identify(src/python_utils) by extensions ['colcon_meta']
[0.314s] Level 1:colcon.colcon_core.package_identification:_identify(src/python_utils) by extension 'colcon_meta'
[0.314s] Level 1:colcon.colcon_core.package_identification:_identify(src/python_utils) by extensions ['ros']
[0.314s] Level 1:colcon.colcon_core.package_identification:_identify(src/python_utils) by extension 'ros'
[0.315s] DEBUG:colcon.colcon_core.package_identification:Package 'src/python_utils' with type 'ros.ament_python' and name 'python_utils'
[0.315s] Level 1:colcon.colcon_core.package_discovery:discover_packages(recursive) using defaults
[0.315s] Level 1:colcon.colcon_core.package_discovery:discover_packages(ignore) discover
[0.315s] Level 1:colcon.colcon_core.package_discovery:discover_packages(ignore) using defaults
[0.315s] Level 1:colcon.colcon_core.package_discovery:discover_packages(path) discover
[0.315s] Level 1:colcon.colcon_core.package_discovery:discover_packages(path) using defaults
[0.335s] Level 1:colcon.colcon_core.package_discovery:discover_packages(prefix_path) check parameters
[0.335s] Level 1:colcon.colcon_core.package_discovery:discover_packages(prefix_path) discover
[0.337s] DEBUG:colcon.colcon_installed_package_information.package_discovery:Found 5 installed packages in /home/wrs/factr_ws/install
[0.339s] DEBUG:colcon.colcon_installed_package_information.package_discovery:Found 352 installed packages in /opt/ros/humble
[0.340s] Level 1:colcon.colcon_core.package_discovery:discover_packages(prefix_path) using defaults
[0.386s] Level 5:colcon.colcon_core.verb:set package 'bc' build argument 'cmake_args' from command line to 'None'
[0.386s] Level 5:colcon.colcon_core.verb:set package 'bc' build argument 'cmake_target' from command line to 'None'
[0.386s] Level 5:colcon.colcon_core.verb:set package 'bc' build argument 'cmake_target_skip_unavailable' from command line to 'False'
[0.386s] Level 5:colcon.colcon_core.verb:set package 'bc' build argument 'cmake_clean_cache' from command line to 'False'
[0.386s] Level 5:colcon.colcon_core.verb:set package 'bc' build argument 'cmake_clean_first' from command line to 'False'
[0.386s] Level 5:colcon.colcon_core.verb:set package 'bc' build argument 'cmake_force_configure' from command line to 'False'
[0.386s] Level 5:colcon.colcon_core.verb:set package 'bc' build argument 'ament_cmake_args' from command line to 'None'
[0.386s] Level 5:colcon.colcon_core.verb:set package 'bc' build argument 'catkin_cmake_args' from command line to 'None'
[0.386s] Level 5:colcon.colcon_core.verb:set package 'bc' build argument 'catkin_skip_building_tests' from command line to 'False'
[0.386s] DEBUG:colcon.colcon_core.verb:Building package 'bc' with the following arguments: {'ament_cmake_args': None, 'build_base': '/home/wrs/factr_ws/build/bc', 'catkin_cmake_args': None, 'catkin_skip_building_tests': False, 'cmake_args': None, 'cmake_clean_cache': False, 'cmake_clean_first': False, 'cmake_force_configure': False, 'cmake_target': None, 'cmake_target_skip_unavailable': False, 'install_base': '/home/wrs/factr_ws/install/bc', 'merge_install': False, 'path': '/home/wrs/factr_ws/src/bc', 'symlink_install': True, 'test_result_base': None}
[0.386s] Level 5:colcon.colcon_core.verb:set package 'cameras' build argument 'cmake_args' from command line to 'None'
[0.386s] Level 5:colcon.colcon_core.verb:set package 'cameras' build argument 'cmake_target' from command line to 'None'
[0.386s] Level 5:colcon.colcon_core.verb:set package 'cameras' build argument 'cmake_target_skip_unavailable' from command line to 'False'
[0.386s] Level 5:colcon.colcon_core.verb:set package 'cameras' build argument 'cmake_clean_cache' from command line to 'False'
[0.386s] Level 5:colcon.colcon_core.verb:set package 'cameras' build argument 'cmake_clean_first' from command line to 'False'
[0.386s] Level 5:colcon.colcon_core.verb:set package 'cameras' build argument 'cmake_force_configure' from command line to 'False'
[0.386s] Level 5:colcon.colcon_core.verb:set package 'cameras' build argument 'ament_cmake_args' from command line to 'None'
[0.386s] Level 5:colcon.colcon_core.verb:set package 'cameras' build argument 'catkin_cmake_args' from command line to 'None'
[0.386s] Level 5:colcon.colcon_core.verb:set package 'cameras' build argument 'catkin_skip_building_tests' from command line to 'False'
[0.386s] DEBUG:colcon.colcon_core.verb:Building package 'cameras' with the following arguments: {'ament_cmake_args': None, 'build_base': '/home/wrs/factr_ws/build/cameras', 'catkin_cmake_args': None, 'catkin_skip_building_tests': False, 'cmake_args': None, 'cmake_clean_cache': False, 'cmake_clean_first': False, 'cmake_force_configure': False, 'cmake_target': None, 'cmake_target_skip_unavailable': False, 'install_base': '/home/wrs/factr_ws/install/cameras', 'merge_install': False, 'path': '/home/wrs/factr_ws/src/cameras', 'symlink_install': True, 'test_result_base': None}
[0.387s] Level 5:colcon.colcon_core.verb:set package 'factr_teleop' build argument 'cmake_args' from command line to 'None'
[0.387s] Level 5:colcon.colcon_core.verb:set package 'factr_teleop' build argument 'cmake_target' from command line to 'None'
[0.387s] Level 5:colcon.colcon_core.verb:set package 'factr_teleop' build argument 'cmake_target_skip_unavailable' from command line to 'False'
[0.387s] Level 5:colcon.colcon_core.verb:set package 'factr_teleop' build argument 'cmake_clean_cache' from command line to 'False'
[0.387s] Level 5:colcon.colcon_core.verb:set package 'factr_teleop' build argument 'cmake_clean_first' from command line to 'False'
[0.387s] Level 5:colcon.colcon_core.verb:set package 'factr_teleop' build argument 'cmake_force_configure' from command line to 'False'
[0.387s] Level 5:colcon.colcon_core.verb:set package 'factr_teleop' build argument 'ament_cmake_args' from command line to 'None'
[0.387s] Level 5:colcon.colcon_core.verb:set package 'factr_teleop' build argument 'catkin_cmake_args' from command line to 'None'
[0.387s] Level 5:colcon.colcon_core.verb:set package 'factr_teleop' build argument 'catkin_skip_building_tests' from command line to 'False'
[0.387s] DEBUG:colcon.colcon_core.verb:Building package 'factr_teleop' with the following arguments: {'ament_cmake_args': None, 'build_base': '/home/wrs/factr_ws/build/factr_teleop', 'catkin_cmake_args': None, 'catkin_skip_building_tests': False, 'cmake_args': None, 'cmake_clean_cache': False, 'cmake_clean_first': False, 'cmake_force_configure': False, 'cmake_target': None, 'cmake_target_skip_unavailable': False, 'install_base': '/home/wrs/factr_ws/install/factr_teleop', 'merge_install': False, 'path': '/home/wrs/factr_ws/src/factr_teleop', 'symlink_install': True, 'test_result_base': None}
[0.387s] Level 5:colcon.colcon_core.verb:set package 'franka_zmq_controller' build argument 'cmake_args' from command line to 'None'
[0.387s] Level 5:colcon.colcon_core.verb:set package 'franka_zmq_controller' build argument 'cmake_target' from command line to 'None'
[0.387s] Level 5:colcon.colcon_core.verb:set package 'franka_zmq_controller' build argument 'cmake_target_skip_unavailable' from command line to 'False'
[0.387s] Level 5:colcon.colcon_core.verb:set package 'franka_zmq_controller' build argument 'cmake_clean_cache' from command line to 'False'
[0.388s] Level 5:colcon.colcon_core.verb:set package 'franka_zmq_controller' build argument 'cmake_clean_first' from command line to 'False'
[0.388s] Level 5:colcon.colcon_core.verb:set package 'franka_zmq_controller' build argument 'cmake_force_configure' from command line to 'False'
[0.388s] Level 5:colcon.colcon_core.verb:set package 'franka_zmq_controller' build argument 'ament_cmake_args' from command line to 'None'
[0.388s] Level 5:colcon.colcon_core.verb:set package 'franka_zmq_controller' build argument 'catkin_cmake_args' from command line to 'None'
[0.388s] Level 5:colcon.colcon_core.verb:set package 'franka_zmq_controller' build argument 'catkin_skip_building_tests' from command line to 'False'
[0.388s] DEBUG:colcon.colcon_core.verb:Building package 'franka_zmq_controller' with the following arguments: {'ament_cmake_args': None, 'build_base': '/home/wrs/factr_ws/build/franka_zmq_controller', 'catkin_cmake_args': None, 'catkin_skip_building_tests': False, 'cmake_args': None, 'cmake_clean_cache': False, 'cmake_clean_first': False, 'cmake_force_configure': False, 'cmake_target': None, 'cmake_target_skip_unavailable': False, 'install_base': '/home/wrs/factr_ws/install/franka_zmq_controller', 'merge_install': False, 'path': '/home/wrs/factr_ws/src/franka_zmq_controller', 'symlink_install': True, 'test_result_base': None}
[0.388s] Level 5:colcon.colcon_core.verb:set package 'python_utils' build argument 'cmake_args' from command line to 'None'
[0.388s] Level 5:colcon.colcon_core.verb:set package 'python_utils' build argument 'cmake_target' from command line to 'None'
[0.388s] Level 5:colcon.colcon_core.verb:set package 'python_utils' build argument 'cmake_target_skip_unavailable' from command line to 'False'
[0.388s] Level 5:colcon.colcon_core.verb:set package 'python_utils' build argument 'cmake_clean_cache' from command line to 'False'
[0.388s] Level 5:colcon.colcon_core.verb:set package 'python_utils' build argument 'cmake_clean_first' from command line to 'False'
[0.388s] Level 5:colcon.colcon_core.verb:set package 'python_utils' build argument 'cmake_force_configure' from command line to 'False'
[0.388s] Level 5:colcon.colcon_core.verb:set package 'python_utils' build argument 'ament_cmake_args' from command line to 'None'
[0.388s] Level 5:colcon.colcon_core.verb:set package 'python_utils' build argument 'catkin_cmake_args' from command line to 'None'
[0.388s] Level 5:colcon.colcon_core.verb:set package 'python_utils' build argument 'catkin_skip_building_tests' from command line to 'False'
[0.388s] DEBUG:colcon.colcon_core.verb:Building package 'python_utils' with the following arguments: {'ament_cmake_args': None, 'build_base': '/home/wrs/factr_ws/build/python_utils', 'catkin_cmake_args': None, 'catkin_skip_building_tests': False, 'cmake_args': None, 'cmake_clean_cache': False, 'cmake_clean_first': False, 'cmake_force_configure': False, 'cmake_target': None, 'cmake_target_skip_unavailable': False, 'install_base': '/home/wrs/factr_ws/install/python_utils', 'merge_install': False, 'path': '/home/wrs/factr_ws/src/python_utils', 'symlink_install': True, 'test_result_base': None}
[0.388s] INFO:colcon.colcon_core.executor:Executing jobs using 'parallel' executor
[0.389s] DEBUG:colcon.colcon_parallel_executor.executor.parallel:run_until_complete
[0.389s] INFO:colcon.colcon_ros.task.ament_python.build:Building ROS package in '/home/wrs/factr_ws/src/bc' with build type 'ament_python'
[0.390s] Level 1:colcon.colcon_core.shell:create_environment_hook('bc', 'ament_prefix_path')
[0.392s] INFO:colcon.colcon_core.plugin_system:Skipping extension 'colcon_core.shell.bat': Not used on non-Windows systems
[0.392s] INFO:colcon.colcon_core.shell:Creating environment hook '/home/wrs/factr_ws/install/bc/share/bc/hook/ament_prefix_path.ps1'
[0.393s] INFO:colcon.colcon_core.shell:Creating environment descriptor '/home/wrs/factr_ws/install/bc/share/bc/hook/ament_prefix_path.dsv'
[0.394s] INFO:colcon.colcon_core.shell:Creating environment hook '/home/wrs/factr_ws/install/bc/share/bc/hook/ament_prefix_path.sh'
[0.395s] INFO:colcon.colcon_core.shell:Skip shell extension 'powershell' for command environment: Not usable outside of PowerShell
[0.395s] DEBUG:colcon.colcon_core.shell:Skip shell extension 'dsv' for command environment
[0.399s] INFO:colcon.colcon_ros.task.ament_python.build:Building ROS package in '/home/wrs/factr_ws/src/cameras' with build type 'ament_python'
[0.400s] Level 1:colcon.colcon_core.shell:create_environment_hook('cameras', 'ament_prefix_path')
[0.400s] INFO:colcon.colcon_core.shell:Creating environment hook '/home/wrs/factr_ws/install/cameras/share/cameras/hook/ament_prefix_path.ps1'
[0.401s] INFO:colcon.colcon_core.shell:Creating environment descriptor '/home/wrs/factr_ws/install/cameras/share/cameras/hook/ament_prefix_path.dsv'
[0.401s] INFO:colcon.colcon_core.shell:Creating environment hook '/home/wrs/factr_ws/install/cameras/share/cameras/hook/ament_prefix_path.sh'
[0.402s] INFO:colcon.colcon_core.shell:Skip shell extension 'powershell' for command environment: Not usable outside of PowerShell
[0.402s] DEBUG:colcon.colcon_core.shell:Skip shell extension 'dsv' for command environment
[0.405s] INFO:colcon.colcon_ros.task.ament_python.build:Building ROS package in '/home/wrs/factr_ws/src/factr_teleop' with build type 'ament_python'
[0.405s] Level 1:colcon.colcon_core.shell:create_environment_hook('factr_teleop', 'ament_prefix_path')
[0.406s] INFO:colcon.colcon_core.shell:Creating environment hook '/home/wrs/factr_ws/install/factr_teleop/share/factr_teleop/hook/ament_prefix_path.ps1'
[0.406s] INFO:colcon.colcon_core.shell:Creating environment descriptor '/home/wrs/factr_ws/install/factr_teleop/share/factr_teleop/hook/ament_prefix_path.dsv'
[0.407s] INFO:colcon.colcon_core.shell:Creating environment hook '/home/wrs/factr_ws/install/factr_teleop/share/factr_teleop/hook/ament_prefix_path.sh'
[0.407s] INFO:colcon.colcon_core.shell:Skip shell extension 'powershell' for command environment: Not usable outside of PowerShell
[0.407s] DEBUG:colcon.colcon_core.shell:Skip shell extension 'dsv' for command environment
[0.410s] INFO:colcon.colcon_ros.task.ament_cmake.build:Building ROS package in '/home/wrs/factr_ws/src/franka_zmq_controller' with build type 'ament_cmake'
[0.410s] INFO:colcon.colcon_cmake.task.cmake.build:Building CMake package in '/home/wrs/factr_ws/src/franka_zmq_controller'
[0.410s] INFO:colcon.colcon_core.shell:Skip shell extension 'powershell' for command environment: Not usable outside of PowerShell
[0.410s] DEBUG:colcon.colcon_core.shell:Skip shell extension 'dsv' for command environment
[0.414s] INFO:colcon.colcon_ros.task.ament_python.build:Building ROS package in '/home/wrs/factr_ws/src/python_utils' with build type 'ament_python'
[0.414s] Level 1:colcon.colcon_core.shell:create_environment_hook('python_utils', 'ament_prefix_path')
[0.414s] INFO:colcon.colcon_core.shell:Creating environment hook '/home/wrs/factr_ws/install/python_utils/share/python_utils/hook/ament_prefix_path.ps1'
[0.415s] INFO:colcon.colcon_core.shell:Creating environment descriptor '/home/wrs/factr_ws/install/python_utils/share/python_utils/hook/ament_prefix_path.dsv'
[0.415s] INFO:colcon.colcon_core.shell:Creating environment hook '/home/wrs/factr_ws/install/python_utils/share/python_utils/hook/ament_prefix_path.sh'
[0.416s] INFO:colcon.colcon_core.shell:Skip shell extension 'powershell' for command environment: Not usable outside of PowerShell
[0.416s] DEBUG:colcon.colcon_core.shell:Skip shell extension 'dsv' for command environment
[0.702s] INFO:colcon.colcon_core.task.python.build:Building Python package in '/home/wrs/factr_ws/src/bc'
[0.702s] INFO:colcon.colcon_core.shell:Skip shell extension 'powershell' for command environment: Not usable outside of PowerShell
[0.702s] DEBUG:colcon.colcon_core.shell:Skip shell extension 'dsv' for command environment
[0.989s] INFO:colcon.colcon_core.task.python.build:Building Python package in '/home/wrs/factr_ws/src/cameras'
[0.989s] INFO:colcon.colcon_core.shell:Skip shell extension 'powershell' for command environment: Not usable outside of PowerShell
[0.989s] DEBUG:colcon.colcon_core.shell:Skip shell extension 'dsv' for command environment
[1.279s] INFO:colcon.colcon_core.task.python.build:Building Python package in '/home/wrs/factr_ws/src/factr_teleop'
[1.280s] INFO:colcon.colcon_core.shell:Skip shell extension 'powershell' for command environment: Not usable outside of PowerShell
[1.280s] DEBUG:colcon.colcon_core.shell:Skip shell extension 'dsv' for command environment
[1.286s] DEBUG:colcon.colcon_core.event_handler.log_command:Invoking command in '/home/wrs/factr_ws/build/franka_zmq_controller': CMAKE_PREFIX_PATH=${CMAKE_PREFIX_PATH}:/home/wrs/factr_ws/install/python_utils:/home/wrs/factr_ws/install/factr_teleop:/home/wrs/factr_ws/install/cameras:/home/wrs/factr_ws/install/bc:/opt/ros/humble /usr/bin/cmake --build /home/wrs/factr_ws/build/franka_zmq_controller -- -j6 -l6
[1.576s] INFO:colcon.colcon_core.task.python.build:Building Python package in '/home/wrs/factr_ws/src/python_utils'
[1.576s] INFO:colcon.colcon_core.shell:Skip shell extension 'powershell' for command environment: Not usable outside of PowerShell
[1.576s] DEBUG:colcon.colcon_core.shell:Skip shell extension 'dsv' for command environment
[2.241s] DEBUG:colcon.colcon_core.event_handler.log_command:Invoking command in '/home/wrs/factr_ws/build/factr_teleop': PYTHONPATH=/home/wrs/factr_ws/build/factr_teleop/prefix_override:/usr/lib/python3/dist-packages/colcon_core/task/python/colcon_distutils_commands:/home/wrs/factr_ws/install/factr_teleop/lib/python3.10/site-packages:${PYTHONPATH} /usr/bin/python3 -W ignore:setup.py install is deprecated -W ignore:easy_install command is deprecated setup.py develop --editable --build-directory /home/wrs/factr_ws/build/factr_teleop/build --no-deps symlink_data
[2.261s] DEBUG:colcon.colcon_core.event_handler.log_command:Invoking command in '/home/wrs/factr_ws/build/bc': PYTHONPATH=/home/wrs/factr_ws/build/bc/prefix_override:/usr/lib/python3/dist-packages/colcon_core/task/python/colcon_distutils_commands:/home/wrs/factr_ws/install/bc/lib/python3.10/site-packages:${PYTHONPATH} /usr/bin/python3 -W ignore:setup.py install is deprecated -W ignore:easy_install command is deprecated setup.py develop --editable --build-directory /home/wrs/factr_ws/build/bc/build --no-deps symlink_data
[2.360s] DEBUG:colcon.colcon_core.event_handler.log_command:Invoking command in '/home/wrs/factr_ws/build/python_utils': PYTHONPATH=/home/wrs/factr_ws/build/python_utils/prefix_override:/usr/lib/python3/dist-packages/colcon_core/task/python/colcon_distutils_commands:/home/wrs/factr_ws/install/python_utils/lib/python3.10/site-packages:${PYTHONPATH} /usr/bin/python3 -W ignore:setup.py install is deprecated -W ignore:easy_install command is deprecated setup.py develop --editable --build-directory /home/wrs/factr_ws/build/python_utils/build --no-deps symlink_data
[2.393s] DEBUG:colcon.colcon_core.event_handler.log_command:Invoking command in '/home/wrs/factr_ws/build/cameras': PYTHONPATH=/home/wrs/factr_ws/build/cameras/prefix_override:/usr/lib/python3/dist-packages/colcon_core/task/python/colcon_distutils_commands:/home/wrs/factr_ws/install/cameras/lib/python3.10/site-packages:${PYTHONPATH} /usr/bin/python3 -W ignore:setup.py install is deprecated -W ignore:easy_install command is deprecated setup.py develop --editable --build-directory /home/wrs/factr_ws/build/cameras/build --no-deps symlink_data
[2.601s] DEBUG:colcon.colcon_core.event_handler.log_command:Invoked command in '/home/wrs/factr_ws/build/franka_zmq_controller' returned '0': CMAKE_PREFIX_PATH=${CMAKE_PREFIX_PATH}:/home/wrs/factr_ws/install/python_utils:/home/wrs/factr_ws/install/factr_teleop:/home/wrs/factr_ws/install/cameras:/home/wrs/factr_ws/install/bc:/opt/ros/humble /usr/bin/cmake --build /home/wrs/factr_ws/build/franka_zmq_controller -- -j6 -l6
[2.610s] DEBUG:colcon.colcon_core.event_handler.log_command:Invoking command in '/home/wrs/factr_ws/build/franka_zmq_controller': CMAKE_PREFIX_PATH=${CMAKE_PREFIX_PATH}:/home/wrs/factr_ws/install/python_utils:/home/wrs/factr_ws/install/factr_teleop:/home/wrs/factr_ws/install/cameras:/home/wrs/factr_ws/install/bc:/opt/ros/humble /usr/bin/cmake --install /home/wrs/factr_ws/build/franka_zmq_controller
[2.633s] Level 1:colcon.colcon_core.environment:create_environment_scripts_only(franka_zmq_controller)
[2.633s] DEBUG:colcon.colcon_core.event_handler.log_command:Invoked command in '/home/wrs/factr_ws/build/franka_zmq_controller' returned '0': CMAKE_PREFIX_PATH=${CMAKE_PREFIX_PATH}:/home/wrs/factr_ws/install/python_utils:/home/wrs/factr_ws/install/factr_teleop:/home/wrs/factr_ws/install/cameras:/home/wrs/factr_ws/install/bc:/opt/ros/humble /usr/bin/cmake --install /home/wrs/factr_ws/build/franka_zmq_controller
[2.636s] Level 1:colcon.colcon_core.environment:checking '/home/wrs/factr_ws/install/franka_zmq_controller' for CMake module files
[2.636s] Level 1:colcon.colcon_core.environment:checking '/home/wrs/factr_ws/install/franka_zmq_controller' for CMake config files
[2.637s] Level 1:colcon.colcon_core.shell:create_environment_hook('franka_zmq_controller', 'cmake_prefix_path')
[2.637s] INFO:colcon.colcon_core.shell:Creating environment hook '/home/wrs/factr_ws/install/franka_zmq_controller/share/franka_zmq_controller/hook/cmake_prefix_path.ps1'
[2.638s] INFO:colcon.colcon_core.shell:Creating environment descriptor '/home/wrs/factr_ws/install/franka_zmq_controller/share/franka_zmq_controller/hook/cmake_prefix_path.dsv'
[2.639s] INFO:colcon.colcon_core.shell:Creating environment hook '/home/wrs/factr_ws/install/franka_zmq_controller/share/franka_zmq_controller/hook/cmake_prefix_path.sh'
[2.640s] Level 1:colcon.colcon_core.environment:checking '/home/wrs/factr_ws/install/franka_zmq_controller/lib'
[2.640s] Level 1:colcon.colcon_core.environment:checking '/home/wrs/factr_ws/install/franka_zmq_controller/bin'
[2.640s] Level 1:colcon.colcon_core.environment:checking '/home/wrs/factr_ws/install/franka_zmq_controller/lib/pkgconfig/franka_zmq_controller.pc'
[2.640s] Level 1:colcon.colcon_core.environment:checking '/home/wrs/factr_ws/install/franka_zmq_controller/lib/python3.10/site-packages'
[2.641s] Level 1:colcon.colcon_core.environment:checking '/home/wrs/factr_ws/install/franka_zmq_controller/bin'
[2.641s] INFO:colcon.colcon_core.shell:Creating package script '/home/wrs/factr_ws/install/franka_zmq_controller/share/franka_zmq_controller/package.ps1'
[2.643s] INFO:colcon.colcon_core.shell:Creating package descriptor '/home/wrs/factr_ws/install/franka_zmq_controller/share/franka_zmq_controller/package.dsv'
[2.643s] INFO:colcon.colcon_core.shell:Creating package script '/home/wrs/factr_ws/install/franka_zmq_controller/share/franka_zmq_controller/package.sh'
[2.645s] INFO:colcon.colcon_core.shell:Creating package script '/home/wrs/factr_ws/install/franka_zmq_controller/share/franka_zmq_controller/package.bash'
[2.645s] INFO:colcon.colcon_core.shell:Creating package script '/home/wrs/factr_ws/install/franka_zmq_controller/share/franka_zmq_controller/package.zsh'
[2.646s] Level 1:colcon.colcon_core.environment:create_file_with_runtime_dependencies(/home/wrs/factr_ws/install/franka_zmq_controller/share/colcon-core/packages/franka_zmq_controller)
[2.647s] Level 1:colcon.colcon_core.environment:create_environment_scripts_only(franka_zmq_controller)
[2.647s] Level 1:colcon.colcon_core.environment:checking '/home/wrs/factr_ws/install/franka_zmq_controller' for CMake module files
[2.648s] Level 1:colcon.colcon_core.environment:checking '/home/wrs/factr_ws/install/franka_zmq_controller' for CMake config files
[2.648s] Level 1:colcon.colcon_core.shell:create_environment_hook('franka_zmq_controller', 'cmake_prefix_path')
[2.648s] INFO:colcon.colcon_core.shell:Creating environment hook '/home/wrs/factr_ws/install/franka_zmq_controller/share/franka_zmq_controller/hook/cmake_prefix_path.ps1'
[2.649s] INFO:colcon.colcon_core.shell:Creating environment descriptor '/home/wrs/factr_ws/install/franka_zmq_controller/share/franka_zmq_controller/hook/cmake_prefix_path.dsv'
[2.650s] INFO:colcon.colcon_core.shell:Creating environment hook '/home/wrs/factr_ws/install/franka_zmq_controller/share/franka_zmq_controller/hook/cmake_prefix_path.sh'
[2.650s] Level 1:colcon.colcon_core.environment:checking '/home/wrs/factr_ws/install/franka_zmq_controller/lib'
[2.650s] Level 1:colcon.colcon_core.environment:checking '/home/wrs/factr_ws/install/franka_zmq_controller/bin'
[2.651s] Level 1:colcon.colcon_core.environment:checking '/home/wrs/factr_ws/install/franka_zmq_controller/lib/pkgconfig/franka_zmq_controller.pc'
[2.651s] Level 1:colcon.colcon_core.environment:checking '/home/wrs/factr_ws/install/franka_zmq_controller/lib/python3.10/site-packages'
[2.651s] Level 1:colcon.colcon_core.environment:checking '/home/wrs/factr_ws/install/franka_zmq_controller/bin'
[2.651s] INFO:colcon.colcon_core.shell:Creating package script '/home/wrs/factr_ws/install/franka_zmq_controller/share/franka_zmq_controller/package.ps1'
[2.652s] INFO:colcon.colcon_core.shell:Creating package descriptor '/home/wrs/factr_ws/install/franka_zmq_controller/share/franka_zmq_controller/package.dsv'
[2.653s] INFO:colcon.colcon_core.shell:Creating package script '/home/wrs/factr_ws/install/franka_zmq_controller/share/franka_zmq_controller/package.sh'
[2.654s] INFO:colcon.colcon_core.shell:Creating package script '/home/wrs/factr_ws/install/franka_zmq_controller/share/franka_zmq_controller/package.bash'
[2.654s] INFO:colcon.colcon_core.shell:Creating package script '/home/wrs/factr_ws/install/franka_zmq_controller/share/franka_zmq_controller/package.zsh'
[2.655s] Level 1:colcon.colcon_core.environment:create_file_with_runtime_dependencies(/home/wrs/factr_ws/install/franka_zmq_controller/share/colcon-core/packages/franka_zmq_controller)
[2.839s] Level 1:colcon.colcon_core.shell:create_environment_hook('factr_teleop', 'pythonpath_develop')
[2.839s] INFO:colcon.colcon_core.shell:Creating environment hook '/home/wrs/factr_ws/build/factr_teleop/share/factr_teleop/hook/pythonpath_develop.ps1'
[2.839s] DEBUG:colcon.colcon_core.event_handler.log_command:Invoked command in '/home/wrs/factr_ws/build/factr_teleop' returned '0': PYTHONPATH=/home/wrs/factr_ws/build/factr_teleop/prefix_override:/usr/lib/python3/dist-packages/colcon_core/task/python/colcon_distutils_commands:/home/wrs/factr_ws/install/factr_teleop/lib/python3.10/site-packages:${PYTHONPATH} /usr/bin/python3 -W ignore:setup.py install is deprecated -W ignore:easy_install command is deprecated setup.py develop --editable --build-directory /home/wrs/factr_ws/build/factr_teleop/build --no-deps symlink_data
[2.840s] INFO:colcon.colcon_core.shell:Creating environment descriptor '/home/wrs/factr_ws/build/factr_teleop/share/factr_teleop/hook/pythonpath_develop.dsv'
[2.841s] INFO:colcon.colcon_core.shell:Creating environment hook '/home/wrs/factr_ws/build/factr_teleop/share/factr_teleop/hook/pythonpath_develop.sh'
[2.842s] Level 1:colcon.colcon_core.environment:checking '/home/wrs/factr_ws/install/factr_teleop' for CMake module files
[2.842s] Level 1:colcon.colcon_core.environment:checking '/home/wrs/factr_ws/install/factr_teleop' for CMake config files
[2.842s] Level 1:colcon.colcon_core.environment:checking '/home/wrs/factr_ws/install/factr_teleop/lib'
[2.842s] Level 1:colcon.colcon_core.environment:checking '/home/wrs/factr_ws/install/factr_teleop/bin'
[2.843s] Level 1:colcon.colcon_core.environment:checking '/home/wrs/factr_ws/install/factr_teleop/lib/pkgconfig/factr_teleop.pc'
[2.843s] Level 1:colcon.colcon_core.environment:checking '/home/wrs/factr_ws/install/factr_teleop/lib/python3.10/site-packages'
[2.843s] Level 1:colcon.colcon_core.shell:create_environment_hook('factr_teleop', 'pythonpath')
[2.843s] INFO:colcon.colcon_core.shell:Creating environment hook '/home/wrs/factr_ws/install/factr_teleop/share/factr_teleop/hook/pythonpath.ps1'
[2.844s] INFO:colcon.colcon_core.shell:Creating environment descriptor '/home/wrs/factr_ws/install/factr_teleop/share/factr_teleop/hook/pythonpath.dsv'
[2.844s] INFO:colcon.colcon_core.shell:Creating environment hook '/home/wrs/factr_ws/install/factr_teleop/share/factr_teleop/hook/pythonpath.sh'
[2.844s] Level 1:colcon.colcon_core.environment:checking '/home/wrs/factr_ws/install/factr_teleop/bin'
[2.844s] Level 1:colcon.colcon_core.environment:create_environment_scripts_only(factr_teleop)
[2.845s] INFO:colcon.colcon_core.shell:Creating package script '/home/wrs/factr_ws/install/factr_teleop/share/factr_teleop/package.ps1'
[2.845s] INFO:colcon.colcon_core.shell:Creating package descriptor '/home/wrs/factr_ws/install/factr_teleop/share/factr_teleop/package.dsv'
[2.846s] INFO:colcon.colcon_core.shell:Creating package script '/home/wrs/factr_ws/install/factr_teleop/share/factr_teleop/package.sh'
[2.846s] INFO:colcon.colcon_core.shell:Creating package script '/home/wrs/factr_ws/install/factr_teleop/share/factr_teleop/package.bash'
[2.846s] INFO:colcon.colcon_core.shell:Creating package script '/home/wrs/factr_ws/install/factr_teleop/share/factr_teleop/package.zsh'
[2.847s] Level 1:colcon.colcon_core.environment:create_file_with_runtime_dependencies(/home/wrs/factr_ws/install/factr_teleop/share/colcon-core/packages/factr_teleop)
[2.880s] Level 1:colcon.colcon_core.shell:create_environment_hook('bc', 'pythonpath_develop')
[2.881s] INFO:colcon.colcon_core.shell:Creating environment hook '/home/wrs/factr_ws/build/bc/share/bc/hook/pythonpath_develop.ps1'
[2.881s] DEBUG:colcon.colcon_core.event_handler.log_command:Invoked command in '/home/wrs/factr_ws/build/bc' returned '0': PYTHONPATH=/home/wrs/factr_ws/build/bc/prefix_override:/usr/lib/python3/dist-packages/colcon_core/task/python/colcon_distutils_commands:/home/wrs/factr_ws/install/bc/lib/python3.10/site-packages:${PYTHONPATH} /usr/bin/python3 -W ignore:setup.py install is deprecated -W ignore:easy_install command is deprecated setup.py develop --editable --build-directory /home/wrs/factr_ws/build/bc/build --no-deps symlink_data
[2.882s] INFO:colcon.colcon_core.shell:Creating environment descriptor '/home/wrs/factr_ws/build/bc/share/bc/hook/pythonpath_develop.dsv'
[2.882s] INFO:colcon.colcon_core.shell:Creating environment hook '/home/wrs/factr_ws/build/bc/share/bc/hook/pythonpath_develop.sh'
[2.882s] Level 1:colcon.colcon_core.environment:checking '/home/wrs/factr_ws/install/bc' for CMake module files
[2.883s] Level 1:colcon.colcon_core.environment:checking '/home/wrs/factr_ws/install/bc' for CMake config files
[2.883s] Level 1:colcon.colcon_core.environment:checking '/home/wrs/factr_ws/install/bc/lib'
[2.883s] Level 1:colcon.colcon_core.environment:checking '/home/wrs/factr_ws/install/bc/bin'
[2.883s] Level 1:colcon.colcon_core.environment:checking '/home/wrs/factr_ws/install/bc/lib/pkgconfig/bc.pc'
[2.884s] Level 1:colcon.colcon_core.environment:checking '/home/wrs/factr_ws/install/bc/lib/python3.10/site-packages'
[2.884s] Level 1:colcon.colcon_core.shell:create_environment_hook('bc', 'pythonpath')
[2.884s] INFO:colcon.colcon_core.shell:Creating environment hook '/home/wrs/factr_ws/install/bc/share/bc/hook/pythonpath.ps1'
[2.884s] INFO:colcon.colcon_core.shell:Creating environment descriptor '/home/wrs/factr_ws/install/bc/share/bc/hook/pythonpath.dsv'
[2.884s] INFO:colcon.colcon_core.shell:Creating environment hook '/home/wrs/factr_ws/install/bc/share/bc/hook/pythonpath.sh'
[2.885s] Level 1:colcon.colcon_core.environment:checking '/home/wrs/factr_ws/install/bc/bin'
[2.885s] Level 1:colcon.colcon_core.environment:create_environment_scripts_only(bc)
[2.885s] INFO:colcon.colcon_core.shell:Creating package script '/home/wrs/factr_ws/install/bc/share/bc/package.ps1'
[2.886s] INFO:colcon.colcon_core.shell:Creating package descriptor '/home/wrs/factr_ws/install/bc/share/bc/package.dsv'
[2.886s] INFO:colcon.colcon_core.shell:Creating package script '/home/wrs/factr_ws/install/bc/share/bc/package.sh'
[2.887s] INFO:colcon.colcon_core.shell:Creating package script '/home/wrs/factr_ws/install/bc/share/bc/package.bash'
[2.887s] INFO:colcon.colcon_core.shell:Creating package script '/home/wrs/factr_ws/install/bc/share/bc/package.zsh'
[2.887s] Level 1:colcon.colcon_core.environment:create_file_with_runtime_dependencies(/home/wrs/factr_ws/install/bc/share/colcon-core/packages/bc)
[2.988s] Level 1:colcon.colcon_core.shell:create_environment_hook('cameras', 'pythonpath_develop')
[2.988s] INFO:colcon.colcon_core.shell:Creating environment hook '/home/wrs/factr_ws/build/cameras/share/cameras/hook/pythonpath_develop.ps1'
[2.989s] DEBUG:colcon.colcon_core.event_handler.log_command:Invoked command in '/home/wrs/factr_ws/build/cameras' returned '0': PYTHONPATH=/home/wrs/factr_ws/build/cameras/prefix_override:/usr/lib/python3/dist-packages/colcon_core/task/python/colcon_distutils_commands:/home/wrs/factr_ws/install/cameras/lib/python3.10/site-packages:${PYTHONPATH} /usr/bin/python3 -W ignore:setup.py install is deprecated -W ignore:easy_install command is deprecated setup.py develop --editable --build-directory /home/wrs/factr_ws/build/cameras/build --no-deps symlink_data
[2.989s] INFO:colcon.colcon_core.shell:Creating environment descriptor '/home/wrs/factr_ws/build/cameras/share/cameras/hook/pythonpath_develop.dsv'
[2.990s] INFO:colcon.colcon_core.shell:Creating environment hook '/home/wrs/factr_ws/build/cameras/share/cameras/hook/pythonpath_develop.sh'
[2.990s] Level 1:colcon.colcon_core.environment:checking '/home/wrs/factr_ws/install/cameras' for CMake module files
[2.991s] Level 1:colcon.colcon_core.environment:checking '/home/wrs/factr_ws/install/cameras' for CMake config files
[2.991s] Level 1:colcon.colcon_core.environment:checking '/home/wrs/factr_ws/install/cameras/lib'
[2.991s] Level 1:colcon.colcon_core.environment:checking '/home/wrs/factr_ws/install/cameras/bin'
[2.992s] Level 1:colcon.colcon_core.environment:checking '/home/wrs/factr_ws/install/cameras/lib/pkgconfig/cameras.pc'
[2.992s] Level 1:colcon.colcon_core.environment:checking '/home/wrs/factr_ws/install/cameras/lib/python3.10/site-packages'
[2.992s] Level 1:colcon.colcon_core.shell:create_environment_hook('cameras', 'pythonpath')
[2.992s] INFO:colcon.colcon_core.shell:Creating environment hook '/home/wrs/factr_ws/install/cameras/share/cameras/hook/pythonpath.ps1'
[2.993s] INFO:colcon.colcon_core.shell:Creating environment descriptor '/home/wrs/factr_ws/install/cameras/share/cameras/hook/pythonpath.dsv'
[2.993s] INFO:colcon.colcon_core.shell:Creating environment hook '/home/wrs/factr_ws/install/cameras/share/cameras/hook/pythonpath.sh'
[2.994s] Level 1:colcon.colcon_core.environment:checking '/home/wrs/factr_ws/install/cameras/bin'
[2.994s] Level 1:colcon.colcon_core.environment:create_environment_scripts_only(cameras)
[2.994s] INFO:colcon.colcon_core.shell:Creating package script '/home/wrs/factr_ws/install/cameras/share/cameras/package.ps1'
[2.995s] INFO:colcon.colcon_core.shell:Creating package descriptor '/home/wrs/factr_ws/install/cameras/share/cameras/package.dsv'
[2.996s] INFO:colcon.colcon_core.shell:Creating package script '/home/wrs/factr_ws/install/cameras/share/cameras/package.sh'
[2.996s] INFO:colcon.colcon_core.shell:Creating package script '/home/wrs/factr_ws/install/cameras/share/cameras/package.bash'
[2.997s] INFO:colcon.colcon_core.shell:Creating package script '/home/wrs/factr_ws/install/cameras/share/cameras/package.zsh'
[2.997s] Level 1:colcon.colcon_core.environment:create_file_with_runtime_dependencies(/home/wrs/factr_ws/install/cameras/share/colcon-core/packages/cameras)
[3.002s] Level 1:colcon.colcon_core.shell:create_environment_hook('python_utils', 'pythonpath_develop')
[3.003s] INFO:colcon.colcon_core.shell:Creating environment hook '/home/wrs/factr_ws/build/python_utils/share/python_utils/hook/pythonpath_develop.ps1'
[3.003s] DEBUG:colcon.colcon_core.event_handler.log_command:Invoked command in '/home/wrs/factr_ws/build/python_utils' returned '0': PYTHONPATH=/home/wrs/factr_ws/build/python_utils/prefix_override:/usr/lib/python3/dist-packages/colcon_core/task/python/colcon_distutils_commands:/home/wrs/factr_ws/install/python_utils/lib/python3.10/site-packages:${PYTHONPATH} /usr/bin/python3 -W ignore:setup.py install is deprecated -W ignore:easy_install command is deprecated setup.py develop --editable --build-directory /home/wrs/factr_ws/build/python_utils/build --no-deps symlink_data
[3.004s] INFO:colcon.colcon_core.shell:Creating environment descriptor '/home/wrs/factr_ws/build/python_utils/share/python_utils/hook/pythonpath_develop.dsv'
[3.004s] INFO:colcon.colcon_core.shell:Creating environment hook '/home/wrs/factr_ws/build/python_utils/share/python_utils/hook/pythonpath_develop.sh'
[3.005s] Level 1:colcon.colcon_core.environment:checking '/home/wrs/factr_ws/install/python_utils' for CMake module files
[3.005s] Level 1:colcon.colcon_core.environment:checking '/home/wrs/factr_ws/install/python_utils' for CMake config files
[3.005s] Level 1:colcon.colcon_core.environment:checking '/home/wrs/factr_ws/install/python_utils/lib'
[3.005s] Level 1:colcon.colcon_core.environment:checking '/home/wrs/factr_ws/install/python_utils/bin'
[3.006s] Level 1:colcon.colcon_core.environment:checking '/home/wrs/factr_ws/install/python_utils/lib/pkgconfig/python_utils.pc'
[3.006s] Level 1:colcon.colcon_core.environment:checking '/home/wrs/factr_ws/install/python_utils/lib/python3.10/site-packages'
[3.006s] Level 1:colcon.colcon_core.shell:create_environment_hook('python_utils', 'pythonpath')
[3.006s] INFO:colcon.colcon_core.shell:Creating environment hook '/home/wrs/factr_ws/install/python_utils/share/python_utils/hook/pythonpath.ps1'
[3.006s] INFO:colcon.colcon_core.shell:Creating environment descriptor '/home/wrs/factr_ws/install/python_utils/share/python_utils/hook/pythonpath.dsv'
[3.007s] INFO:colcon.colcon_core.shell:Creating environment hook '/home/wrs/factr_ws/install/python_utils/share/python_utils/hook/pythonpath.sh'
[3.007s] Level 1:colcon.colcon_core.environment:checking '/home/wrs/factr_ws/install/python_utils/bin'
[3.007s] Level 1:colcon.colcon_core.environment:create_environment_scripts_only(python_utils)
[3.007s] INFO:colcon.colcon_core.shell:Creating package script '/home/wrs/factr_ws/install/python_utils/share/python_utils/package.ps1'
[3.008s] INFO:colcon.colcon_core.shell:Creating package descriptor '/home/wrs/factr_ws/install/python_utils/share/python_utils/package.dsv'
[3.008s] INFO:colcon.colcon_core.shell:Creating package script '/home/wrs/factr_ws/install/python_utils/share/python_utils/package.sh'
[3.009s] INFO:colcon.colcon_core.shell:Creating package script '/home/wrs/factr_ws/install/python_utils/share/python_utils/package.bash'
[3.009s] INFO:colcon.colcon_core.shell:Creating package script '/home/wrs/factr_ws/install/python_utils/share/python_utils/package.zsh'
[3.009s] Level 1:colcon.colcon_core.environment:create_file_with_runtime_dependencies(/home/wrs/factr_ws/install/python_utils/share/colcon-core/packages/python_utils)
[3.010s] DEBUG:colcon.colcon_parallel_executor.executor.parallel:closing loop
[3.010s] DEBUG:colcon.colcon_parallel_executor.executor.parallel:loop closed
[3.010s] DEBUG:colcon.colcon_parallel_executor.executor.parallel:run_until_complete finished with '0'
[3.010s] DEBUG:colcon.colcon_core.event_reactor:joining thread
[3.015s] INFO:colcon.colcon_core.plugin_system:Skipping extension 'colcon_notification.desktop_notification.terminal_notifier': Not used on non-Darwin systems
[3.015s] INFO:colcon.colcon_core.plugin_system:Skipping extension 'colcon_notification.desktop_notification.win32': Not used on non-Windows systems
[3.015s] INFO:colcon.colcon_notification.desktop_notification:Sending desktop notification using 'notify2'
[3.026s] DEBUG:colcon.colcon_core.event_reactor:joined thread
[3.026s] INFO:colcon.colcon_core.shell:Creating prefix script '/home/wrs/factr_ws/install/local_setup.ps1'
[3.028s] INFO:colcon.colcon_core.shell:Creating prefix util module '/home/wrs/factr_ws/install/_local_setup_util_ps1.py'
[3.030s] INFO:colcon.colcon_core.shell:Creating prefix chain script '/home/wrs/factr_ws/install/setup.ps1'
[3.031s] INFO:colcon.colcon_core.shell:Creating prefix script '/home/wrs/factr_ws/install/local_setup.sh'
[3.031s] INFO:colcon.colcon_core.shell:Creating prefix util module '/home/wrs/factr_ws/install/_local_setup_util_sh.py'
[3.032s] INFO:colcon.colcon_core.shell:Creating prefix chain script '/home/wrs/factr_ws/install/setup.sh'
[3.033s] INFO:colcon.colcon_core.shell:Creating prefix script '/home/wrs/factr_ws/install/local_setup.bash'
[3.034s] INFO:colcon.colcon_core.shell:Creating prefix chain script '/home/wrs/factr_ws/install/setup.bash'
[3.036s] INFO:colcon.colcon_core.shell:Creating prefix script '/home/wrs/factr_ws/install/local_setup.zsh'
[3.039s] INFO:colcon.colcon_core.shell:Creating prefix chain script '/home/wrs/factr_ws/install/setup.zsh'
