running develop
/usr/lib/python3/dist-packages/pkg_resources/__init__.py:116: PkgResourcesDeprecationWarning: 2.22.1ubuntu1 is an invalid version and will not be supported in a future release
  warnings.warn(
running egg_info
creating python_utils.egg-info
writing python_utils.egg-info/PKG-INFO
writing dependency_links to python_utils.egg-info/dependency_links.txt
writing entry points to python_utils.egg-info/entry_points.txt
writing requirements to python_utils.egg-info/requires.txt
writing top-level names to python_utils.egg-info/top_level.txt
writing manifest file 'python_utils.egg-info/SOURCES.txt'
reading manifest file 'python_utils.egg-info/SOURCES.txt'
writing manifest file 'python_utils.egg-info/SOURCES.txt'
running build_ext
Creating /home/wrs/factr_ws/install/python_utils/lib/python3.10/site-packages/python-utils.egg-link (link to .)
Installing factr_teleop_franka script to /home/wrs/factr_ws/install/python_utils/lib/python_utils
Installing factr_teleop_grav_comp_demo script to /home/wrs/factr_ws/install/python_utils/lib/python_utils

Installed /home/wrs/factr_ws/build/python_utils
running symlink_data
creating /home/wrs/factr_ws/install/python_utils/share/ament_index
creating /home/wrs/factr_ws/install/python_utils/share/ament_index/resource_index
creating /home/wrs/factr_ws/install/python_utils/share/ament_index/resource_index/packages
symbolically linking /home/wrs/factr_ws/build/python_utils/resource/python_utils -> /home/wrs/factr_ws/install/python_utils/share/ament_index/resource_index/packages
symbolically linking /home/wrs/factr_ws/build/python_utils/package.xml -> /home/wrs/factr_ws/install/python_utils/share/python_utils
