[1.633s] Invoking command in '/home/wrs/factr_ws/build/bc': PYTHONPATH=/home/wrs/factr_ws/build/bc/prefix_override:/usr/lib/python3/dist-packages/colcon_core/task/python/colcon_distutils_commands:/home/wrs/factr_ws/install/bc/lib/python3.10/site-packages:${PYTHONPATH} /usr/bin/python3 -W ignore:setup.py install is deprecated -W ignore:easy_install command is deprecated setup.py develop --editable --build-directory /home/wrs/factr_ws/build/bc/build --no-deps symlink_data
[1.913s] running develop
[1.982s] /usr/lib/python3/dist-packages/pkg_resources/__init__.py:116: PkgResourcesDeprecationWarning: 2.22.1ubuntu1 is an invalid version and will not be supported in a future release
[1.982s]   warnings.warn(
[2.110s] running egg_info
[2.111s] writing bc.egg-info/PKG-INFO
[2.111s] writing dependency_links to bc.egg-info/dependency_links.txt
[2.111s] writing entry points to bc.egg-info/entry_points.txt
[2.111s] writing requirements to bc.egg-info/requires.txt
[2.111s] writing top-level names to bc.egg-info/top_level.txt
[2.112s] reading manifest file 'bc.egg-info/SOURCES.txt'
[2.113s] writing manifest file 'bc.egg-info/SOURCES.txt'
[2.114s] running build_ext
[2.114s] Creating /home/wrs/factr_ws/install/bc/lib/python3.10/site-packages/bc.egg-link (link to .)
[2.115s] Installing data_record script to /home/wrs/factr_ws/install/bc/lib/bc
[2.115s] Installing data_sync script to /home/wrs/factr_ws/install/bc/lib/bc
[2.115s] Installing franka_bridge script to /home/wrs/factr_ws/install/bc/lib/bc
[2.116s] Installing policy_rollout script to /home/wrs/factr_ws/install/bc/lib/bc
[2.116s] Installing replay_traj script to /home/wrs/factr_ws/install/bc/lib/bc
[2.116s] 
[2.116s] Installed /home/wrs/factr_ws/build/bc
[2.116s] running symlink_data
[2.149s] Invoked command in '/home/wrs/factr_ws/build/bc' returned '0': PYTHONPATH=/home/wrs/factr_ws/build/bc/prefix_override:/usr/lib/python3/dist-packages/colcon_core/task/python/colcon_distutils_commands:/home/wrs/factr_ws/install/bc/lib/python3.10/site-packages:${PYTHONPATH} /usr/bin/python3 -W ignore:setup.py install is deprecated -W ignore:easy_install command is deprecated setup.py develop --editable --build-directory /home/wrs/factr_ws/build/bc/build --no-deps symlink_data
