[0.877s] Invoking command in '/home/wrs/factr_ws/build/franka_zmq_controller': CMAKE_PREFIX_PATH=${CMAKE_PREFIX_PATH}:/home/wrs/factr_ws/install/python_utils:/home/wrs/factr_ws/install/factr_teleop:/home/wrs/factr_ws/install/cameras:/home/wrs/factr_ws/install/bc:/opt/ros/humble /usr/bin/cmake --build /home/wrs/factr_ws/build/franka_zmq_controller -- -j6 -l6
[0.911s] [35m[1mConsolidate compiler generated dependencies of target franka_zmq_controller_node[0m
[0.925s] [ 50%] [32mBuilding CXX object CMakeFiles/franka_zmq_controller_node.dir/src/controller_node.cpp.o[0m
[1.844s] [100%] [32m[1mLinking CXX executable franka_zmq_controller_node[0m
[2.009s] [100%] Built target franka_zmq_controller_node
[2.035s] Invoked command in '/home/wrs/factr_ws/build/franka_zmq_controller' returned '0': CMAKE_PREFIX_PATH=${CMAKE_PREFIX_PATH}:/home/wrs/factr_ws/install/python_utils:/home/wrs/factr_ws/install/factr_teleop:/home/wrs/factr_ws/install/cameras:/home/wrs/factr_ws/install/bc:/opt/ros/humble /usr/bin/cmake --build /home/wrs/factr_ws/build/franka_zmq_controller -- -j6 -l6
[2.044s] Invoking command in '/home/wrs/factr_ws/build/franka_zmq_controller': CMAKE_PREFIX_PATH=${CMAKE_PREFIX_PATH}:/home/wrs/factr_ws/install/python_utils:/home/wrs/factr_ws/install/factr_teleop:/home/wrs/factr_ws/install/cameras:/home/wrs/factr_ws/install/bc:/opt/ros/humble /usr/bin/cmake --install /home/wrs/factr_ws/build/franka_zmq_controller
[2.046s] -- Install configuration: ""
[2.046s] -- Execute custom install script
[2.048s] -- Up-to-date symlink: /home/wrs/factr_ws/install/franka_zmq_controller/lib/franka_zmq_controller/franka_zmq_controller_node
[2.049s] -- Up-to-date symlink: /home/wrs/factr_ws/install/franka_zmq_controller/share/ament_index/resource_index/package_run_dependencies/franka_zmq_controller
[2.050s] -- Up-to-date symlink: /home/wrs/factr_ws/install/franka_zmq_controller/share/ament_index/resource_index/parent_prefix_path/franka_zmq_controller
[2.051s] -- Up-to-date symlink: /home/wrs/factr_ws/install/franka_zmq_controller/share/franka_zmq_controller/environment/ament_prefix_path.sh
[2.052s] -- Up-to-date symlink: /home/wrs/factr_ws/install/franka_zmq_controller/share/franka_zmq_controller/environment/ament_prefix_path.dsv
[2.052s] -- Up-to-date symlink: /home/wrs/factr_ws/install/franka_zmq_controller/share/franka_zmq_controller/environment/path.sh
[2.053s] -- Up-to-date symlink: /home/wrs/factr_ws/install/franka_zmq_controller/share/franka_zmq_controller/environment/path.dsv
[2.054s] -- Up-to-date symlink: /home/wrs/factr_ws/install/franka_zmq_controller/share/franka_zmq_controller/local_setup.bash
[2.055s] -- Up-to-date symlink: /home/wrs/factr_ws/install/franka_zmq_controller/share/franka_zmq_controller/local_setup.sh
[2.055s] -- Up-to-date symlink: /home/wrs/factr_ws/install/franka_zmq_controller/share/franka_zmq_controller/local_setup.zsh
[2.056s] -- Up-to-date symlink: /home/wrs/factr_ws/install/franka_zmq_controller/share/franka_zmq_controller/local_setup.dsv
[2.057s] -- Symlinking: /home/wrs/factr_ws/install/franka_zmq_controller/share/franka_zmq_controller/package.dsv
[2.066s] -- Up-to-date symlink: /home/wrs/factr_ws/install/franka_zmq_controller/share/ament_index/resource_index/packages/franka_zmq_controller
[2.067s] -- Up-to-date symlink: /home/wrs/factr_ws/install/franka_zmq_controller/share/franka_zmq_controller/cmake/franka_zmq_controllerConfig.cmake
[2.067s] -- Up-to-date symlink: /home/wrs/factr_ws/install/franka_zmq_controller/share/franka_zmq_controller/cmake/franka_zmq_controllerConfig-version.cmake
[2.068s] -- Up-to-date symlink: /home/wrs/factr_ws/install/franka_zmq_controller/share/franka_zmq_controller/package.xml
[2.073s] Invoked command in '/home/wrs/factr_ws/build/franka_zmq_controller' returned '0': CMAKE_PREFIX_PATH=${CMAKE_PREFIX_PATH}:/home/wrs/factr_ws/install/python_utils:/home/wrs/factr_ws/install/factr_teleop:/home/wrs/factr_ws/install/cameras:/home/wrs/factr_ws/install/bc:/opt/ros/humble /usr/bin/cmake --install /home/wrs/factr_ws/build/franka_zmq_controller
