[0.108s] DEBUG:colcon:Command line arguments: ['/usr/bin/colcon', 'build', '--symlink-install']
[0.108s] DEBUG:colcon:Parsed command line arguments: Namespace(log_base=None, log_level=None, verb_name='build', build_base='build', install_base='install', merge_install=False, symlink_install=True, test_result_base=None, continue_on_error=False, executor='parallel', parallel_workers=6, event_handlers=None, ignore_user_meta=False, metas=['./colcon.meta'], base_paths=['.'], packages_ignore=None, packages_ignore_regex=None, paths=None, packages_up_to=None, packages_up_to_regex=None, packages_above=None, packages_above_and_dependencies=None, packages_above_depth=None, packages_select_by_dep=None, packages_skip_by_dep=None, packages_skip_up_to=None, packages_select_build_failed=False, packages_skip_build_finished=False, packages_select_test_failures=False, packages_skip_test_passed=False, packages_select=None, packages_skip=None, packages_select_regex=None, packages_skip_regex=None, packages_start=None, packages_end=None, allow_overriding=[], cmake_args=None, cmake_target=None, cmake_target_skip_unavailable=False, cmake_clean_cache=False, cmake_clean_first=False, cmake_force_configure=False, ament_cmake_args=None, catkin_cmake_args=None, catkin_skip_building_tests=False, mixin_files=None, mixin=None, verb_parser=<colcon_mixin.mixin.mixin_argument.MixinArgumentDecorator object at 0x7fb0d97ed510>, verb_extension=<colcon_core.verb.build.BuildVerb object at 0x7fb0d97ed030>, main=<bound method BuildVerb.main of <colcon_core.verb.build.BuildVerb object at 0x7fb0d97ed030>>, mixin_verb=('build',))
[0.290s] Level 1:colcon.colcon_core.package_discovery:discover_packages(colcon_meta) check parameters
[0.290s] Level 1:colcon.colcon_core.package_discovery:discover_packages(recursive) check parameters
[0.290s] Level 1:colcon.colcon_core.package_discovery:discover_packages(ignore) check parameters
[0.290s] Level 1:colcon.colcon_core.package_discovery:discover_packages(path) check parameters
[0.290s] Level 1:colcon.colcon_core.package_discovery:discover_packages(colcon_meta) discover
[0.291s] Level 1:colcon.colcon_core.package_discovery:discover_packages(recursive) discover
[0.291s] INFO:colcon.colcon_core.package_discovery:Crawling recursively for packages in '/home/wrs/factr_ws'
[0.291s] Level 1:colcon.colcon_core.package_identification:_identify(.) by extensions ['ignore', 'ignore_ament_install']
[0.291s] Level 1:colcon.colcon_core.package_identification:_identify(.) by extension 'ignore'
[0.291s] Level 1:colcon.colcon_core.package_identification:_identify(.) by extension 'ignore_ament_install'
[0.291s] Level 1:colcon.colcon_core.package_identification:_identify(.) by extensions ['colcon_pkg']
[0.291s] Level 1:colcon.colcon_core.package_identification:_identify(.) by extension 'colcon_pkg'
[0.291s] Level 1:colcon.colcon_core.package_identification:_identify(.) by extensions ['colcon_meta']
[0.291s] Level 1:colcon.colcon_core.package_identification:_identify(.) by extension 'colcon_meta'
[0.291s] Level 1:colcon.colcon_core.package_identification:_identify(.) by extensions ['ros']
[0.291s] Level 1:colcon.colcon_core.package_identification:_identify(.) by extension 'ros'
[0.303s] Level 1:colcon.colcon_core.package_identification:_identify(.) by extensions ['cmake', 'python']
[0.303s] Level 1:colcon.colcon_core.package_identification:_identify(.) by extension 'cmake'
[0.303s] Level 1:colcon.colcon_core.package_identification:_identify(.) by extension 'python'
[0.303s] Level 1:colcon.colcon_core.package_identification:_identify(.) by extensions ['python_setup_py']
[0.303s] Level 1:colcon.colcon_core.package_identification:_identify(.) by extension 'python_setup_py'
[0.304s] Level 1:colcon.colcon_core.package_identification:_identify(build) by extensions ['ignore', 'ignore_ament_install']
[0.304s] Level 1:colcon.colcon_core.package_identification:_identify(build) by extension 'ignore'
[0.304s] Level 1:colcon.colcon_core.package_identification:_identify(build) ignored
[0.304s] Level 1:colcon.colcon_core.package_identification:_identify(install) by extensions ['ignore', 'ignore_ament_install']
[0.304s] Level 1:colcon.colcon_core.package_identification:_identify(install) by extension 'ignore'
[0.304s] Level 1:colcon.colcon_core.package_identification:_identify(install) ignored
[0.304s] Level 1:colcon.colcon_core.package_identification:_identify(log) by extensions ['ignore', 'ignore_ament_install']
[0.304s] Level 1:colcon.colcon_core.package_identification:_identify(log) by extension 'ignore'
[0.304s] Level 1:colcon.colcon_core.package_identification:_identify(log) ignored
[0.304s] Level 1:colcon.colcon_core.package_identification:_identify(src) by extensions ['ignore', 'ignore_ament_install']
[0.304s] Level 1:colcon.colcon_core.package_identification:_identify(src) by extension 'ignore'
[0.304s] Level 1:colcon.colcon_core.package_identification:_identify(src) by extension 'ignore_ament_install'
[0.305s] Level 1:colcon.colcon_core.package_identification:_identify(src) by extensions ['colcon_pkg']
[0.305s] Level 1:colcon.colcon_core.package_identification:_identify(src) by extension 'colcon_pkg'
[0.305s] Level 1:colcon.colcon_core.package_identification:_identify(src) by extensions ['colcon_meta']
[0.305s] Level 1:colcon.colcon_core.package_identification:_identify(src) by extension 'colcon_meta'
[0.305s] Level 1:colcon.colcon_core.package_identification:_identify(src) by extensions ['ros']
[0.305s] Level 1:colcon.colcon_core.package_identification:_identify(src) by extension 'ros'
[0.305s] Level 1:colcon.colcon_core.package_identification:_identify(src) by extensions ['cmake', 'python']
[0.305s] Level 1:colcon.colcon_core.package_identification:_identify(src) by extension 'cmake'
[0.305s] Level 1:colcon.colcon_core.package_identification:_identify(src) by extension 'python'
[0.305s] Level 1:colcon.colcon_core.package_identification:_identify(src) by extensions ['python_setup_py']
[0.305s] Level 1:colcon.colcon_core.package_identification:_identify(src) by extension 'python_setup_py'
[0.305s] Level 1:colcon.colcon_core.package_identification:_identify(src/bc) by extensions ['ignore', 'ignore_ament_install']
[0.305s] Level 1:colcon.colcon_core.package_identification:_identify(src/bc) by extension 'ignore'
[0.305s] Level 1:colcon.colcon_core.package_identification:_identify(src/bc) by extension 'ignore_ament_install'
[0.305s] Level 1:colcon.colcon_core.package_identification:_identify(src/bc) by extensions ['colcon_pkg']
[0.305s] Level 1:colcon.colcon_core.package_identification:_identify(src/bc) by extension 'colcon_pkg'
[0.305s] Level 1:colcon.colcon_core.package_identification:_identify(src/bc) by extensions ['colcon_meta']
[0.305s] Level 1:colcon.colcon_core.package_identification:_identify(src/bc) by extension 'colcon_meta'
[0.305s] Level 1:colcon.colcon_core.package_identification:_identify(src/bc) by extensions ['ros']
[0.305s] Level 1:colcon.colcon_core.package_identification:_identify(src/bc) by extension 'ros'
[0.308s] DEBUG:colcon.colcon_core.package_identification:Package 'src/bc' with type 'ros.ament_python' and name 'bc'
[0.308s] Level 1:colcon.colcon_core.package_identification:_identify(src/cameras) by extensions ['ignore', 'ignore_ament_install']
[0.308s] Level 1:colcon.colcon_core.package_identification:_identify(src/cameras) by extension 'ignore'
[0.308s] Level 1:colcon.colcon_core.package_identification:_identify(src/cameras) by extension 'ignore_ament_install'
[0.308s] Level 1:colcon.colcon_core.package_identification:_identify(src/cameras) by extensions ['colcon_pkg']
[0.308s] Level 1:colcon.colcon_core.package_identification:_identify(src/cameras) by extension 'colcon_pkg'
[0.308s] Level 1:colcon.colcon_core.package_identification:_identify(src/cameras) by extensions ['colcon_meta']
[0.308s] Level 1:colcon.colcon_core.package_identification:_identify(src/cameras) by extension 'colcon_meta'
[0.308s] Level 1:colcon.colcon_core.package_identification:_identify(src/cameras) by extensions ['ros']
[0.308s] Level 1:colcon.colcon_core.package_identification:_identify(src/cameras) by extension 'ros'
[0.317s] DEBUG:colcon.colcon_core.package_identification:Package 'src/cameras' with type 'ros.ament_python' and name 'cameras'
[0.318s] Level 1:colcon.colcon_core.package_identification:_identify(src/factr_teleop) by extensions ['ignore', 'ignore_ament_install']
[0.318s] Level 1:colcon.colcon_core.package_identification:_identify(src/factr_teleop) by extension 'ignore'
[0.318s] Level 1:colcon.colcon_core.package_identification:_identify(src/factr_teleop) by extension 'ignore_ament_install'
[0.318s] Level 1:colcon.colcon_core.package_identification:_identify(src/factr_teleop) by extensions ['colcon_pkg']
[0.318s] Level 1:colcon.colcon_core.package_identification:_identify(src/factr_teleop) by extension 'colcon_pkg'
[0.318s] Level 1:colcon.colcon_core.package_identification:_identify(src/factr_teleop) by extensions ['colcon_meta']
[0.318s] Level 1:colcon.colcon_core.package_identification:_identify(src/factr_teleop) by extension 'colcon_meta'
[0.318s] Level 1:colcon.colcon_core.package_identification:_identify(src/factr_teleop) by extensions ['ros']
[0.318s] Level 1:colcon.colcon_core.package_identification:_identify(src/factr_teleop) by extension 'ros'
[0.319s] DEBUG:colcon.colcon_core.package_identification:Package 'src/factr_teleop' with type 'ros.ament_python' and name 'factr_teleop'
[0.319s] Level 1:colcon.colcon_core.package_identification:_identify(src/franka_zmq_controller) by extensions ['ignore', 'ignore_ament_install']
[0.319s] Level 1:colcon.colcon_core.package_identification:_identify(src/franka_zmq_controller) by extension 'ignore'
[0.319s] Level 1:colcon.colcon_core.package_identification:_identify(src/franka_zmq_controller) by extension 'ignore_ament_install'
[0.319s] Level 1:colcon.colcon_core.package_identification:_identify(src/franka_zmq_controller) by extensions ['colcon_pkg']
[0.319s] Level 1:colcon.colcon_core.package_identification:_identify(src/franka_zmq_controller) by extension 'colcon_pkg'
[0.319s] Level 1:colcon.colcon_core.package_identification:_identify(src/franka_zmq_controller) by extensions ['colcon_meta']
[0.319s] Level 1:colcon.colcon_core.package_identification:_identify(src/franka_zmq_controller) by extension 'colcon_meta'
[0.319s] Level 1:colcon.colcon_core.package_identification:_identify(src/franka_zmq_controller) by extensions ['ros']
[0.319s] Level 1:colcon.colcon_core.package_identification:_identify(src/franka_zmq_controller) by extension 'ros'
[0.320s] DEBUG:colcon.colcon_core.package_identification:Package 'src/franka_zmq_controller' with type 'ros.ament_cmake' and name 'franka_zmq_controller'
[0.320s] Level 1:colcon.colcon_core.package_identification:_identify(src/python_utils) by extensions ['ignore', 'ignore_ament_install']
[0.320s] Level 1:colcon.colcon_core.package_identification:_identify(src/python_utils) by extension 'ignore'
[0.320s] Level 1:colcon.colcon_core.package_identification:_identify(src/python_utils) by extension 'ignore_ament_install'
[0.320s] Level 1:colcon.colcon_core.package_identification:_identify(src/python_utils) by extensions ['colcon_pkg']
[0.320s] Level 1:colcon.colcon_core.package_identification:_identify(src/python_utils) by extension 'colcon_pkg'
[0.320s] Level 1:colcon.colcon_core.package_identification:_identify(src/python_utils) by extensions ['colcon_meta']
[0.320s] Level 1:colcon.colcon_core.package_identification:_identify(src/python_utils) by extension 'colcon_meta'
[0.320s] Level 1:colcon.colcon_core.package_identification:_identify(src/python_utils) by extensions ['ros']
[0.320s] Level 1:colcon.colcon_core.package_identification:_identify(src/python_utils) by extension 'ros'
[0.321s] DEBUG:colcon.colcon_core.package_identification:Package 'src/python_utils' with type 'ros.ament_python' and name 'python_utils'
[0.321s] Level 1:colcon.colcon_core.package_discovery:discover_packages(recursive) using defaults
[0.321s] Level 1:colcon.colcon_core.package_discovery:discover_packages(ignore) discover
[0.321s] Level 1:colcon.colcon_core.package_discovery:discover_packages(ignore) using defaults
[0.321s] Level 1:colcon.colcon_core.package_discovery:discover_packages(path) discover
[0.321s] Level 1:colcon.colcon_core.package_discovery:discover_packages(path) using defaults
[0.341s] Level 1:colcon.colcon_core.package_discovery:discover_packages(prefix_path) check parameters
[0.341s] Level 1:colcon.colcon_core.package_discovery:discover_packages(prefix_path) discover
[0.343s] DEBUG:colcon.colcon_installed_package_information.package_discovery:Found 5 installed packages in /home/wrs/factr_ws/install
[0.344s] DEBUG:colcon.colcon_installed_package_information.package_discovery:Found 352 installed packages in /opt/ros/humble
[0.346s] Level 1:colcon.colcon_core.package_discovery:discover_packages(prefix_path) using defaults
[0.390s] Level 5:colcon.colcon_core.verb:set package 'bc' build argument 'cmake_args' from command line to 'None'
[0.391s] Level 5:colcon.colcon_core.verb:set package 'bc' build argument 'cmake_target' from command line to 'None'
[0.391s] Level 5:colcon.colcon_core.verb:set package 'bc' build argument 'cmake_target_skip_unavailable' from command line to 'False'
[0.391s] Level 5:colcon.colcon_core.verb:set package 'bc' build argument 'cmake_clean_cache' from command line to 'False'
[0.391s] Level 5:colcon.colcon_core.verb:set package 'bc' build argument 'cmake_clean_first' from command line to 'False'
[0.391s] Level 5:colcon.colcon_core.verb:set package 'bc' build argument 'cmake_force_configure' from command line to 'False'
[0.391s] Level 5:colcon.colcon_core.verb:set package 'bc' build argument 'ament_cmake_args' from command line to 'None'
[0.391s] Level 5:colcon.colcon_core.verb:set package 'bc' build argument 'catkin_cmake_args' from command line to 'None'
[0.391s] Level 5:colcon.colcon_core.verb:set package 'bc' build argument 'catkin_skip_building_tests' from command line to 'False'
[0.391s] DEBUG:colcon.colcon_core.verb:Building package 'bc' with the following arguments: {'ament_cmake_args': None, 'build_base': '/home/wrs/factr_ws/build/bc', 'catkin_cmake_args': None, 'catkin_skip_building_tests': False, 'cmake_args': None, 'cmake_clean_cache': False, 'cmake_clean_first': False, 'cmake_force_configure': False, 'cmake_target': None, 'cmake_target_skip_unavailable': False, 'install_base': '/home/wrs/factr_ws/install/bc', 'merge_install': False, 'path': '/home/wrs/factr_ws/src/bc', 'symlink_install': True, 'test_result_base': None}
[0.391s] Level 5:colcon.colcon_core.verb:set package 'cameras' build argument 'cmake_args' from command line to 'None'
[0.391s] Level 5:colcon.colcon_core.verb:set package 'cameras' build argument 'cmake_target' from command line to 'None'
[0.391s] Level 5:colcon.colcon_core.verb:set package 'cameras' build argument 'cmake_target_skip_unavailable' from command line to 'False'
[0.391s] Level 5:colcon.colcon_core.verb:set package 'cameras' build argument 'cmake_clean_cache' from command line to 'False'
[0.391s] Level 5:colcon.colcon_core.verb:set package 'cameras' build argument 'cmake_clean_first' from command line to 'False'
[0.391s] Level 5:colcon.colcon_core.verb:set package 'cameras' build argument 'cmake_force_configure' from command line to 'False'
[0.391s] Level 5:colcon.colcon_core.verb:set package 'cameras' build argument 'ament_cmake_args' from command line to 'None'
[0.391s] Level 5:colcon.colcon_core.verb:set package 'cameras' build argument 'catkin_cmake_args' from command line to 'None'
[0.391s] Level 5:colcon.colcon_core.verb:set package 'cameras' build argument 'catkin_skip_building_tests' from command line to 'False'
[0.392s] DEBUG:colcon.colcon_core.verb:Building package 'cameras' with the following arguments: {'ament_cmake_args': None, 'build_base': '/home/wrs/factr_ws/build/cameras', 'catkin_cmake_args': None, 'catkin_skip_building_tests': False, 'cmake_args': None, 'cmake_clean_cache': False, 'cmake_clean_first': False, 'cmake_force_configure': False, 'cmake_target': None, 'cmake_target_skip_unavailable': False, 'install_base': '/home/wrs/factr_ws/install/cameras', 'merge_install': False, 'path': '/home/wrs/factr_ws/src/cameras', 'symlink_install': True, 'test_result_base': None}
[0.392s] Level 5:colcon.colcon_core.verb:set package 'factr_teleop' build argument 'cmake_args' from command line to 'None'
[0.392s] Level 5:colcon.colcon_core.verb:set package 'factr_teleop' build argument 'cmake_target' from command line to 'None'
[0.392s] Level 5:colcon.colcon_core.verb:set package 'factr_teleop' build argument 'cmake_target_skip_unavailable' from command line to 'False'
[0.392s] Level 5:colcon.colcon_core.verb:set package 'factr_teleop' build argument 'cmake_clean_cache' from command line to 'False'
[0.392s] Level 5:colcon.colcon_core.verb:set package 'factr_teleop' build argument 'cmake_clean_first' from command line to 'False'
[0.392s] Level 5:colcon.colcon_core.verb:set package 'factr_teleop' build argument 'cmake_force_configure' from command line to 'False'
[0.392s] Level 5:colcon.colcon_core.verb:set package 'factr_teleop' build argument 'ament_cmake_args' from command line to 'None'
[0.392s] Level 5:colcon.colcon_core.verb:set package 'factr_teleop' build argument 'catkin_cmake_args' from command line to 'None'
[0.392s] Level 5:colcon.colcon_core.verb:set package 'factr_teleop' build argument 'catkin_skip_building_tests' from command line to 'False'
[0.392s] DEBUG:colcon.colcon_core.verb:Building package 'factr_teleop' with the following arguments: {'ament_cmake_args': None, 'build_base': '/home/wrs/factr_ws/build/factr_teleop', 'catkin_cmake_args': None, 'catkin_skip_building_tests': False, 'cmake_args': None, 'cmake_clean_cache': False, 'cmake_clean_first': False, 'cmake_force_configure': False, 'cmake_target': None, 'cmake_target_skip_unavailable': False, 'install_base': '/home/wrs/factr_ws/install/factr_teleop', 'merge_install': False, 'path': '/home/wrs/factr_ws/src/factr_teleop', 'symlink_install': True, 'test_result_base': None}
[0.393s] Level 5:colcon.colcon_core.verb:set package 'franka_zmq_controller' build argument 'cmake_args' from command line to 'None'
[0.393s] Level 5:colcon.colcon_core.verb:set package 'franka_zmq_controller' build argument 'cmake_target' from command line to 'None'
[0.393s] Level 5:colcon.colcon_core.verb:set package 'franka_zmq_controller' build argument 'cmake_target_skip_unavailable' from command line to 'False'
[0.393s] Level 5:colcon.colcon_core.verb:set package 'franka_zmq_controller' build argument 'cmake_clean_cache' from command line to 'False'
[0.393s] Level 5:colcon.colcon_core.verb:set package 'franka_zmq_controller' build argument 'cmake_clean_first' from command line to 'False'
[0.393s] Level 5:colcon.colcon_core.verb:set package 'franka_zmq_controller' build argument 'cmake_force_configure' from command line to 'False'
[0.393s] Level 5:colcon.colcon_core.verb:set package 'franka_zmq_controller' build argument 'ament_cmake_args' from command line to 'None'
[0.393s] Level 5:colcon.colcon_core.verb:set package 'franka_zmq_controller' build argument 'catkin_cmake_args' from command line to 'None'
[0.393s] Level 5:colcon.colcon_core.verb:set package 'franka_zmq_controller' build argument 'catkin_skip_building_tests' from command line to 'False'
[0.393s] DEBUG:colcon.colcon_core.verb:Building package 'franka_zmq_controller' with the following arguments: {'ament_cmake_args': None, 'build_base': '/home/wrs/factr_ws/build/franka_zmq_controller', 'catkin_cmake_args': None, 'catkin_skip_building_tests': False, 'cmake_args': None, 'cmake_clean_cache': False, 'cmake_clean_first': False, 'cmake_force_configure': False, 'cmake_target': None, 'cmake_target_skip_unavailable': False, 'install_base': '/home/wrs/factr_ws/install/franka_zmq_controller', 'merge_install': False, 'path': '/home/wrs/factr_ws/src/franka_zmq_controller', 'symlink_install': True, 'test_result_base': None}
[0.393s] Level 5:colcon.colcon_core.verb:set package 'python_utils' build argument 'cmake_args' from command line to 'None'
[0.393s] Level 5:colcon.colcon_core.verb:set package 'python_utils' build argument 'cmake_target' from command line to 'None'
[0.393s] Level 5:colcon.colcon_core.verb:set package 'python_utils' build argument 'cmake_target_skip_unavailable' from command line to 'False'
[0.393s] Level 5:colcon.colcon_core.verb:set package 'python_utils' build argument 'cmake_clean_cache' from command line to 'False'
[0.393s] Level 5:colcon.colcon_core.verb:set package 'python_utils' build argument 'cmake_clean_first' from command line to 'False'
[0.393s] Level 5:colcon.colcon_core.verb:set package 'python_utils' build argument 'cmake_force_configure' from command line to 'False'
[0.393s] Level 5:colcon.colcon_core.verb:set package 'python_utils' build argument 'ament_cmake_args' from command line to 'None'
[0.393s] Level 5:colcon.colcon_core.verb:set package 'python_utils' build argument 'catkin_cmake_args' from command line to 'None'
[0.393s] Level 5:colcon.colcon_core.verb:set package 'python_utils' build argument 'catkin_skip_building_tests' from command line to 'False'
[0.394s] DEBUG:colcon.colcon_core.verb:Building package 'python_utils' with the following arguments: {'ament_cmake_args': None, 'build_base': '/home/wrs/factr_ws/build/python_utils', 'catkin_cmake_args': None, 'catkin_skip_building_tests': False, 'cmake_args': None, 'cmake_clean_cache': False, 'cmake_clean_first': False, 'cmake_force_configure': False, 'cmake_target': None, 'cmake_target_skip_unavailable': False, 'install_base': '/home/wrs/factr_ws/install/python_utils', 'merge_install': False, 'path': '/home/wrs/factr_ws/src/python_utils', 'symlink_install': True, 'test_result_base': None}
[0.394s] INFO:colcon.colcon_core.executor:Executing jobs using 'parallel' executor
[0.395s] DEBUG:colcon.colcon_parallel_executor.executor.parallel:run_until_complete
[0.395s] INFO:colcon.colcon_ros.task.ament_python.build:Building ROS package in '/home/wrs/factr_ws/src/bc' with build type 'ament_python'
[0.395s] Level 1:colcon.colcon_core.shell:create_environment_hook('bc', 'ament_prefix_path')
[0.398s] INFO:colcon.colcon_core.plugin_system:Skipping extension 'colcon_core.shell.bat': Not used on non-Windows systems
[0.398s] INFO:colcon.colcon_core.shell:Creating environment hook '/home/wrs/factr_ws/install/bc/share/bc/hook/ament_prefix_path.ps1'
[0.399s] INFO:colcon.colcon_core.shell:Creating environment descriptor '/home/wrs/factr_ws/install/bc/share/bc/hook/ament_prefix_path.dsv'
[0.400s] INFO:colcon.colcon_core.shell:Creating environment hook '/home/wrs/factr_ws/install/bc/share/bc/hook/ament_prefix_path.sh'
[0.400s] INFO:colcon.colcon_core.shell:Skip shell extension 'powershell' for command environment: Not usable outside of PowerShell
[0.400s] DEBUG:colcon.colcon_core.shell:Skip shell extension 'dsv' for command environment
[0.404s] INFO:colcon.colcon_ros.task.ament_python.build:Building ROS package in '/home/wrs/factr_ws/src/cameras' with build type 'ament_python'
[0.404s] Level 1:colcon.colcon_core.shell:create_environment_hook('cameras', 'ament_prefix_path')
[0.405s] INFO:colcon.colcon_core.shell:Creating environment hook '/home/wrs/factr_ws/install/cameras/share/cameras/hook/ament_prefix_path.ps1'
[0.405s] INFO:colcon.colcon_core.shell:Creating environment descriptor '/home/wrs/factr_ws/install/cameras/share/cameras/hook/ament_prefix_path.dsv'
[0.405s] INFO:colcon.colcon_core.shell:Creating environment hook '/home/wrs/factr_ws/install/cameras/share/cameras/hook/ament_prefix_path.sh'
[0.406s] INFO:colcon.colcon_core.shell:Skip shell extension 'powershell' for command environment: Not usable outside of PowerShell
[0.406s] DEBUG:colcon.colcon_core.shell:Skip shell extension 'dsv' for command environment
[0.409s] INFO:colcon.colcon_ros.task.ament_python.build:Building ROS package in '/home/wrs/factr_ws/src/factr_teleop' with build type 'ament_python'
[0.409s] Level 1:colcon.colcon_core.shell:create_environment_hook('factr_teleop', 'ament_prefix_path')
[0.409s] INFO:colcon.colcon_core.shell:Creating environment hook '/home/wrs/factr_ws/install/factr_teleop/share/factr_teleop/hook/ament_prefix_path.ps1'
[0.410s] INFO:colcon.colcon_core.shell:Creating environment descriptor '/home/wrs/factr_ws/install/factr_teleop/share/factr_teleop/hook/ament_prefix_path.dsv'
[0.410s] INFO:colcon.colcon_core.shell:Creating environment hook '/home/wrs/factr_ws/install/factr_teleop/share/factr_teleop/hook/ament_prefix_path.sh'
[0.411s] INFO:colcon.colcon_core.shell:Skip shell extension 'powershell' for command environment: Not usable outside of PowerShell
[0.411s] DEBUG:colcon.colcon_core.shell:Skip shell extension 'dsv' for command environment
[0.414s] INFO:colcon.colcon_ros.task.ament_cmake.build:Building ROS package in '/home/wrs/factr_ws/src/franka_zmq_controller' with build type 'ament_cmake'
[0.414s] INFO:colcon.colcon_cmake.task.cmake.build:Building CMake package in '/home/wrs/factr_ws/src/franka_zmq_controller'
[0.414s] INFO:colcon.colcon_core.shell:Skip shell extension 'powershell' for command environment: Not usable outside of PowerShell
[0.414s] DEBUG:colcon.colcon_core.shell:Skip shell extension 'dsv' for command environment
[0.417s] INFO:colcon.colcon_ros.task.ament_python.build:Building ROS package in '/home/wrs/factr_ws/src/python_utils' with build type 'ament_python'
[0.417s] Level 1:colcon.colcon_core.shell:create_environment_hook('python_utils', 'ament_prefix_path')
[0.418s] INFO:colcon.colcon_core.shell:Creating environment hook '/home/wrs/factr_ws/install/python_utils/share/python_utils/hook/ament_prefix_path.ps1'
[0.418s] INFO:colcon.colcon_core.shell:Creating environment descriptor '/home/wrs/factr_ws/install/python_utils/share/python_utils/hook/ament_prefix_path.dsv'
[0.419s] INFO:colcon.colcon_core.shell:Creating environment hook '/home/wrs/factr_ws/install/python_utils/share/python_utils/hook/ament_prefix_path.sh'
[0.419s] INFO:colcon.colcon_core.shell:Skip shell extension 'powershell' for command environment: Not usable outside of PowerShell
[0.419s] DEBUG:colcon.colcon_core.shell:Skip shell extension 'dsv' for command environment
[0.699s] INFO:colcon.colcon_core.task.python.build:Building Python package in '/home/wrs/factr_ws/src/bc'
[0.700s] INFO:colcon.colcon_core.shell:Skip shell extension 'powershell' for command environment: Not usable outside of PowerShell
[0.700s] DEBUG:colcon.colcon_core.shell:Skip shell extension 'dsv' for command environment
[0.985s] INFO:colcon.colcon_core.task.python.build:Building Python package in '/home/wrs/factr_ws/src/cameras'
[0.985s] INFO:colcon.colcon_core.shell:Skip shell extension 'powershell' for command environment: Not usable outside of PowerShell
[0.985s] DEBUG:colcon.colcon_core.shell:Skip shell extension 'dsv' for command environment
[1.266s] INFO:colcon.colcon_core.task.python.build:Building Python package in '/home/wrs/factr_ws/src/factr_teleop'
[1.266s] INFO:colcon.colcon_core.shell:Skip shell extension 'powershell' for command environment: Not usable outside of PowerShell
[1.266s] DEBUG:colcon.colcon_core.shell:Skip shell extension 'dsv' for command environment
[1.272s] DEBUG:colcon.colcon_core.event_handler.log_command:Invoking command in '/home/wrs/factr_ws/build/franka_zmq_controller': CMAKE_PREFIX_PATH=${CMAKE_PREFIX_PATH}:/home/wrs/factr_ws/install/python_utils:/home/wrs/factr_ws/install/factr_teleop:/home/wrs/factr_ws/install/cameras:/home/wrs/factr_ws/install/bc:/opt/ros/humble /usr/bin/cmake --build /home/wrs/factr_ws/build/franka_zmq_controller -- -j6 -l6
[1.559s] INFO:colcon.colcon_core.task.python.build:Building Python package in '/home/wrs/factr_ws/src/python_utils'
[1.560s] INFO:colcon.colcon_core.shell:Skip shell extension 'powershell' for command environment: Not usable outside of PowerShell
[1.560s] DEBUG:colcon.colcon_core.shell:Skip shell extension 'dsv' for command environment
[2.224s] DEBUG:colcon.colcon_core.event_handler.log_command:Invoking command in '/home/wrs/factr_ws/build/factr_teleop': PYTHONPATH=/home/wrs/factr_ws/build/factr_teleop/prefix_override:/usr/lib/python3/dist-packages/colcon_core/task/python/colcon_distutils_commands:/home/wrs/factr_ws/install/factr_teleop/lib/python3.10/site-packages:${PYTHONPATH} /usr/bin/python3 -W ignore:setup.py install is deprecated -W ignore:easy_install command is deprecated setup.py develop --editable --build-directory /home/wrs/factr_ws/build/factr_teleop/build --no-deps symlink_data
[2.262s] DEBUG:colcon.colcon_core.event_handler.log_command:Invoking command in '/home/wrs/factr_ws/build/bc': PYTHONPATH=/home/wrs/factr_ws/build/bc/prefix_override:/usr/lib/python3/dist-packages/colcon_core/task/python/colcon_distutils_commands:/home/wrs/factr_ws/install/bc/lib/python3.10/site-packages:${PYTHONPATH} /usr/bin/python3 -W ignore:setup.py install is deprecated -W ignore:easy_install command is deprecated setup.py develop --editable --build-directory /home/wrs/factr_ws/build/bc/build --no-deps symlink_data
[2.286s] DEBUG:colcon.colcon_core.event_handler.log_command:Invoking command in '/home/wrs/factr_ws/build/python_utils': PYTHONPATH=/home/wrs/factr_ws/build/python_utils/prefix_override:/usr/lib/python3/dist-packages/colcon_core/task/python/colcon_distutils_commands:/home/wrs/factr_ws/install/python_utils/lib/python3.10/site-packages:${PYTHONPATH} /usr/bin/python3 -W ignore:setup.py install is deprecated -W ignore:easy_install command is deprecated setup.py develop --editable --build-directory /home/wrs/factr_ws/build/python_utils/build --no-deps symlink_data
[2.290s] DEBUG:colcon.colcon_core.event_handler.log_command:Invoking command in '/home/wrs/factr_ws/build/cameras': PYTHONPATH=/home/wrs/factr_ws/build/cameras/prefix_override:/usr/lib/python3/dist-packages/colcon_core/task/python/colcon_distutils_commands:/home/wrs/factr_ws/install/cameras/lib/python3.10/site-packages:${PYTHONPATH} /usr/bin/python3 -W ignore:setup.py install is deprecated -W ignore:easy_install command is deprecated setup.py develop --editable --build-directory /home/wrs/factr_ws/build/cameras/build --no-deps symlink_data
[2.435s] DEBUG:colcon.colcon_core.event_handler.log_command:Invoked command in '/home/wrs/factr_ws/build/franka_zmq_controller' returned '0': CMAKE_PREFIX_PATH=${CMAKE_PREFIX_PATH}:/home/wrs/factr_ws/install/python_utils:/home/wrs/factr_ws/install/factr_teleop:/home/wrs/factr_ws/install/cameras:/home/wrs/factr_ws/install/bc:/opt/ros/humble /usr/bin/cmake --build /home/wrs/factr_ws/build/franka_zmq_controller -- -j6 -l6
[2.441s] DEBUG:colcon.colcon_core.event_handler.log_command:Invoking command in '/home/wrs/factr_ws/build/franka_zmq_controller': CMAKE_PREFIX_PATH=${CMAKE_PREFIX_PATH}:/home/wrs/factr_ws/install/python_utils:/home/wrs/factr_ws/install/factr_teleop:/home/wrs/factr_ws/install/cameras:/home/wrs/factr_ws/install/bc:/opt/ros/humble /usr/bin/cmake --install /home/wrs/factr_ws/build/franka_zmq_controller
[2.472s] Level 1:colcon.colcon_core.environment:create_environment_scripts_only(franka_zmq_controller)
[2.475s] Level 1:colcon.colcon_core.environment:checking '/home/wrs/factr_ws/install/franka_zmq_controller' for CMake module files
[2.475s] Level 1:colcon.colcon_core.environment:checking '/home/wrs/factr_ws/install/franka_zmq_controller' for CMake config files
[2.475s] Level 1:colcon.colcon_core.shell:create_environment_hook('franka_zmq_controller', 'cmake_prefix_path')
[2.476s] INFO:colcon.colcon_core.shell:Creating environment hook '/home/wrs/factr_ws/install/franka_zmq_controller/share/franka_zmq_controller/hook/cmake_prefix_path.ps1'
[2.476s] INFO:colcon.colcon_core.shell:Creating environment descriptor '/home/wrs/factr_ws/install/franka_zmq_controller/share/franka_zmq_controller/hook/cmake_prefix_path.dsv'
[2.476s] INFO:colcon.colcon_core.shell:Creating environment hook '/home/wrs/factr_ws/install/franka_zmq_controller/share/franka_zmq_controller/hook/cmake_prefix_path.sh'
[2.478s] Level 1:colcon.colcon_core.environment:checking '/home/wrs/factr_ws/install/franka_zmq_controller/lib'
[2.478s] Level 1:colcon.colcon_core.environment:checking '/home/wrs/factr_ws/install/franka_zmq_controller/bin'
[2.478s] Level 1:colcon.colcon_core.environment:checking '/home/wrs/factr_ws/install/franka_zmq_controller/lib/pkgconfig/franka_zmq_controller.pc'
[2.478s] Level 1:colcon.colcon_core.environment:checking '/home/wrs/factr_ws/install/franka_zmq_controller/lib/python3.10/site-packages'
[2.478s] Level 1:colcon.colcon_core.environment:checking '/home/wrs/factr_ws/install/franka_zmq_controller/bin'
[2.479s] INFO:colcon.colcon_core.shell:Creating package script '/home/wrs/factr_ws/install/franka_zmq_controller/share/franka_zmq_controller/package.ps1'
[2.480s] INFO:colcon.colcon_core.shell:Creating package descriptor '/home/wrs/factr_ws/install/franka_zmq_controller/share/franka_zmq_controller/package.dsv'
[2.480s] INFO:colcon.colcon_core.shell:Creating package script '/home/wrs/factr_ws/install/franka_zmq_controller/share/franka_zmq_controller/package.sh'
[2.481s] INFO:colcon.colcon_core.shell:Creating package script '/home/wrs/factr_ws/install/franka_zmq_controller/share/franka_zmq_controller/package.bash'
[2.482s] INFO:colcon.colcon_core.shell:Creating package script '/home/wrs/factr_ws/install/franka_zmq_controller/share/franka_zmq_controller/package.zsh'
[2.483s] Level 1:colcon.colcon_core.environment:create_file_with_runtime_dependencies(/home/wrs/factr_ws/install/franka_zmq_controller/share/colcon-core/packages/franka_zmq_controller)
[2.484s] Level 1:colcon.colcon_core.environment:create_environment_scripts_only(franka_zmq_controller)
[2.484s] Level 1:colcon.colcon_core.environment:checking '/home/wrs/factr_ws/install/franka_zmq_controller' for CMake module files
[2.484s] Level 1:colcon.colcon_core.environment:checking '/home/wrs/factr_ws/install/franka_zmq_controller' for CMake config files
[2.485s] Level 1:colcon.colcon_core.shell:create_environment_hook('franka_zmq_controller', 'cmake_prefix_path')
[2.485s] INFO:colcon.colcon_core.shell:Creating environment hook '/home/wrs/factr_ws/install/franka_zmq_controller/share/franka_zmq_controller/hook/cmake_prefix_path.ps1'
[2.485s] INFO:colcon.colcon_core.shell:Creating environment descriptor '/home/wrs/factr_ws/install/franka_zmq_controller/share/franka_zmq_controller/hook/cmake_prefix_path.dsv'
[2.486s] INFO:colcon.colcon_core.shell:Creating environment hook '/home/wrs/factr_ws/install/franka_zmq_controller/share/franka_zmq_controller/hook/cmake_prefix_path.sh'
[2.486s] Level 1:colcon.colcon_core.environment:checking '/home/wrs/factr_ws/install/franka_zmq_controller/lib'
[2.487s] Level 1:colcon.colcon_core.environment:checking '/home/wrs/factr_ws/install/franka_zmq_controller/bin'
[2.487s] Level 1:colcon.colcon_core.environment:checking '/home/wrs/factr_ws/install/franka_zmq_controller/lib/pkgconfig/franka_zmq_controller.pc'
[2.487s] Level 1:colcon.colcon_core.environment:checking '/home/wrs/factr_ws/install/franka_zmq_controller/lib/python3.10/site-packages'
[2.487s] Level 1:colcon.colcon_core.environment:checking '/home/wrs/factr_ws/install/franka_zmq_controller/bin'
[2.487s] INFO:colcon.colcon_core.shell:Creating package script '/home/wrs/factr_ws/install/franka_zmq_controller/share/franka_zmq_controller/package.ps1'
[2.488s] INFO:colcon.colcon_core.shell:Creating package descriptor '/home/wrs/factr_ws/install/franka_zmq_controller/share/franka_zmq_controller/package.dsv'
[2.489s] INFO:colcon.colcon_core.shell:Creating package script '/home/wrs/factr_ws/install/franka_zmq_controller/share/franka_zmq_controller/package.sh'
[2.489s] INFO:colcon.colcon_core.shell:Creating package script '/home/wrs/factr_ws/install/franka_zmq_controller/share/franka_zmq_controller/package.bash'
[2.490s] INFO:colcon.colcon_core.shell:Creating package script '/home/wrs/factr_ws/install/franka_zmq_controller/share/franka_zmq_controller/package.zsh'
[2.491s] Level 1:colcon.colcon_core.environment:create_file_with_runtime_dependencies(/home/wrs/factr_ws/install/franka_zmq_controller/share/colcon-core/packages/franka_zmq_controller)
[2.491s] DEBUG:colcon.colcon_core.event_handler.log_command:Invoked command in '/home/wrs/factr_ws/build/franka_zmq_controller' returned '0': CMAKE_PREFIX_PATH=${CMAKE_PREFIX_PATH}:/home/wrs/factr_ws/install/python_utils:/home/wrs/factr_ws/install/factr_teleop:/home/wrs/factr_ws/install/cameras:/home/wrs/factr_ws/install/bc:/opt/ros/humble /usr/bin/cmake --install /home/wrs/factr_ws/build/franka_zmq_controller
[2.820s] Level 1:colcon.colcon_core.shell:create_environment_hook('factr_teleop', 'pythonpath_develop')
[2.820s] INFO:colcon.colcon_core.shell:Creating environment hook '/home/wrs/factr_ws/build/factr_teleop/share/factr_teleop/hook/pythonpath_develop.ps1'
[2.821s] INFO:colcon.colcon_core.shell:Creating environment descriptor '/home/wrs/factr_ws/build/factr_teleop/share/factr_teleop/hook/pythonpath_develop.dsv'
[2.822s] INFO:colcon.colcon_core.shell:Creating environment hook '/home/wrs/factr_ws/build/factr_teleop/share/factr_teleop/hook/pythonpath_develop.sh'
[2.822s] Level 1:colcon.colcon_core.environment:checking '/home/wrs/factr_ws/install/factr_teleop' for CMake module files
[2.823s] Level 1:colcon.colcon_core.environment:checking '/home/wrs/factr_ws/install/factr_teleop' for CMake config files
[2.823s] Level 1:colcon.colcon_core.environment:checking '/home/wrs/factr_ws/install/factr_teleop/lib'
[2.823s] Level 1:colcon.colcon_core.environment:checking '/home/wrs/factr_ws/install/factr_teleop/bin'
[2.824s] Level 1:colcon.colcon_core.environment:checking '/home/wrs/factr_ws/install/factr_teleop/lib/pkgconfig/factr_teleop.pc'
[2.824s] Level 1:colcon.colcon_core.environment:checking '/home/wrs/factr_ws/install/factr_teleop/lib/python3.10/site-packages'
[2.824s] Level 1:colcon.colcon_core.shell:create_environment_hook('factr_teleop', 'pythonpath')
[2.824s] INFO:colcon.colcon_core.shell:Creating environment hook '/home/wrs/factr_ws/install/factr_teleop/share/factr_teleop/hook/pythonpath.ps1'
[2.825s] INFO:colcon.colcon_core.shell:Creating environment descriptor '/home/wrs/factr_ws/install/factr_teleop/share/factr_teleop/hook/pythonpath.dsv'
[2.825s] INFO:colcon.colcon_core.shell:Creating environment hook '/home/wrs/factr_ws/install/factr_teleop/share/factr_teleop/hook/pythonpath.sh'
[2.826s] Level 1:colcon.colcon_core.environment:checking '/home/wrs/factr_ws/install/factr_teleop/bin'
[2.826s] Level 1:colcon.colcon_core.environment:create_environment_scripts_only(factr_teleop)
[2.826s] INFO:colcon.colcon_core.shell:Creating package script '/home/wrs/factr_ws/install/factr_teleop/share/factr_teleop/package.ps1'
[2.829s] INFO:colcon.colcon_core.shell:Creating package descriptor '/home/wrs/factr_ws/install/factr_teleop/share/factr_teleop/package.dsv'
[2.830s] INFO:colcon.colcon_core.shell:Creating package script '/home/wrs/factr_ws/install/factr_teleop/share/factr_teleop/package.sh'
[2.830s] INFO:colcon.colcon_core.shell:Creating package script '/home/wrs/factr_ws/install/factr_teleop/share/factr_teleop/package.bash'
[2.831s] INFO:colcon.colcon_core.shell:Creating package script '/home/wrs/factr_ws/install/factr_teleop/share/factr_teleop/package.zsh'
[2.832s] Level 1:colcon.colcon_core.environment:create_file_with_runtime_dependencies(/home/wrs/factr_ws/install/factr_teleop/share/colcon-core/packages/factr_teleop)
[2.833s] DEBUG:colcon.colcon_core.event_handler.log_command:Invoked command in '/home/wrs/factr_ws/build/factr_teleop' returned '0': PYTHONPATH=/home/wrs/factr_ws/build/factr_teleop/prefix_override:/usr/lib/python3/dist-packages/colcon_core/task/python/colcon_distutils_commands:/home/wrs/factr_ws/install/factr_teleop/lib/python3.10/site-packages:${PYTHONPATH} /usr/bin/python3 -W ignore:setup.py install is deprecated -W ignore:easy_install command is deprecated setup.py develop --editable --build-directory /home/wrs/factr_ws/build/factr_teleop/build --no-deps symlink_data
[2.849s] Level 1:colcon.colcon_core.shell:create_environment_hook('bc', 'pythonpath_develop')
[2.849s] INFO:colcon.colcon_core.shell:Creating environment hook '/home/wrs/factr_ws/build/bc/share/bc/hook/pythonpath_develop.ps1'
[2.850s] INFO:colcon.colcon_core.shell:Creating environment descriptor '/home/wrs/factr_ws/build/bc/share/bc/hook/pythonpath_develop.dsv'
[2.850s] DEBUG:colcon.colcon_core.event_handler.log_command:Invoked command in '/home/wrs/factr_ws/build/bc' returned '0': PYTHONPATH=/home/wrs/factr_ws/build/bc/prefix_override:/usr/lib/python3/dist-packages/colcon_core/task/python/colcon_distutils_commands:/home/wrs/factr_ws/install/bc/lib/python3.10/site-packages:${PYTHONPATH} /usr/bin/python3 -W ignore:setup.py install is deprecated -W ignore:easy_install command is deprecated setup.py develop --editable --build-directory /home/wrs/factr_ws/build/bc/build --no-deps symlink_data
[2.850s] INFO:colcon.colcon_core.shell:Creating environment hook '/home/wrs/factr_ws/build/bc/share/bc/hook/pythonpath_develop.sh'
[2.851s] Level 1:colcon.colcon_core.environment:checking '/home/wrs/factr_ws/install/bc' for CMake module files
[2.851s] Level 1:colcon.colcon_core.environment:checking '/home/wrs/factr_ws/install/bc' for CMake config files
[2.852s] Level 1:colcon.colcon_core.environment:checking '/home/wrs/factr_ws/install/bc/lib'
[2.852s] Level 1:colcon.colcon_core.environment:checking '/home/wrs/factr_ws/install/bc/bin'
[2.852s] Level 1:colcon.colcon_core.environment:checking '/home/wrs/factr_ws/install/bc/lib/pkgconfig/bc.pc'
[2.852s] Level 1:colcon.colcon_core.environment:checking '/home/wrs/factr_ws/install/bc/lib/python3.10/site-packages'
[2.852s] Level 1:colcon.colcon_core.shell:create_environment_hook('bc', 'pythonpath')
[2.853s] INFO:colcon.colcon_core.shell:Creating environment hook '/home/wrs/factr_ws/install/bc/share/bc/hook/pythonpath.ps1'
[2.853s] INFO:colcon.colcon_core.shell:Creating environment descriptor '/home/wrs/factr_ws/install/bc/share/bc/hook/pythonpath.dsv'
[2.853s] INFO:colcon.colcon_core.shell:Creating environment hook '/home/wrs/factr_ws/install/bc/share/bc/hook/pythonpath.sh'
[2.854s] Level 1:colcon.colcon_core.environment:checking '/home/wrs/factr_ws/install/bc/bin'
[2.854s] Level 1:colcon.colcon_core.environment:create_environment_scripts_only(bc)
[2.854s] INFO:colcon.colcon_core.shell:Creating package script '/home/wrs/factr_ws/install/bc/share/bc/package.ps1'
[2.855s] INFO:colcon.colcon_core.shell:Creating package descriptor '/home/wrs/factr_ws/install/bc/share/bc/package.dsv'
[2.855s] INFO:colcon.colcon_core.shell:Creating package script '/home/wrs/factr_ws/install/bc/share/bc/package.sh'
[2.856s] INFO:colcon.colcon_core.shell:Creating package script '/home/wrs/factr_ws/install/bc/share/bc/package.bash'
[2.856s] INFO:colcon.colcon_core.shell:Creating package script '/home/wrs/factr_ws/install/bc/share/bc/package.zsh'
[2.856s] Level 1:colcon.colcon_core.environment:create_file_with_runtime_dependencies(/home/wrs/factr_ws/install/bc/share/colcon-core/packages/bc)
[2.857s] Level 1:colcon.colcon_core.shell:create_environment_hook('python_utils', 'pythonpath_develop')
[2.858s] INFO:colcon.colcon_core.shell:Creating environment hook '/home/wrs/factr_ws/build/python_utils/share/python_utils/hook/pythonpath_develop.ps1'
[2.858s] DEBUG:colcon.colcon_core.event_handler.log_command:Invoked command in '/home/wrs/factr_ws/build/python_utils' returned '0': PYTHONPATH=/home/wrs/factr_ws/build/python_utils/prefix_override:/usr/lib/python3/dist-packages/colcon_core/task/python/colcon_distutils_commands:/home/wrs/factr_ws/install/python_utils/lib/python3.10/site-packages:${PYTHONPATH} /usr/bin/python3 -W ignore:setup.py install is deprecated -W ignore:easy_install command is deprecated setup.py develop --editable --build-directory /home/wrs/factr_ws/build/python_utils/build --no-deps symlink_data
[2.859s] INFO:colcon.colcon_core.shell:Creating environment descriptor '/home/wrs/factr_ws/build/python_utils/share/python_utils/hook/pythonpath_develop.dsv'
[2.859s] INFO:colcon.colcon_core.shell:Creating environment hook '/home/wrs/factr_ws/build/python_utils/share/python_utils/hook/pythonpath_develop.sh'
[2.860s] Level 1:colcon.colcon_core.environment:checking '/home/wrs/factr_ws/install/python_utils' for CMake module files
[2.860s] Level 1:colcon.colcon_core.environment:checking '/home/wrs/factr_ws/install/python_utils' for CMake config files
[2.861s] Level 1:colcon.colcon_core.environment:checking '/home/wrs/factr_ws/install/python_utils/lib'
[2.861s] Level 1:colcon.colcon_core.environment:checking '/home/wrs/factr_ws/install/python_utils/bin'
[2.861s] Level 1:colcon.colcon_core.environment:checking '/home/wrs/factr_ws/install/python_utils/lib/pkgconfig/python_utils.pc'
[2.861s] Level 1:colcon.colcon_core.environment:checking '/home/wrs/factr_ws/install/python_utils/lib/python3.10/site-packages'
[2.861s] Level 1:colcon.colcon_core.shell:create_environment_hook('python_utils', 'pythonpath')
[2.862s] INFO:colcon.colcon_core.shell:Creating environment hook '/home/wrs/factr_ws/install/python_utils/share/python_utils/hook/pythonpath.ps1'
[2.862s] INFO:colcon.colcon_core.shell:Creating environment descriptor '/home/wrs/factr_ws/install/python_utils/share/python_utils/hook/pythonpath.dsv'
[2.863s] INFO:colcon.colcon_core.shell:Creating environment hook '/home/wrs/factr_ws/install/python_utils/share/python_utils/hook/pythonpath.sh'
[2.864s] Level 1:colcon.colcon_core.environment:checking '/home/wrs/factr_ws/install/python_utils/bin'
[2.864s] Level 1:colcon.colcon_core.environment:create_environment_scripts_only(python_utils)
[2.864s] INFO:colcon.colcon_core.shell:Creating package script '/home/wrs/factr_ws/install/python_utils/share/python_utils/package.ps1'
[2.865s] INFO:colcon.colcon_core.shell:Creating package descriptor '/home/wrs/factr_ws/install/python_utils/share/python_utils/package.dsv'
[2.866s] INFO:colcon.colcon_core.shell:Creating package script '/home/wrs/factr_ws/install/python_utils/share/python_utils/package.sh'
[2.866s] INFO:colcon.colcon_core.shell:Creating package script '/home/wrs/factr_ws/install/python_utils/share/python_utils/package.bash'
[2.867s] INFO:colcon.colcon_core.shell:Creating package script '/home/wrs/factr_ws/install/python_utils/share/python_utils/package.zsh'
[2.867s] Level 1:colcon.colcon_core.environment:create_file_with_runtime_dependencies(/home/wrs/factr_ws/install/python_utils/share/colcon-core/packages/python_utils)
[2.869s] Level 1:colcon.colcon_core.shell:create_environment_hook('cameras', 'pythonpath_develop')
[2.869s] INFO:colcon.colcon_core.shell:Creating environment hook '/home/wrs/factr_ws/build/cameras/share/cameras/hook/pythonpath_develop.ps1'
[2.870s] INFO:colcon.colcon_core.shell:Creating environment descriptor '/home/wrs/factr_ws/build/cameras/share/cameras/hook/pythonpath_develop.dsv'
[2.870s] DEBUG:colcon.colcon_core.event_handler.log_command:Invoked command in '/home/wrs/factr_ws/build/cameras' returned '0': PYTHONPATH=/home/wrs/factr_ws/build/cameras/prefix_override:/usr/lib/python3/dist-packages/colcon_core/task/python/colcon_distutils_commands:/home/wrs/factr_ws/install/cameras/lib/python3.10/site-packages:${PYTHONPATH} /usr/bin/python3 -W ignore:setup.py install is deprecated -W ignore:easy_install command is deprecated setup.py develop --editable --build-directory /home/wrs/factr_ws/build/cameras/build --no-deps symlink_data
[2.870s] INFO:colcon.colcon_core.shell:Creating environment hook '/home/wrs/factr_ws/build/cameras/share/cameras/hook/pythonpath_develop.sh'
[2.871s] Level 1:colcon.colcon_core.environment:checking '/home/wrs/factr_ws/install/cameras' for CMake module files
[2.871s] Level 1:colcon.colcon_core.environment:checking '/home/wrs/factr_ws/install/cameras' for CMake config files
[2.872s] Level 1:colcon.colcon_core.environment:checking '/home/wrs/factr_ws/install/cameras/lib'
[2.872s] Level 1:colcon.colcon_core.environment:checking '/home/wrs/factr_ws/install/cameras/bin'
[2.872s] Level 1:colcon.colcon_core.environment:checking '/home/wrs/factr_ws/install/cameras/lib/pkgconfig/cameras.pc'
[2.872s] Level 1:colcon.colcon_core.environment:checking '/home/wrs/factr_ws/install/cameras/lib/python3.10/site-packages'
[2.872s] Level 1:colcon.colcon_core.shell:create_environment_hook('cameras', 'pythonpath')
[2.872s] INFO:colcon.colcon_core.shell:Creating environment hook '/home/wrs/factr_ws/install/cameras/share/cameras/hook/pythonpath.ps1'
[2.873s] INFO:colcon.colcon_core.shell:Creating environment descriptor '/home/wrs/factr_ws/install/cameras/share/cameras/hook/pythonpath.dsv'
[2.873s] INFO:colcon.colcon_core.shell:Creating environment hook '/home/wrs/factr_ws/install/cameras/share/cameras/hook/pythonpath.sh'
[2.874s] Level 1:colcon.colcon_core.environment:checking '/home/wrs/factr_ws/install/cameras/bin'
[2.874s] Level 1:colcon.colcon_core.environment:create_environment_scripts_only(cameras)
[2.874s] INFO:colcon.colcon_core.shell:Creating package script '/home/wrs/factr_ws/install/cameras/share/cameras/package.ps1'
[2.875s] INFO:colcon.colcon_core.shell:Creating package descriptor '/home/wrs/factr_ws/install/cameras/share/cameras/package.dsv'
[2.875s] INFO:colcon.colcon_core.shell:Creating package script '/home/wrs/factr_ws/install/cameras/share/cameras/package.sh'
[2.876s] INFO:colcon.colcon_core.shell:Creating package script '/home/wrs/factr_ws/install/cameras/share/cameras/package.bash'
[2.876s] INFO:colcon.colcon_core.shell:Creating package script '/home/wrs/factr_ws/install/cameras/share/cameras/package.zsh'
[2.877s] Level 1:colcon.colcon_core.environment:create_file_with_runtime_dependencies(/home/wrs/factr_ws/install/cameras/share/colcon-core/packages/cameras)
[2.877s] DEBUG:colcon.colcon_parallel_executor.executor.parallel:closing loop
[2.877s] DEBUG:colcon.colcon_parallel_executor.executor.parallel:loop closed
[2.877s] DEBUG:colcon.colcon_parallel_executor.executor.parallel:run_until_complete finished with '0'
[2.877s] DEBUG:colcon.colcon_core.event_reactor:joining thread
[2.883s] INFO:colcon.colcon_core.plugin_system:Skipping extension 'colcon_notification.desktop_notification.terminal_notifier': Not used on non-Darwin systems
[2.883s] INFO:colcon.colcon_core.plugin_system:Skipping extension 'colcon_notification.desktop_notification.win32': Not used on non-Windows systems
[2.883s] INFO:colcon.colcon_notification.desktop_notification:Sending desktop notification using 'notify2'
[2.893s] DEBUG:colcon.colcon_core.event_reactor:joined thread
[2.894s] INFO:colcon.colcon_core.shell:Creating prefix script '/home/wrs/factr_ws/install/local_setup.ps1'
[2.895s] INFO:colcon.colcon_core.shell:Creating prefix util module '/home/wrs/factr_ws/install/_local_setup_util_ps1.py'
[2.896s] INFO:colcon.colcon_core.shell:Creating prefix chain script '/home/wrs/factr_ws/install/setup.ps1'
[2.898s] INFO:colcon.colcon_core.shell:Creating prefix script '/home/wrs/factr_ws/install/local_setup.sh'
[2.898s] INFO:colcon.colcon_core.shell:Creating prefix util module '/home/wrs/factr_ws/install/_local_setup_util_sh.py'
[2.899s] INFO:colcon.colcon_core.shell:Creating prefix chain script '/home/wrs/factr_ws/install/setup.sh'
[2.900s] INFO:colcon.colcon_core.shell:Creating prefix script '/home/wrs/factr_ws/install/local_setup.bash'
[2.901s] INFO:colcon.colcon_core.shell:Creating prefix chain script '/home/wrs/factr_ws/install/setup.bash'
[2.902s] INFO:colcon.colcon_core.shell:Creating prefix script '/home/wrs/factr_ws/install/local_setup.zsh'
[2.903s] INFO:colcon.colcon_core.shell:Creating prefix chain script '/home/wrs/factr_ws/install/setup.zsh'
