[0.010s] Invoking command in '/home/wrs/factr_ws/build/franka_zmq_controller': CMAKE_PREFIX_PATH=${CMAKE_PREFIX_PATH}:/home/wrs/factr_ws/install/python_utils:/home/wrs/factr_ws/install/factr_teleop:/home/wrs/factr_ws/install/cameras:/home/wrs/factr_ws/install/bc:/opt/ros/humble /usr/bin/cmake /home/wrs/factr_ws/src/franka_zmq_controller -Dfranka_DIR=~/Downloads/libfranka/build -DCMAKE_INSTALL_PREFIX=/home/wrs/factr_ws/install/franka_zmq_controller
[0.059s] -- The C compiler identification is GNU 11.4.0
[0.111s] -- The CXX compiler identification is GNU 11.4.0
[0.119s] -- Detecting C compiler ABI info
[0.183s] -- Detecting C compiler ABI info - done
[0.190s] -- Check for working C compiler: /usr/bin/cc - skipped
[0.190s] -- Detecting C compile features
[0.191s] -- Detecting C compile features - done
[0.193s] -- Detecting CXX compiler ABI info
[0.269s] -- Detecting CXX compiler ABI info - done
[0.277s] -- Check for working CXX compiler: /usr/bin/c++ - skipped
[0.277s] -- Detecting CXX compile features
[0.277s] -- Detecting CXX compile features - done
[0.281s] -- Found ament_cmake: 1.3.11 (/opt/ros/humble/share/ament_cmake/cmake)
[0.429s] -- Found Python3: /usr/bin/python3 (found version "3.10.12") found components: Interpreter 
[0.528s] -- Found rclcpp: 16.0.12 (/opt/ros/humble/share/rclcpp/cmake)
[0.580s] -- Found rosidl_generator_c: 3.1.6 (/opt/ros/humble/share/rosidl_generator_c/cmake)
[0.586s] -- Found rosidl_adapter: 3.1.6 (/opt/ros/humble/share/rosidl_adapter/cmake)
[0.596s] -- Found rosidl_generator_cpp: 3.1.6 (/opt/ros/humble/share/rosidl_generator_cpp/cmake)
[0.610s] -- Using all available rosidl_typesupport_c: rosidl_typesupport_fastrtps_c;rosidl_typesupport_introspection_c
[0.629s] -- Using all available rosidl_typesupport_cpp: rosidl_typesupport_fastrtps_cpp;rosidl_typesupport_introspection_cpp
[0.681s] -- Found rmw_implementation_cmake: 6.1.2 (/opt/ros/humble/share/rmw_implementation_cmake/cmake)
[0.685s] -- Found rmw_fastrtps_cpp: 6.2.7 (/opt/ros/humble/share/rmw_fastrtps_cpp/cmake)
[0.774s] -- Found OpenSSL: /usr/lib/x86_64-linux-gnu/libcrypto.so (found version "3.0.2")  
[0.801s] -- Found FastRTPS: /opt/ros/humble/include  
[0.844s] -- Using RMW implementation 'rmw_fastrtps_cpp' as default
[0.855s] -- Looking for pthread.h
[0.923s] -- Looking for pthread.h - found
[0.923s] -- Performing Test CMAKE_HAVE_LIBC_PTHREAD
[0.988s] -- Performing Test CMAKE_HAVE_LIBC_PTHREAD - Success
[0.989s] -- Found Threads: TRUE  
[1.047s] -- Found PkgConfig: /usr/bin/pkg-config (found version "0.29.2") 
[1.047s] -- Checking for module 'libzmq'
[1.059s] --   Found libzmq, version 4.3.4
[1.151s] -- Configuring done
[1.159s] -- Generating done
[1.162s] -- Build files have been written to: /home/wrs/factr_ws/build/franka_zmq_controller
[1.171s] Invoked command in '/home/wrs/factr_ws/build/franka_zmq_controller' returned '0': CMAKE_PREFIX_PATH=${CMAKE_PREFIX_PATH}:/home/wrs/factr_ws/install/python_utils:/home/wrs/factr_ws/install/factr_teleop:/home/wrs/factr_ws/install/cameras:/home/wrs/factr_ws/install/bc:/opt/ros/humble /usr/bin/cmake /home/wrs/factr_ws/src/franka_zmq_controller -Dfranka_DIR=~/Downloads/libfranka/build -DCMAKE_INSTALL_PREFIX=/home/wrs/factr_ws/install/franka_zmq_controller
[1.173s] Invoking command in '/home/wrs/factr_ws/build/franka_zmq_controller': CMAKE_PREFIX_PATH=${CMAKE_PREFIX_PATH}:/home/wrs/factr_ws/install/python_utils:/home/wrs/factr_ws/install/factr_teleop:/home/wrs/factr_ws/install/cameras:/home/wrs/factr_ws/install/bc:/opt/ros/humble /usr/bin/cmake --build /home/wrs/factr_ws/build/franka_zmq_controller -- -j6 -l6
[1.217s] [ 50%] [32mBuilding CXX object CMakeFiles/franka_zmq_controller_node.dir/src/controller_node.cpp.o[0m
[1.792s] [01m[K/home/wrs/factr_ws/src/franka_zmq_controller/src/controller_node.cpp:[m[K In function ‘[01m[Kint main()[m[K’:
[1.793s] [01m[K/home/wrs/factr_ws/src/franka_zmq_controller/src/controller_node.cpp:80:98:[m[K [01;31m[Kerror: [m[Kno matching function for call to ‘[01m[Kfranka::ActiveMotionGenerator<franka::JointPositions>::ActiveMotionGenerator(std::array<double, 7>&, double)[m[K’
[1.793s]    80 |     franka::ActiveMotionGenerator<franka::JointPositions> motion_generator(smoothed_position, 0.2[01;31m[K)[m[K;
[1.793s]       |                                                                                                  [01;31m[K^[m[K
[1.793s] In file included from [01m[K/home/wrs/factr_ws/src/franka_zmq_controller/src/controller_node.cpp:3[m[K:
[1.793s] [01m[K/usr/local/include/franka/active_motion_generator.h:55:3:[m[K [01;36m[Knote: [m[Kcandidate: ‘[01m[Kfranka::ActiveMotionGenerator<MotionGeneratorType>::ActiveMotionGenerator(std::shared_ptr<franka::Robot::Impl>, uint32_t, std::unique_lock<std::mutex>, research_interface::robot::Move::ControllerMode) [with MotionGeneratorType = franka::JointPositions; uint32_t = unsigned int][m[K’
[1.793s]    55 |   [01;36m[KActiveMotionGenerator[m[K(std::shared_ptr<Robot::Impl> robot_impl,
[1.793s]       |   [01;36m[K^~~~~~~~~~~~~~~~~~~~~[m[K
[1.793s] [01m[K/usr/local/include/franka/active_motion_generator.h:55:3:[m[K [01;36m[Knote: [m[K  candidate expects 4 arguments, 2 provided
[1.795s] [01m[K/home/wrs/factr_ws/src/franka_zmq_controller/src/controller_node.cpp:81:18:[m[K [01;31m[Kerror: [m[Kno matching function for call to ‘[01m[Kfranka::Robot::control(franka::ActiveMotionGenerator<franka::JointPositions>&)[m[K’
[1.796s]    81 |     [01;31m[Krobot.control(motion_generator)[m[K;
[1.796s]       |     [01;31m[K~~~~~~~~~~~~~^~~~~~~~~~~~~~~~~~[m[K
[1.796s] In file included from [01m[K/home/wrs/factr_ws/src/franka_zmq_controller/src/controller_node.cpp:1[m[K:
[1.796s] [01m[K/usr/local/include/franka/robot.h:175:8:[m[K [01;36m[Knote: [m[Kcandidate: ‘[01m[Kvoid franka::Robot::control(std::function<franka::Torques(const franka::RobotState&, franka::Duration)>, bool, double)[m[K’
[1.796s]   175 |   void [01;36m[Kcontrol[m[K(std::function<Torques(const RobotState&, franka::Duration)> control_callback,
[1.796s]       |        [01;36m[K^~~~~~~[m[K
[1.796s] [01m[K/usr/local/include/franka/robot.h:175:76:[m[K [01;36m[Knote: [m[K  no known conversion for argument 1 from ‘[01m[Kfranka::ActiveMotionGenerator<franka::JointPositions>[m[K’ to ‘[01m[Kstd::function<franka::Torques(const franka::RobotState&, franka::Duration)>[m[K’
[1.796s]   175 |   void control([01;36m[Kstd::function<Torques(const RobotState&, franka::Duration)> control_callback[m[K,
[1.796s]       |                [01;36m[K~~~~~~~~~~~~~~~~~~~~~~~~~~~~~~~~~~~~~~~~~~~~~~~~~~~~~~~~~~~~^~~~~~~~~~~~~~~~[m[K
[1.796s] [01m[K/usr/local/include/franka/robot.h:203:8:[m[K [01;36m[Knote: [m[Kcandidate: ‘[01m[Kvoid franka::Robot::control(std::function<franka::Torques(const franka::RobotState&, franka::Duration)>, std::function<franka::JointPositions(const franka::RobotState&, franka::Duration)>, bool, double)[m[K’
[1.796s]   203 |   void [01;36m[Kcontrol[m[K(
[1.796s]       |        [01;36m[K^~~~~~~[m[K
[1.796s] [01m[K/usr/local/include/franka/robot.h:203:8:[m[K [01;36m[Knote: [m[K  candidate expects 4 arguments, 1 provided
[1.796s] [01m[K/usr/local/include/franka/robot.h:233:8:[m[K [01;36m[Knote: [m[Kcandidate: ‘[01m[Kvoid franka::Robot::control(std::function<franka::Torques(const franka::RobotState&, franka::Duration)>, std::function<franka::JointVelocities(const franka::RobotState&, franka::Duration)>, bool, double)[m[K’
[1.796s]   233 |   void [01;36m[Kcontrol[m[K(
[1.796s]       |        [01;36m[K^~~~~~~[m[K
[1.796s] [01m[K/usr/local/include/franka/robot.h:233:8:[m[K [01;36m[Knote: [m[K  candidate expects 4 arguments, 1 provided
[1.797s] [01m[K/usr/local/include/franka/robot.h:263:8:[m[K [01;36m[Knote: [m[Kcandidate: ‘[01m[Kvoid franka::Robot::control(std::function<franka::Torques(const franka::RobotState&, franka::Duration)>, std::function<franka::CartesianPose(const franka::RobotState&, franka::Duration)>, bool, double)[m[K’
[1.797s]   263 |   void [01;36m[Kcontrol[m[K(
[1.797s]       |        [01;36m[K^~~~~~~[m[K
[1.797s] [01m[K/usr/local/include/franka/robot.h:263:8:[m[K [01;36m[Knote: [m[K  candidate expects 4 arguments, 1 provided
[1.797s] [01m[K/usr/local/include/franka/robot.h:293:8:[m[K [01;36m[Knote: [m[Kcandidate: ‘[01m[Kvoid franka::Robot::control(std::function<franka::Torques(const franka::RobotState&, franka::Duration)>, std::function<franka::CartesianVelocities(const franka::RobotState&, franka::Duration)>, bool, double)[m[K’
[1.797s]   293 |   void [01;36m[Kcontrol[m[K(std::function<Torques(const RobotState&, franka::Duration)> control_callback,
[1.797s]       |        [01;36m[K^~~~~~~[m[K
[1.797s] [01m[K/usr/local/include/franka/robot.h:293:8:[m[K [01;36m[Knote: [m[K  candidate expects 4 arguments, 1 provided
[1.797s] [01m[K/usr/local/include/franka/robot.h:321:8:[m[K [01;36m[Knote: [m[Kcandidate: ‘[01m[Kvoid franka::Robot::control(std::function<franka::JointPositions(const franka::RobotState&, franka::Duration)>, franka::ControllerMode, bool, double)[m[K’
[1.797s]   321 |   void [01;36m[Kcontrol[m[K(
[1.797s]       |        [01;36m[K^~~~~~~[m[K
[1.797s] [01m[K/usr/local/include/franka/robot.h:322:74:[m[K [01;36m[Knote: [m[K  no known conversion for argument 1 from ‘[01m[Kfranka::ActiveMotionGenerator<franka::JointPositions>[m[K’ to ‘[01m[Kstd::function<franka::JointPositions(const franka::RobotState&, franka::Duration)>[m[K’
[1.797s]   322 |       [01;36m[Kstd::function<JointPositions(const RobotState&, franka::Duration)> motion_generator_callback[m[K,
[1.797s]       |       [01;36m[K~~~~~~~~~~~~~~~~~~~~~~~~~~~~~~~~~~~~~~~~~~~~~~~~~~~~~~~~~~~~~~~~~~~^~~~~~~~~~~~~~~~~~~~~~~~~[m[K
[1.797s] [01m[K/usr/local/include/franka/robot.h:349:8:[m[K [01;36m[Knote: [m[Kcandidate: ‘[01m[Kvoid franka::Robot::control(std::function<franka::JointVelocities(const franka::RobotState&, franka::Duration)>, franka::ControllerMode, bool, double)[m[K’
[1.797s]   349 |   void [01;36m[Kcontrol[m[K(
[1.797s]       |        [01;36m[K^~~~~~~[m[K
[1.797s] [01m[K/usr/local/include/franka/robot.h:350:75:[m[K [01;36m[Knote: [m[K  no known conversion for argument 1 from ‘[01m[Kfranka::ActiveMotionGenerator<franka::JointPositions>[m[K’ to ‘[01m[Kstd::function<franka::JointVelocities(const franka::RobotState&, franka::Duration)>[m[K’
[1.798s]   350 |       [01;36m[Kstd::function<JointVelocities(const RobotState&, franka::Duration)> motion_generator_callback[m[K,
[1.798s]       |       [01;36m[K~~~~~~~~~~~~~~~~~~~~~~~~~~~~~~~~~~~~~~~~~~~~~~~~~~~~~~~~~~~~~~~~~~~~^~~~~~~~~~~~~~~~~~~~~~~~~[m[K
[1.798s] [01m[K/usr/local/include/franka/robot.h:377:8:[m[K [01;36m[Knote: [m[Kcandidate: ‘[01m[Kvoid franka::Robot::control(std::function<franka::CartesianPose(const franka::RobotState&, franka::Duration)>, franka::ControllerMode, bool, double)[m[K’
[1.798s]   377 |   void [01;36m[Kcontrol[m[K(
[1.798s]       |        [01;36m[K^~~~~~~[m[K
[1.798s] [01m[K/usr/local/include/franka/robot.h:378:73:[m[K [01;36m[Knote: [m[K  no known conversion for argument 1 from ‘[01m[Kfranka::ActiveMotionGenerator<franka::JointPositions>[m[K’ to ‘[01m[Kstd::function<franka::CartesianPose(const franka::RobotState&, franka::Duration)>[m[K’
[1.798s]   378 |       [01;36m[Kstd::function<CartesianPose(const RobotState&, franka::Duration)> motion_generator_callback[m[K,
[1.798s]       |       [01;36m[K~~~~~~~~~~~~~~~~~~~~~~~~~~~~~~~~~~~~~~~~~~~~~~~~~~~~~~~~~~~~~~~~~~^~~~~~~~~~~~~~~~~~~~~~~~~[m[K
[1.798s] [01m[K/usr/local/include/franka/robot.h:405:8:[m[K [01;36m[Knote: [m[Kcandidate: ‘[01m[Kvoid franka::Robot::control(std::function<franka::CartesianVelocities(const franka::RobotState&, franka::Duration)>, franka::ControllerMode, bool, double)[m[K’
[1.798s]   405 |   void [01;36m[Kcontrol[m[K(std::function<CartesianVelocities(const RobotState&, franka::Duration)>
[1.798s]       |        [01;36m[K^~~~~~~[m[K
[1.798s] [01m[K/usr/local/include/franka/robot.h:406:20:[m[K [01;36m[Knote: [m[K  no known conversion for argument 1 from ‘[01m[Kfranka::ActiveMotionGenerator<franka::JointPositions>[m[K’ to ‘[01m[Kstd::function<franka::CartesianVelocities(const franka::RobotState&, franka::Duration)>[m[K’
[1.798s]   405 |   void control([01;36m[Kstd::function<CartesianVelocities(const RobotState&, franka::Duration)>[m[K
[1.798s]       |                [01;36m[K~~~~~~~~~~~~~~~~~~~~~~~~~~~~~~~~~~~~~~~~~~~~~~~~~~~~~~~~~~~~~~~~~~~~~~~[m[K
[1.798s]   406 | [01;36m[K                   motion_generator_callback[m[K,
[1.798s]       |                    [01;36m[K^~~~~~~~~~~~~~~~~~~~~~~~~[m[K
[1.883s] gmake[2]: *** [CMakeFiles/franka_zmq_controller_node.dir/build.make:76: CMakeFiles/franka_zmq_controller_node.dir/src/controller_node.cpp.o] Error 1
[1.883s] gmake[1]: *** [CMakeFiles/Makefile2:137: CMakeFiles/franka_zmq_controller_node.dir/all] Error 2
[1.883s] gmake: *** [Makefile:146: all] Error 2
[1.886s] Invoked command in '/home/wrs/factr_ws/build/franka_zmq_controller' returned '2': CMAKE_PREFIX_PATH=${CMAKE_PREFIX_PATH}:/home/wrs/factr_ws/install/python_utils:/home/wrs/factr_ws/install/factr_teleop:/home/wrs/factr_ws/install/cameras:/home/wrs/factr_ws/install/bc:/opt/ros/humble /usr/bin/cmake --build /home/wrs/factr_ws/build/franka_zmq_controller -- -j6 -l6
